#
# There is insufficient memory for the Java Runtime Environment to continue.
# Native memory allocation (malloc) failed to allocate 1923856 bytes for Chunk::new
# Possible reasons:
#   The system is out of physical RAM or swap space
#   The process is running with CompressedOops enabled, and the Java Heap may be blocking the growth of the native heap
# Possible solutions:
#   Reduce memory load on the system
#   Increase physical memory or swap space
#   Check if swap backing store is full
#   Decrease Java heap size (-Xmx/-Xms)
#   Decrease number of Java threads
#   Decrease Java thread stack sizes (-Xss)
#   Set larger code cache with -XX:ReservedCodeCacheSize=
#   JVM is running with Unscaled Compressed Oops mode in which the Java heap is
#     placed in the first 4GB address space. The Java Heap base address is the
#     maximum limit for the native heap growth. Please use -XX:HeapBaseMinAddress
#     to set the Java Heap base and to place the Java Heap above 4GB virtual address.
# This output file may be truncated or incomplete.
#
#  Out of Memory Error (arena.cpp:191), pid=17728, tid=5992
#
# JRE version: OpenJDK Runtime Environment (17.0.10) (build 17.0.10+0--11572160)
# Java VM: OpenJDK 64-Bit Server VM (17.0.10+0--11572160, mixed mode, tiered, compressed oops, compressed class ptrs, g1 gc, windows-amd64)
# No core dump will be written. Minidumps are not enabled by default on client versions of Windows
#

---------------  S U M M A R Y ------------

Command Line: --add-opens=java.base/java.lang=ALL-UNNAMED --add-opens=java.base/java.lang.invoke=ALL-UNNAMED --add-opens=java.base/java.util=ALL-UNNAMED --add-opens=java.prefs/java.util.prefs=ALL-UNNAMED --add-exports=jdk.compiler/com.sun.tools.javac.api=ALL-UNNAMED --add-exports=jdk.compiler/com.sun.tools.javac.util=ALL-UNNAMED --add-opens=java.base/java.util=ALL-UNNAMED --add-opens=java.prefs/java.util.prefs=ALL-UNNAMED --add-opens=java.base/java.nio.charset=ALL-UNNAMED --add-opens=java.base/java.net=ALL-UNNAMED --add-opens=java.base/java.util.concurrent.atomic=ALL-UNNAMED --add-opens=java.xml/javax.xml.namespace=ALL-UNNAMED -Xmx2048m -Dfile.encoding=UTF-8 -Duser.country=US -Duser.language=en -Duser.variant -javaagent:C:\Users\lyvtr\.gradle\wrapper\dists\gradle-8.13-rc-1-bin\adhm0wz4vblkvx5x4y2tseqdw\gradle-8.13-rc-1\lib\agents\gradle-instrumentation-agent-8.13.jar org.gradle.launcher.daemon.bootstrap.GradleDaemon 8.13-rc-1

Host: Intel(R) Core(TM) i3-8145U CPU @ 2.10GHz, 4 cores, 3G,  Windows 11 , 64 bit Build 22621 (10.0.22621.4391)
Time: Mon Feb 17 12:00:19 2025 Eastern Standard Time elapsed time: 12.966690 seconds (0d 0h 0m 12s)

---------------  T H R E A D  ---------------

Current thread (0x000001f69e113440):  JavaThread "C2 CompilerThread0" daemon [_thread_in_native, id=5992, stack(0x000000c759100000,0x000000c759200000)]


Current CompileTask:
C2:  12966 2863       4       java.lang.invoke.MethodType::makeImpl (109 bytes)

Stack: [0x000000c759100000,0x000000c759200000]
Native frames: (J=compiled Java code, j=interpreted, Vv=VM code, C=native code)
V  [jvm.dll+0x688e89]
V  [jvm.dll+0x84247a]
V  [jvm.dll+0x8440be]
V  [jvm.dll+0x844723]
V  [jvm.dll+0x24be0f]
V  [jvm.dll+0xac524]
V  [jvm.dll+0xacb6c]
V  [jvm.dll+0x36bd12]
V  [jvm.dll+0x33615a]
V  [jvm.dll+0x3355fa]
V  [jvm.dll+0x21daa1]
V  [jvm.dll+0x21cec1]
V  [jvm.dll+0x1a60ad]
V  [jvm.dll+0x22cd78]
V  [jvm.dll+0x22aeb0]
V  [jvm.dll+0x7f6917]
V  [jvm.dll+0x7f0d1a]
V  [jvm.dll+0x687d05]
C  [ucrtbase.dll+0x29333]
C  [KERNEL32.DLL+0x1259d]
C  [ntdll.dll+0x5af38]


---------------  P R O C E S S  ---------------

Threads class SMR info:
_java_thread_list=0x000001f6a01c0b80, length=27, elements={
0x000001f6808513f0, 0x000001f699df55b0, 0x000001f699df6820, 0x000001f699e1be60,
0x000001f699e46020, 0x000001f699e471a0, 0x000001f699e47a70, 0x000001f69e113440,
0x000001f69e113e00, 0x000001f69e114eb0, 0x000001f69e29ec20, 0x000001f69e340ca0,
0x000001f69f266190, 0x000001f69f2f1030, 0x000001f69fcb6670, 0x000001f69edc26b0,
0x000001f69ed791c0, 0x000001f69f04c550, 0x000001f69f04c040, 0x000001f69f04ac00,
0x000001f69f04d480, 0x000001f69f04ca60, 0x000001f69f04e3b0, 0x000001f69f04d990,
0x000001f69f04cf70, 0x000001f69f04b620, 0x000001f69f04bb30
}

Java Threads: ( => current thread )
  0x000001f6808513f0 JavaThread "main" [_thread_blocked, id=7780, stack(0x000000c758400000,0x000000c758500000)]
  0x000001f699df55b0 JavaThread "Reference Handler" daemon [_thread_blocked, id=12256, stack(0x000000c758b00000,0x000000c758c00000)]
  0x000001f699df6820 JavaThread "Finalizer" daemon [_thread_blocked, id=2188, stack(0x000000c758c00000,0x000000c758d00000)]
  0x000001f699e1be60 JavaThread "Signal Dispatcher" daemon [_thread_blocked, id=9928, stack(0x000000c758d00000,0x000000c758e00000)]
  0x000001f699e46020 JavaThread "Attach Listener" daemon [_thread_blocked, id=12304, stack(0x000000c758e00000,0x000000c758f00000)]
  0x000001f699e471a0 JavaThread "Service Thread" daemon [_thread_blocked, id=652, stack(0x000000c758f00000,0x000000c759000000)]
  0x000001f699e47a70 JavaThread "Monitor Deflation Thread" daemon [_thread_blocked, id=10948, stack(0x000000c759000000,0x000000c759100000)]
=>0x000001f69e113440 JavaThread "C2 CompilerThread0" daemon [_thread_in_native, id=5992, stack(0x000000c759100000,0x000000c759200000)]
  0x000001f69e113e00 JavaThread "C1 CompilerThread0" daemon [_thread_blocked, id=15004, stack(0x000000c759200000,0x000000c759300000)]
  0x000001f69e114eb0 JavaThread "Sweeper thread" daemon [_thread_blocked, id=17296, stack(0x000000c759300000,0x000000c759400000)]
  0x000001f69e29ec20 JavaThread "Common-Cleaner" daemon [_thread_blocked, id=9404, stack(0x000000c759400000,0x000000c759500000)]
  0x000001f69e340ca0 JavaThread "Notification Thread" daemon [_thread_blocked, id=9092, stack(0x000000c759500000,0x000000c759600000)]
  0x000001f69f266190 JavaThread "Daemon health stats" [_thread_blocked, id=18888, stack(0x000000c759b00000,0x000000c759c00000)]
  0x000001f69f2f1030 JavaThread "Incoming local TCP Connector on port 59397" [_thread_in_native, id=10056, stack(0x000000c759c00000,0x000000c759d00000)]
  0x000001f69fcb6670 JavaThread "Daemon periodic checks" [_thread_blocked, id=14220, stack(0x000000c759d00000,0x000000c759e00000)]
  0x000001f69edc26b0 JavaThread "Daemon" [_thread_blocked, id=12104, stack(0x000000c759e00000,0x000000c759f00000)]
  0x000001f69ed791c0 JavaThread "Handler for socket connection from /127.0.0.1:59397 to /127.0.0.1:59398" [_thread_in_native, id=9204, stack(0x000000c759f00000,0x000000c75a000000)]
  0x000001f69f04c550 JavaThread "Cancel handler" [_thread_blocked, id=3196, stack(0x000000c75a000000,0x000000c75a100000)]
  0x000001f69f04c040 JavaThread "Daemon worker" [_thread_in_Java, id=8452, stack(0x000000c75a100000,0x000000c75a200000)]
  0x000001f69f04ac00 JavaThread "Asynchronous log dispatcher for DefaultDaemonConnection: socket connection from /127.0.0.1:59397 to /127.0.0.1:59398" [_thread_blocked, id=16816, stack(0x000000c75a200000,0x000000c75a300000)]
  0x000001f69f04d480 JavaThread "Stdin handler" [_thread_blocked, id=12596, stack(0x000000c75a300000,0x000000c75a400000)]
  0x000001f69f04ca60 JavaThread "Daemon client event forwarder" [_thread_blocked, id=6672, stack(0x000000c75a400000,0x000000c75a500000)]
  0x000001f69f04e3b0 JavaThread "Cache worker for journal cache (C:\Users\lyvtr\.gradle\caches\journal-1)" [_thread_blocked, id=10076, stack(0x000000c75a500000,0x000000c75a600000)]
  0x000001f69f04d990 JavaThread "File lock request listener" [_thread_in_native, id=7580, stack(0x000000c75a600000,0x000000c75a700000)]
  0x000001f69f04cf70 JavaThread "Cache worker for file hash cache (C:\Users\lyvtr\.gradle\caches\8.13-rc-1\fileHashes)" [_thread_blocked, id=16988, stack(0x000000c75a700000,0x000000c75a800000)]
  0x000001f69f04b620 JavaThread "Cache worker for file hash cache (D:\code shit\personal\SeniorProject\.gradle\8.13-rc-1\fileHashes)" [_thread_blocked, id=2740, stack(0x000000c75a800000,0x000000c75a900000)]
  0x000001f69f04bb30 JavaThread "Cache worker for Build Output Cleanup Cache (D:\code shit\personal\SeniorProject\.gradle\buildOutputCleanup)" [_thread_blocked, id=18336, stack(0x000000c75a900000,0x000000c75aa00000)]

Other Threads:
  0x000001f699dace00 VMThread "VM Thread" [stack: 0x000000c758a00000,0x000000c758b00000] [id=3772]
  0x000001f69e38dbc0 WatcherThread [stack: 0x000000c759600000,0x000000c759700000] [id=3836]
  0x000001f6808aafe0 GCTaskThread "GC Thread#0" [stack: 0x000000c758500000,0x000000c758600000] [id=18556]
  0x000001f69e3d2040 GCTaskThread "GC Thread#1" [stack: 0x000000c759700000,0x000000c759800000] [id=15600]
  0x000001f69e4996a0 GCTaskThread "GC Thread#2" [stack: 0x000000c759800000,0x000000c759900000] [id=11400]
  0x000001f69ee51610 GCTaskThread "GC Thread#3" [stack: 0x000000c759900000,0x000000c759a00000] [id=4848]
  0x000001f6808bc480 ConcurrentGCThread "G1 Main Marker" [stack: 0x000000c758600000,0x000000c758700000] [id=4204]
  0x000001f6808bcc50 ConcurrentGCThread "G1 Conc#0" [stack: 0x000000c758700000,0x000000c758800000] [id=18612]
  0x000001f699c60090 ConcurrentGCThread "G1 Refine#0" [stack: 0x000000c758800000,0x000000c758900000] [id=11300]
  0x000001f69eff7fb0 ConcurrentGCThread "G1 Refine#1" [stack: 0x000000c759a00000,0x000000c759b00000] [id=16244]
  0x000001f699c60870 ConcurrentGCThread "G1 Service" [stack: 0x000000c758900000,0x000000c758a00000] [id=2636]

Threads with active compile tasks:
C2 CompilerThread0    13054 2863       4       java.lang.invoke.MethodType::makeImpl (109 bytes)

VM state: not at safepoint (normal execution)

VM Mutex/Monitor currently owned by a thread: None

Heap address: 0x0000000080000000, size: 2048 MB, Compressed Oops mode: 32-bit

CDS archive(s) not mapped
Compressed class space mapped at: 0x0000000100000000-0x0000000140000000, reserved size: 1073741824
Narrow klass base: 0x0000000000000000, Narrow klass shift: 3, Narrow klass range: 0x140000000

GC Precious Log:
 CPUs: 4 total, 4 available
 Memory: 3953M
 Large Page Support: Disabled
 NUMA Support: Disabled
 Compressed Oops: Enabled (32-bit)
 Heap Region Size: 1M
 Heap Min Capacity: 8M
 Heap Initial Capacity: 62M
 Heap Max Capacity: 2G
 Pre-touch: Disabled
 Parallel Workers: 4
 Concurrent Workers: 1
 Concurrent Refinement Workers: 4
 Periodic GC: Disabled

Heap:
 garbage-first heap   total 63488K, used 47120K [0x0000000080000000, 0x0000000100000000)
  region size 1024K, 29 young (29696K), 4 survivors (4096K)
 Metaspace       used 31913K, committed 32256K, reserved 1114112K
  class space    used 4310K, committed 4480K, reserved 1048576K

Heap Regions: E=young(eden), S=young(survivor), O=old, HS=humongous(starts), HC=humongous(continues), CS=collection set, F=free, OA=open archive, CA=closed archive, TAMS=top-at-mark-start (previous, next)
|   0|0x0000000080000000, 0x0000000080100000, 0x0000000080100000|100%|HS|  |TAMS 0x0000000080100000, 0x0000000080000000| Complete 
|   1|0x0000000080100000, 0x0000000080200000, 0x0000000080200000|100%|HC|  |TAMS 0x0000000080200000, 0x0000000080100000| Complete 
|   2|0x0000000080200000, 0x0000000080300000, 0x0000000080300000|100%|HC|  |TAMS 0x0000000080300000, 0x0000000080200000| Complete 
|   3|0x0000000080300000, 0x0000000080400000, 0x0000000080400000|100%| O|  |TAMS 0x0000000080400000, 0x0000000080300000| Untracked 
|   4|0x0000000080400000, 0x0000000080500000, 0x0000000080500000|100%| O|  |TAMS 0x0000000080500000, 0x0000000080400000| Untracked 
|   5|0x0000000080500000, 0x0000000080600000, 0x0000000080600000|100%| O|  |TAMS 0x0000000080600000, 0x0000000080500000| Untracked 
|   6|0x0000000080600000, 0x0000000080700000, 0x0000000080700000|100%| O|  |TAMS 0x0000000080700000, 0x0000000080600000| Untracked 
|   7|0x0000000080700000, 0x0000000080800000, 0x0000000080800000|100%|HS|  |TAMS 0x0000000080800000, 0x0000000080700000| Complete 
|   8|0x0000000080800000, 0x0000000080900000, 0x0000000080900000|100%| O|  |TAMS 0x0000000080900000, 0x0000000080800000| Untracked 
|   9|0x0000000080900000, 0x0000000080a00000, 0x0000000080a00000|100%| O|  |TAMS 0x0000000080a00000, 0x0000000080900000| Untracked 
|  10|0x0000000080a00000, 0x0000000080b00000, 0x0000000080b00000|100%| O|  |TAMS 0x0000000080b00000, 0x0000000080a00000| Untracked 
|  11|0x0000000080b00000, 0x0000000080c00000, 0x0000000080c00000|100%| O|  |TAMS 0x0000000080c00000, 0x0000000080b00000| Untracked 
|  12|0x0000000080c00000, 0x0000000080d00000, 0x0000000080d00000|100%| O|  |TAMS 0x0000000080d00000, 0x0000000080c00000| Untracked 
|  13|0x0000000080d00000, 0x0000000080e00000, 0x0000000080e00000|100%| O|  |TAMS 0x0000000080e00000, 0x0000000080d00000| Untracked 
|  14|0x0000000080e00000, 0x0000000080f00000, 0x0000000080f00000|100%| O|  |TAMS 0x0000000080f00000, 0x0000000080e00000| Untracked 
|  15|0x0000000080f00000, 0x0000000081000000, 0x0000000081000000|100%| O|  |TAMS 0x0000000080f56e00, 0x0000000080f00000| Untracked 
|  16|0x0000000081000000, 0x0000000081100000, 0x0000000081100000|100%| O|  |TAMS 0x0000000081000000, 0x0000000081000000| Untracked 
|  17|0x0000000081100000, 0x0000000081200000, 0x0000000081200000|100%| O|  |TAMS 0x0000000081100000, 0x0000000081100000| Untracked 
|  18|0x0000000081200000, 0x00000000812aea00, 0x0000000081300000| 68%| O|  |TAMS 0x0000000081200000, 0x0000000081200000| Untracked 
|  19|0x0000000081300000, 0x0000000081300000, 0x0000000081400000|  0%| F|  |TAMS 0x0000000081300000, 0x0000000081300000| Untracked 
|  20|0x0000000081400000, 0x0000000081400000, 0x0000000081500000|  0%| F|  |TAMS 0x0000000081400000, 0x0000000081400000| Untracked 
|  21|0x0000000081500000, 0x0000000081500000, 0x0000000081600000|  0%| F|  |TAMS 0x0000000081500000, 0x0000000081500000| Untracked 
|  22|0x0000000081600000, 0x0000000081600000, 0x0000000081700000|  0%| F|  |TAMS 0x0000000081600000, 0x0000000081600000| Untracked 
|  23|0x0000000081700000, 0x0000000081700000, 0x0000000081800000|  0%| F|  |TAMS 0x0000000081700000, 0x0000000081700000| Untracked 
|  24|0x0000000081800000, 0x0000000081800000, 0x0000000081900000|  0%| F|  |TAMS 0x0000000081800000, 0x0000000081800000| Untracked 
|  25|0x0000000081900000, 0x0000000081900000, 0x0000000081a00000|  0%| F|  |TAMS 0x0000000081900000, 0x0000000081900000| Untracked 
|  26|0x0000000081a00000, 0x0000000081a00000, 0x0000000081b00000|  0%| F|  |TAMS 0x0000000081a00000, 0x0000000081a00000| Untracked 
|  27|0x0000000081b00000, 0x0000000081b00000, 0x0000000081c00000|  0%| F|  |TAMS 0x0000000081b00000, 0x0000000081b00000| Untracked 
|  28|0x0000000081c00000, 0x0000000081c00000, 0x0000000081d00000|  0%| F|  |TAMS 0x0000000081c00000, 0x0000000081c00000| Untracked 
|  29|0x0000000081d00000, 0x0000000081d556e0, 0x0000000081e00000| 33%| S|CS|TAMS 0x0000000081d00000, 0x0000000081d00000| Complete 
|  30|0x0000000081e00000, 0x0000000081f00000, 0x0000000081f00000|100%| S|CS|TAMS 0x0000000081e00000, 0x0000000081e00000| Complete 
|  31|0x0000000081f00000, 0x0000000082000000, 0x0000000082000000|100%| S|CS|TAMS 0x0000000081f00000, 0x0000000081f00000| Complete 
|  32|0x0000000082000000, 0x0000000082000000, 0x0000000082100000|  0%| F|  |TAMS 0x0000000082000000, 0x0000000082000000| Untracked 
|  33|0x0000000082100000, 0x0000000082100000, 0x0000000082200000|  0%| F|  |TAMS 0x0000000082100000, 0x0000000082100000| Untracked 
|  34|0x0000000082200000, 0x0000000082300000, 0x0000000082300000|100%| S|CS|TAMS 0x0000000082200000, 0x0000000082200000| Complete 
|  35|0x0000000082300000, 0x0000000082300000, 0x0000000082400000|  0%| F|  |TAMS 0x0000000082300000, 0x0000000082300000| Untracked 
|  36|0x0000000082400000, 0x0000000082400000, 0x0000000082500000|  0%| F|  |TAMS 0x0000000082400000, 0x0000000082400000| Untracked 
|  37|0x0000000082500000, 0x0000000082569ec0, 0x0000000082600000| 41%| E|  |TAMS 0x0000000082500000, 0x0000000082500000| Complete 
|  38|0x0000000082600000, 0x0000000082700000, 0x0000000082700000|100%| E|CS|TAMS 0x0000000082600000, 0x0000000082600000| Complete 
|  39|0x0000000082700000, 0x0000000082800000, 0x0000000082800000|100%| E|CS|TAMS 0x0000000082700000, 0x0000000082700000| Complete 
|  40|0x0000000082800000, 0x0000000082900000, 0x0000000082900000|100%| E|CS|TAMS 0x0000000082800000, 0x0000000082800000| Complete 
|  41|0x0000000082900000, 0x0000000082a00000, 0x0000000082a00000|100%| E|CS|TAMS 0x0000000082900000, 0x0000000082900000| Complete 
|  42|0x0000000082a00000, 0x0000000082b00000, 0x0000000082b00000|100%| E|CS|TAMS 0x0000000082a00000, 0x0000000082a00000| Complete 
|  43|0x0000000082b00000, 0x0000000082c00000, 0x0000000082c00000|100%| E|CS|TAMS 0x0000000082b00000, 0x0000000082b00000| Complete 
|  44|0x0000000082c00000, 0x0000000082d00000, 0x0000000082d00000|100%| E|CS|TAMS 0x0000000082c00000, 0x0000000082c00000| Complete 
|  45|0x0000000082d00000, 0x0000000082e00000, 0x0000000082e00000|100%| E|CS|TAMS 0x0000000082d00000, 0x0000000082d00000| Complete 
|  46|0x0000000082e00000, 0x0000000082f00000, 0x0000000082f00000|100%| E|CS|TAMS 0x0000000082e00000, 0x0000000082e00000| Complete 
|  47|0x0000000082f00000, 0x0000000083000000, 0x0000000083000000|100%| E|CS|TAMS 0x0000000082f00000, 0x0000000082f00000| Complete 
|  48|0x0000000083000000, 0x0000000083100000, 0x0000000083100000|100%| E|CS|TAMS 0x0000000083000000, 0x0000000083000000| Complete 
|  49|0x0000000083100000, 0x0000000083200000, 0x0000000083200000|100%| E|CS|TAMS 0x0000000083100000, 0x0000000083100000| Complete 
|  50|0x0000000083200000, 0x0000000083300000, 0x0000000083300000|100%| E|CS|TAMS 0x0000000083200000, 0x0000000083200000| Complete 
|  51|0x0000000083300000, 0x0000000083400000, 0x0000000083400000|100%| E|CS|TAMS 0x0000000083300000, 0x0000000083300000| Complete 
|  52|0x0000000083400000, 0x0000000083500000, 0x0000000083500000|100%| E|CS|TAMS 0x0000000083400000, 0x0000000083400000| Complete 
|  53|0x0000000083500000, 0x0000000083600000, 0x0000000083600000|100%| E|CS|TAMS 0x0000000083500000, 0x0000000083500000| Complete 
|  54|0x0000000083600000, 0x0000000083700000, 0x0000000083700000|100%| E|CS|TAMS 0x0000000083600000, 0x0000000083600000| Complete 
|  55|0x0000000083700000, 0x0000000083800000, 0x0000000083800000|100%| E|CS|TAMS 0x0000000083700000, 0x0000000083700000| Complete 
|  56|0x0000000083800000, 0x0000000083900000, 0x0000000083900000|100%| E|CS|TAMS 0x0000000083800000, 0x0000000083800000| Complete 
|  57|0x0000000083900000, 0x0000000083a00000, 0x0000000083a00000|100%| E|CS|TAMS 0x0000000083900000, 0x0000000083900000| Complete 
|  58|0x0000000083a00000, 0x0000000083b00000, 0x0000000083b00000|100%| E|CS|TAMS 0x0000000083a00000, 0x0000000083a00000| Complete 
|  59|0x0000000083b00000, 0x0000000083c00000, 0x0000000083c00000|100%| E|CS|TAMS 0x0000000083b00000, 0x0000000083b00000| Complete 
|  60|0x0000000083c00000, 0x0000000083d00000, 0x0000000083d00000|100%| E|CS|TAMS 0x0000000083c00000, 0x0000000083c00000| Complete 
|  61|0x0000000083d00000, 0x0000000083e00000, 0x0000000083e00000|100%| E|CS|TAMS 0x0000000083d00000, 0x0000000083d00000| Complete 

Card table byte_map: [0x000001f693120000,0x000001f693520000] _byte_map_base: 0x000001f692d20000

Marking Bits (Prev, Next): (CMBitMap*) 0x000001f6808ab3f0, (CMBitMap*) 0x000001f6808ab3b0
 Prev Bits: [0x000001f695920000, 0x000001f697920000)
 Next Bits: [0x000001f693920000, 0x000001f695920000)

Polling page: 0x000001f680000000

Metaspace:

Usage:
  Non-class:     26.96 MB used.
      Class:      4.21 MB used.
       Both:     31.17 MB used.

Virtual space:
  Non-class space:       64.00 MB reserved,      27.12 MB ( 42%) committed,  1 nodes.
      Class space:        1.00 GB reserved,       4.38 MB ( <1%) committed,  1 nodes.
             Both:        1.06 GB reserved,      31.50 MB (  3%) committed. 

Chunk freelists:
   Non-Class:  4.91 MB
       Class:  11.56 MB
        Both:  16.47 MB

MaxMetaspaceSize: unlimited
CompressedClassSpaceSize: 1.00 GB
Initial GC threshold: 21.00 MB
Current GC threshold: 35.25 MB
CDS: off
MetaspaceReclaimPolicy: balanced
 - commit_granule_bytes: 65536.
 - commit_granule_words: 8192.
 - virtual_space_node_default_size: 8388608.
 - enlarge_chunks_in_place: 1.
 - new_chunks_are_fully_committed: 0.
 - uncommit_free_chunks: 1.
 - use_allocation_guard: 0.
 - handle_deallocations: 1.


Internal statistics:

num_allocs_failed_limit: 3.
num_arena_births: 332.
num_arena_deaths: 0.
num_vsnodes_births: 2.
num_vsnodes_deaths: 0.
num_space_committed: 504.
num_space_uncommitted: 0.
num_chunks_returned_to_freelist: 3.
num_chunks_taken_from_freelist: 1217.
num_chunk_merges: 0.
num_chunk_splits: 781.
num_chunks_enlarged: 529.
num_inconsistent_stats: 0.

CodeHeap 'non-profiled nmethods': size=120000Kb used=1482Kb max_used=1482Kb free=118517Kb
 bounds [0x000001f68b7f0000, 0x000001f68ba60000, 0x000001f692d20000]
CodeHeap 'profiled nmethods': size=120000Kb used=5870Kb max_used=5870Kb free=114130Kb
 bounds [0x000001f683d20000, 0x000001f6842e0000, 0x000001f68b250000]
CodeHeap 'non-nmethods': size=5760Kb used=1239Kb max_used=1313Kb free=4520Kb
 bounds [0x000001f68b250000, 0x000001f68b4c0000, 0x000001f68b7f0000]
 total_blobs=3420 nmethods=2873 adapters=459
 compilation: enabled
              stopped_count=0, restarted_count=0
 full_count=0

Compilation events (20 events):
Event: 12.617 Thread 0x000001f69e113440 nmethod 2859 0x000001f68b95de10 code [0x000001f68b95e060, 0x000001f68b95ff60]
Event: 12.618 Thread 0x000001f69e113440 2872       4       jdk.internal.org.objectweb.asm.SymbolTable::addType (81 bytes)
Event: 12.685 Thread 0x000001f69e113440 nmethod 2872 0x000001f68b960c90 code [0x000001f68b960e60, 0x000001f68b962388]
Event: 12.685 Thread 0x000001f69e113440 2863       4       java.lang.invoke.MethodType::makeImpl (109 bytes)
Event: 12.696 Thread 0x000001f69e113e00 2874       3       jdk.internal.org.objectweb.asm.Frame::execute (2305 bytes)
Event: 12.704 Thread 0x000001f69e113e00 nmethod 2874 0x000001f6842cd410 code [0x000001f6842ce340, 0x000001f6842d4d78]
Event: 12.705 Thread 0x000001f69e113e00 2876       3       java.lang.reflect.ProxyGenerator::typeNames (61 bytes)
Event: 12.705 Thread 0x000001f69e113e00 nmethod 2876 0x000001f6842d6990 code [0x000001f6842d6bc0, 0x000001f6842d74e8]
Event: 12.778 Thread 0x000001f69e113e00 2878       3       java.lang.reflect.Method::acquireMethodAccessor (44 bytes)
Event: 12.779 Thread 0x000001f69e113e00 nmethod 2878 0x000001f6842d7790 code [0x000001f6842d7980, 0x000001f6842d7e78]
Event: 12.893 Thread 0x000001f69e113e00 2880       3       java.util.concurrent.TimeUnit::toNanos (45 bytes)
Event: 12.893 Thread 0x000001f69e113e00 nmethod 2880 0x000001f6842d8010 code [0x000001f6842d81c0, 0x000001f6842d8438]
Event: 12.923 Thread 0x000001f69e113e00 2881       3       java.lang.invoke.MethodHandles$Lookup::resolveOrFail (48 bytes)
Event: 12.924 Thread 0x000001f69e113e00 nmethod 2881 0x000001f6842d8510 code [0x000001f6842d8740, 0x000001f6842d8dc8]
Event: 12.924 Thread 0x000001f69e113e00 2882       3       java.lang.invoke.MethodHandles$Lookup::checkMethodName (45 bytes)
Event: 12.925 Thread 0x000001f69e113e00 nmethod 2882 0x000001f6842d9090 code [0x000001f6842d92e0, 0x000001f6842d9a08]
Event: 12.940 Thread 0x000001f69e113e00 2883       3       sun.nio.fs.WindowsPath::isEmpty (8 bytes)
Event: 12.941 Thread 0x000001f69e113e00 nmethod 2883 0x000001f6842d9d10 code [0x000001f6842d9ec0, 0x000001f6842da098]
Event: 12.950 Thread 0x000001f69e113e00 2884       3       jdk.internal.misc.VM::initLevel (4 bytes)
Event: 12.951 Thread 0x000001f69e113e00 nmethod 2884 0x000001f6842da190 code [0x000001f6842da320, 0x000001f6842da418]

GC Heap History (16 events):
Event: 1.408 GC heap before
{Heap before GC invocations=0 (full 0):
 garbage-first heap   total 63488K, used 13312K [0x0000000080000000, 0x0000000100000000)
  region size 1024K, 13 young (13312K), 0 survivors (0K)
 Metaspace       used 7011K, committed 7168K, reserved 1114112K
  class space    used 617K, committed 704K, reserved 1048576K
}
Event: 1.417 GC heap after
{Heap after GC invocations=1 (full 0):
 garbage-first heap   total 63488K, used 1216K [0x0000000080000000, 0x0000000100000000)
  region size 1024K, 2 young (2048K), 2 survivors (2048K)
 Metaspace       used 7011K, committed 7168K, reserved 1114112K
  class space    used 617K, committed 704K, reserved 1048576K
}
Event: 3.175 GC heap before
{Heap before GC invocations=1 (full 0):
 garbage-first heap   total 63488K, used 22720K [0x0000000080000000, 0x0000000100000000)
  region size 1024K, 21 young (21504K), 2 survivors (2048K)
 Metaspace       used 9070K, committed 9280K, reserved 1114112K
  class space    used 842K, committed 960K, reserved 1048576K
}
Event: 3.188 GC heap after
{Heap after GC invocations=2 (full 0):
 garbage-first heap   total 63488K, used 9804K [0x0000000080000000, 0x0000000100000000)
  region size 1024K, 3 young (3072K), 3 survivors (3072K)
 Metaspace       used 9070K, committed 9280K, reserved 1114112K
  class space    used 842K, committed 960K, reserved 1048576K
}
Event: 5.390 GC heap before
{Heap before GC invocations=2 (full 0):
 garbage-first heap   total 63488K, used 44620K [0x0000000080000000, 0x0000000100000000)
  region size 1024K, 37 young (37888K), 3 survivors (3072K)
 Metaspace       used 11923K, committed 12096K, reserved 1114112K
  class space    used 1259K, committed 1344K, reserved 1048576K
}
Event: 5.402 GC heap after
{Heap after GC invocations=3 (full 0):
 garbage-first heap   total 63488K, used 11560K [0x0000000080000000, 0x0000000100000000)
  region size 1024K, 5 young (5120K), 5 survivors (5120K)
 Metaspace       used 11923K, committed 12096K, reserved 1114112K
  class space    used 1259K, committed 1344K, reserved 1048576K
}
Event: 6.674 GC heap before
{Heap before GC invocations=3 (full 0):
 garbage-first heap   total 63488K, used 46376K [0x0000000080000000, 0x0000000100000000)
  region size 1024K, 37 young (37888K), 5 survivors (5120K)
 Metaspace       used 11978K, committed 12096K, reserved 1114112K
  class space    used 1259K, committed 1344K, reserved 1048576K
}
Event: 6.685 GC heap after
{Heap after GC invocations=4 (full 0):
 garbage-first heap   total 63488K, used 15877K [0x0000000080000000, 0x0000000100000000)
  region size 1024K, 5 young (5120K), 5 survivors (5120K)
 Metaspace       used 11978K, committed 12096K, reserved 1114112K
  class space    used 1259K, committed 1344K, reserved 1048576K
}
Event: 9.154 GC heap before
{Heap before GC invocations=4 (full 0):
 garbage-first heap   total 63488K, used 45573K [0x0000000080000000, 0x0000000100000000)
  region size 1024K, 34 young (34816K), 5 survivors (5120K)
 Metaspace       used 19774K, committed 19968K, reserved 1114112K
  class space    used 2314K, committed 2432K, reserved 1048576K
}
Event: 9.164 GC heap after
{Heap after GC invocations=5 (full 0):
 garbage-first heap   total 63488K, used 19475K [0x0000000080000000, 0x0000000100000000)
  region size 1024K, 4 young (4096K), 4 survivors (4096K)
 Metaspace       used 19774K, committed 19968K, reserved 1114112K
  class space    used 2314K, committed 2432K, reserved 1048576K
}
Event: 9.465 GC heap before
{Heap before GC invocations=5 (full 0):
 garbage-first heap   total 63488K, used 26643K [0x0000000080000000, 0x0000000100000000)
  region size 1024K, 12 young (12288K), 4 survivors (4096K)
 Metaspace       used 21270K, committed 21504K, reserved 1114112K
  class space    used 2530K, committed 2688K, reserved 1048576K
}
Event: 9.474 GC heap after
{Heap after GC invocations=6 (full 0):
 garbage-first heap   total 63488K, used 19963K [0x0000000080000000, 0x0000000100000000)
  region size 1024K, 1 young (1024K), 1 survivors (1024K)
 Metaspace       used 21270K, committed 21504K, reserved 1114112K
  class space    used 2530K, committed 2688K, reserved 1048576K
}
Event: 10.536 GC heap before
{Heap before GC invocations=7 (full 0):
 garbage-first heap   total 63488K, used 47611K [0x0000000080000000, 0x0000000100000000)
  region size 1024K, 28 young (28672K), 1 survivors (1024K)
 Metaspace       used 25649K, committed 25920K, reserved 1114112K
  class space    used 3228K, committed 3328K, reserved 1048576K
}
Event: 10.542 GC heap after
{Heap after GC invocations=8 (full 0):
 garbage-first heap   total 63488K, used 20823K [0x0000000080000000, 0x0000000100000000)
  region size 1024K, 2 young (2048K), 2 survivors (2048K)
 Metaspace       used 25649K, committed 25920K, reserved 1114112K
  class space    used 3228K, committed 3328K, reserved 1048576K
}
Event: 11.680 GC heap before
{Heap before GC invocations=8 (full 0):
 garbage-first heap   total 63488K, used 48471K [0x0000000080000000, 0x0000000100000000)
  region size 1024K, 29 young (29696K), 2 survivors (2048K)
 Metaspace       used 28869K, committed 29184K, reserved 1114112K
  class space    used 3819K, committed 3968K, reserved 1048576K
}
Event: 11.687 GC heap after
{Heap after GC invocations=9 (full 0):
 garbage-first heap   total 63488K, used 22544K [0x0000000080000000, 0x0000000100000000)
  region size 1024K, 4 young (4096K), 4 survivors (4096K)
 Metaspace       used 28869K, committed 29184K, reserved 1114112K
  class space    used 3819K, committed 3968K, reserved 1048576K
}

Dll operation events (3 events):
Event: 0.036 Loaded shared library C:\Program Files\Android\Android Studio\jbr\bin\java.dll
Event: 0.368 Loaded shared library C:\Program Files\Android\Android Studio\jbr\bin\zip.dll
Event: 2.838 Loaded shared library C:\Program Files\Android\Android Studio\jbr\bin\verify.dll

Deoptimization events (20 events):
Event: 10.210 Thread 0x000001f69f04c040 DEOPT PACKING pc=0x000001f68b882660 sp=0x000000c75a1fade0
Event: 10.210 Thread 0x000001f69f04c040 DEOPT UNPACKING pc=0x000001f68b2a69a3 sp=0x000000c75a1fadb0 mode 2
Event: 10.346 Thread 0x000001f69f04c040 Uncommon trap: trap_request=0xffffff45 fr.pc=0x000001f68b81b304 relative=0x00000000000000e4
Event: 10.346 Thread 0x000001f69f04c040 Uncommon trap: reason=unstable_if action=reinterpret pc=0x000001f68b81b304 method=java.util.HashMap.hash(Ljava/lang/Object;)I @ 1 c2
Event: 10.346 Thread 0x000001f69f04c040 DEOPT PACKING pc=0x000001f68b81b304 sp=0x000000c75a1fbe00
Event: 10.346 Thread 0x000001f69f04c040 DEOPT UNPACKING pc=0x000001f68b2a69a3 sp=0x000000c75a1fbd40 mode 2
Event: 11.953 Thread 0x000001f69f04c040 DEOPT PACKING pc=0x000001f684152b43 sp=0x000000c75a1f9a30
Event: 11.953 Thread 0x000001f69f04c040 DEOPT UNPACKING pc=0x000001f68b2a7143 sp=0x000000c75a1f8f50 mode 0
Event: 12.018 Thread 0x000001f69f04c040 Uncommon trap: trap_request=0xffffff6e fr.pc=0x000001f68b8b490c relative=0x00000000000003ec
Event: 12.018 Thread 0x000001f69f04c040 Uncommon trap: reason=loop_limit_check action=maybe_recompile pc=0x000001f68b8b490c method=java.lang.StringLatin1.indexOf([BI[BII)I @ 37 c2
Event: 12.018 Thread 0x000001f69f04c040 DEOPT PACKING pc=0x000001f68b8b490c sp=0x000000c75a1f8d30
Event: 12.018 Thread 0x000001f69f04c040 DEOPT UNPACKING pc=0x000001f68b2a69a3 sp=0x000000c75a1f8c90 mode 2
Event: 12.147 Thread 0x000001f69f04c040 Uncommon trap: trap_request=0xffffffde fr.pc=0x000001f68b801328 relative=0x00000000000001a8
Event: 12.147 Thread 0x000001f69f04c040 Uncommon trap: reason=class_check action=maybe_recompile pc=0x000001f68b801328 method=java.lang.String.equals(Ljava/lang/Object;)Z @ 8 c2
Event: 12.147 Thread 0x000001f69f04c040 DEOPT PACKING pc=0x000001f68b801328 sp=0x000000c75a1f8fa0
Event: 12.147 Thread 0x000001f69f04c040 DEOPT UNPACKING pc=0x000001f68b2a69a3 sp=0x000000c75a1f8f48 mode 2
Event: 12.230 Thread 0x000001f69f04c040 Uncommon trap: trap_request=0xffffff45 fr.pc=0x000001f68b9203e8 relative=0x0000000000007588
Event: 12.230 Thread 0x000001f69f04c040 Uncommon trap: reason=unstable_if action=reinterpret pc=0x000001f68b9203e8 method=jdk.internal.org.objectweb.asm.Frame.execute(IILjdk/internal/org/objectweb/asm/Symbol;Ljdk/internal/org/objectweb/asm/SymbolTable;)V @ 1 c2
Event: 12.230 Thread 0x000001f69f04c040 DEOPT PACKING pc=0x000001f68b9203e8 sp=0x000000c75a1f9860
Event: 12.230 Thread 0x000001f69f04c040 DEOPT UNPACKING pc=0x000001f68b2a69a3 sp=0x000000c75a1f9818 mode 2

Classes unloaded (0 events):
No events

Classes redefined (0 events):
No events

Internal exceptions (20 events):
Event: 12.211 Thread 0x000001f69f04c040 Exception <a 'java/lang/NoSuchMethodError'{0x00000000832cd390}: 'java.lang.Object java.lang.invoke.DelegatingMethodHandle$Holder.reinvoke_L(java.lang.Object, java.lang.Object, java.lang.Object, java.lang.Object, java.lang.Object, java.lang.Object, java.lang.Object, java.lang.Object, java.lang.Object, java.lang.Object, java.lang.Object, java.lang.Object, java.lang.Object, java.lang.Object, java.lang.Object, java.lang.Object, java.lang.Object, java.lang.Object, java.lang.Object, java.lang.Object, java.lang.O
Event: 12.212 Thread 0x000001f69f04c040 Exception <a 'java/lang/NoSuchMethodError'{0x00000000832d9468}: 'java.lang.Object java.lang.invoke.DirectMethodHandle$Holder.invokeSpecial(java.lang.Object, java.lang.Object, java.lang.Object, java.lang.Object, java.lang.Object, java.lang.Object, java.lang.Object, java.lang.Object, java.lang.Object, java.lang.Object, java.lang.Object, java.lang.Object, java.lang.Object, java.lang.Object, java.lang.Object, java.lang.Object, java.lang.Object, java.lang.Object, java.lang.Object, java.lang.Object, java.lang.Ob
Event: 12.213 Thread 0x000001f69f04c040 Exception <a 'java/lang/NoSuchMethodError'{0x00000000832df0f0}: 'java.lang.Object java.lang.invoke.Invokers$Holder.invoker(java.lang.Object, java.lang.Object, java.lang.Object, java.lang.Object, java.lang.Object, java.lang.Object, java.lang.Object, java.lang.Object, java.lang.Object, java.lang.Object, java.lang.Object, java.lang.Object, java.lang.Object, java.lang.Object, java.lang.Object, java.lang.Object, java.lang.Object, java.lang.Object, java.lang.Object, java.lang.Object, java.lang.Object, java.lang.
Event: 12.214 Thread 0x000001f69f04c040 Exception <a 'java/lang/NoSuchMethodError'{0x00000000832e5ca0}: 'java.lang.Object java.lang.invoke.DelegatingMethodHandle$Holder.delegate(java.lang.Object, java.lang.Object, java.lang.Object, java.lang.Object, java.lang.Object, java.lang.Object, java.lang.Object, java.lang.Object, java.lang.Object, java.lang.Object, java.lang.Object, java.lang.Object, java.lang.Object, java.lang.Object, java.lang.Object, java.lang.Object, java.lang.Object, java.lang.Object, java.lang.Object, java.lang.Object, java.lang.Obj
Event: 12.232 Thread 0x000001f69f04c040 Exception <a 'java/lang/NoSuchMethodError'{0x0000000083172a08}: 'java.lang.Object java.lang.invoke.DirectMethodHandle$Holder.invokeStatic(java.lang.Object, java.lang.Object, java.lang.Object, java.lang.Object, java.lang.Object, java.lang.Object, java.lang.Object, java.lang.Object, java.lang.Object, java.lang.Object, java.lang.Object, java.lang.Object, java.lang.Object, java.lang.Object, java.lang.Object, java.lang.Object, java.lang.Object)'> (0x0000000083172a08) 
thrown [s\src\hotspot\share\interpreter\lin
Event: 12.239 Thread 0x000001f69f04c040 Exception <a 'java/lang/NoSuchMethodError'{0x000000008319bca8}: 'java.lang.Object java.lang.invoke.DirectMethodHandle$Holder.invokeStatic(java.lang.Object, java.lang.Object, java.lang.Object, java.lang.Object, java.lang.Object, java.lang.Object, java.lang.Object, java.lang.Object, java.lang.Object, java.lang.Object, java.lang.Object, java.lang.Object, java.lang.Object, java.lang.Object, java.lang.Object, java.lang.Object, java.lang.Object, java.lang.Object)'> (0x000000008319bca8) 
thrown [s\src\hotspot\sha
Event: 12.243 Thread 0x000001f69f04c040 Exception <a 'java/lang/NoSuchMethodError'{0x00000000831c6210}: 'java.lang.Object java.lang.invoke.DirectMethodHandle$Holder.invokeStatic(java.lang.Object, java.lang.Object, java.lang.Object, java.lang.Object, java.lang.Object, java.lang.Object, java.lang.Object, java.lang.Object, java.lang.Object, java.lang.Object, java.lang.Object, java.lang.Object, java.lang.Object, java.lang.Object, java.lang.Object, java.lang.Object, java.lang.Object, java.lang.Object, java.lang.Object)'> (0x00000000831c6210) 
thrown 
Event: 12.248 Thread 0x000001f69f04c040 Exception <a 'java/lang/NoSuchMethodError'{0x00000000831f1f80}: 'java.lang.Object java.lang.invoke.DirectMethodHandle$Holder.invokeStatic(java.lang.Object, java.lang.Object, java.lang.Object, java.lang.Object, java.lang.Object, java.lang.Object, java.lang.Object, java.lang.Object, java.lang.Object, java.lang.Object, java.lang.Object, java.lang.Object, java.lang.Object, java.lang.Object, java.lang.Object, java.lang.Object, java.lang.Object, java.lang.Object, java.lang.Object, java.lang.Object)'> (0x00000000
Event: 12.254 Thread 0x000001f69f04c040 Exception <a 'java/lang/NoSuchMethodError'{0x000000008301e810}: 'java.lang.Object java.lang.invoke.DirectMethodHandle$Holder.invokeStatic(java.lang.Object, java.lang.Object, java.lang.Object, java.lang.Object, java.lang.Object, java.lang.Object, java.lang.Object, java.lang.Object, java.lang.Object, java.lang.Object, java.lang.Object, java.lang.Object, java.lang.Object, java.lang.Object, java.lang.Object, java.lang.Object, java.lang.Object, java.lang.Object, java.lang.Object, java.lang.Object, java.lang.Obj
Event: 12.259 Thread 0x000001f69f04c040 Exception <a 'java/lang/NoSuchMethodError'{0x000000008304bce8}: 'java.lang.Object java.lang.invoke.DirectMethodHandle$Holder.invokeStatic(java.lang.Object, java.lang.Object, java.lang.Object, java.lang.Object, java.lang.Object, java.lang.Object, java.lang.Object, java.lang.Object, java.lang.Object, java.lang.Object, java.lang.Object, java.lang.Object, java.lang.Object, java.lang.Object, java.lang.Object, java.lang.Object, java.lang.Object, java.lang.Object, java.lang.Object, java.lang.Object, java.lang.Obj
Event: 12.264 Thread 0x000001f69f04c040 Exception <a 'java/lang/NoSuchMethodError'{0x000000008307a4b0}: 'java.lang.Object java.lang.invoke.DirectMethodHandle$Holder.invokeStatic(java.lang.Object, java.lang.Object, java.lang.Object, java.lang.Object, java.lang.Object, java.lang.Object, java.lang.Object, java.lang.Object, java.lang.Object, java.lang.Object, java.lang.Object, java.lang.Object, java.lang.Object, java.lang.Object, java.lang.Object, java.lang.Object, java.lang.Object, java.lang.Object, java.lang.Object, java.lang.Object, java.lang.Obj
Event: 12.269 Thread 0x000001f69f04c040 Exception <a 'java/lang/NoSuchMethodError'{0x00000000830a94e0}: 'java.lang.Object java.lang.invoke.DirectMethodHandle$Holder.invokeStatic(java.lang.Object, java.lang.Object, java.lang.Object, java.lang.Object, java.lang.Object, java.lang.Object, java.lang.Object, java.lang.Object, java.lang.Object, java.lang.Object, java.lang.Object, java.lang.Object, java.lang.Object, java.lang.Object, java.lang.Object, java.lang.Object, java.lang.Object, java.lang.Object, java.lang.Object, java.lang.Object, java.lang.Obj
Event: 12.275 Thread 0x000001f69f04c040 Exception <a 'java/lang/NoSuchMethodError'{0x00000000830da3b0}: 'java.lang.Object java.lang.invoke.DirectMethodHandle$Holder.invokeStatic(java.lang.Object, java.lang.Object, java.lang.Object, java.lang.Object, java.lang.Object, java.lang.Object, java.lang.Object, java.lang.Object, java.lang.Object, java.lang.Object, java.lang.Object, java.lang.Object, java.lang.Object, java.lang.Object, java.lang.Object, java.lang.Object, java.lang.Object, java.lang.Object, java.lang.Object, java.lang.Object, java.lang.Obj
Event: 12.279 Thread 0x000001f69f04c040 Exception <a 'java/lang/NoSuchMethodError'{0x0000000082f0c468}: 'java.lang.Object java.lang.invoke.DirectMethodHandle$Holder.invokeStatic(java.lang.Object, java.lang.Object, java.lang.Object, java.lang.Object, java.lang.Object, java.lang.Object, java.lang.Object, java.lang.Object, java.lang.Object, java.lang.Object, java.lang.Object, java.lang.Object, java.lang.Object, java.lang.Object, java.lang.Object, java.lang.Object, java.lang.Object, java.lang.Object, java.lang.Object, java.lang.Object, java.lang.Obj
Event: 12.348 Thread 0x000001f69f04c040 Exception <a 'java/lang/NoSuchMethodError'{0x0000000082ebf2c0}: 'java.lang.Object java.lang.invoke.DirectMethodHandle$Holder.invokeStaticInit(java.lang.Object, java.lang.Object, java.lang.Object, java.lang.Object)'> (0x0000000082ebf2c0) 
thrown [s\src\hotspot\share\interpreter\linkResolver.cpp, line 771]
Event: 12.391 Thread 0x000001f69f04c040 Exception <a 'java/lang/NoSuchMethodError'{0x0000000082c7de58}: 'java.lang.Object java.lang.invoke.DirectMethodHandle$Holder.newInvokeSpecial(java.lang.Object, java.lang.Object, java.lang.Object, java.lang.Object, java.lang.Object, java.lang.Object, java.lang.Object, java.lang.Object)'> (0x0000000082c7de58) 
thrown [s\src\hotspot\share\interpreter\linkResolver.cpp, line 771]
Event: 12.393 Thread 0x000001f69f04c040 Exception <a 'java/lang/NoSuchMethodError'{0x0000000082c83860}: 'java.lang.Object java.lang.invoke.DirectMethodHandle$Holder.invokeSpecial(java.lang.Object, java.lang.Object, java.lang.Object, java.lang.Object, java.lang.Object, java.lang.Object, java.lang.Object, java.lang.Object, java.lang.Object)'> (0x0000000082c83860) 
thrown [s\src\hotspot\share\interpreter\linkResolver.cpp, line 771]
Event: 12.395 Thread 0x000001f69f04c040 Exception <a 'java/lang/NoSuchMethodError'{0x0000000082c88c10}: 'java.lang.Object java.lang.invoke.Invokers$Holder.linkToTargetMethod(java.lang.Object, java.lang.Object, java.lang.Object, java.lang.Object, java.lang.Object, java.lang.Object, java.lang.Object, java.lang.Object)'> (0x0000000082c88c10) 
thrown [s\src\hotspot\share\interpreter\linkResolver.cpp, line 771]
Event: 12.426 Thread 0x000001f69f04c040 Exception <a 'java/lang/NoSuchMethodError'{0x0000000082cd79e0}: 'void java.lang.invoke.DirectMethodHandle$Holder.invokeStatic(java.lang.Object, java.lang.Object, java.lang.Object, java.lang.Object)'> (0x0000000082cd79e0) 
thrown [s\src\hotspot\share\interpreter\linkResolver.cpp, line 771]
Event: 12.521 Thread 0x000001f69f04c040 Exception <a 'java/lang/NoSuchMethodError'{0x0000000082ab59e0}: 'void java.lang.invoke.DirectMethodHandle$Holder.invokeStaticInit(java.lang.Object, java.lang.Object)'> (0x0000000082ab59e0) 
thrown [s\src\hotspot\share\interpreter\linkResolver.cpp, line 771]

VM Operations (20 events):
Event: 9.465 Executing VM operation: CollectForMetadataAllocation
Event: 9.474 Executing VM operation: CollectForMetadataAllocation done
Event: 9.495 Executing VM operation: G1PauseRemark
Event: 9.498 Executing VM operation: G1PauseRemark done
Event: 9.509 Executing VM operation: G1PauseCleanup
Event: 9.509 Executing VM operation: G1PauseCleanup done
Event: 10.521 Executing VM operation: Cleanup
Event: 10.521 Executing VM operation: Cleanup done
Event: 10.526 Executing VM operation: HandshakeAllThreads
Event: 10.526 Executing VM operation: HandshakeAllThreads done
Event: 10.527 Executing VM operation: HandshakeAllThreads
Event: 10.527 Executing VM operation: HandshakeAllThreads done
Event: 10.536 Executing VM operation: G1CollectForAllocation
Event: 10.542 Executing VM operation: G1CollectForAllocation done
Event: 11.551 Executing VM operation: Cleanup
Event: 11.551 Executing VM operation: Cleanup done
Event: 11.680 Executing VM operation: G1CollectForAllocation
Event: 11.687 Executing VM operation: G1CollectForAllocation done
Event: 12.614 Executing VM operation: HandshakeAllThreads
Event: 12.614 Executing VM operation: HandshakeAllThreads done

Events (20 events):
Event: 12.229 loading class java/lang/invoke/ClassSpecializer$Factory$1Var
Event: 12.229 loading class java/lang/invoke/ClassSpecializer$Factory$1Var done
Event: 12.236 loading class java/lang/invoke/BoundMethodHandle$Species_LLLLLLLLLLLLLLL
Event: 12.236 loading class java/lang/invoke/BoundMethodHandle$Species_LLLLLLLLLLLLLLL done
Event: 12.241 loading class java/lang/invoke/BoundMethodHandle$Species_LLLLLLLLLLLLLLLL
Event: 12.241 loading class java/lang/invoke/BoundMethodHandle$Species_LLLLLLLLLLLLLLLL done
Event: 12.246 loading class java/lang/invoke/BoundMethodHandle$Species_LLLLLLLLLLLLLLLLL
Event: 12.246 loading class java/lang/invoke/BoundMethodHandle$Species_LLLLLLLLLLLLLLLLL done
Event: 12.251 loading class java/lang/invoke/BoundMethodHandle$Species_LLLLLLLLLLLLLLLLLL
Event: 12.251 loading class java/lang/invoke/BoundMethodHandle$Species_LLLLLLLLLLLLLLLLLL done
Event: 12.257 loading class java/lang/invoke/BoundMethodHandle$Species_LLLLLLLLLLLLLLLLLLL
Event: 12.257 loading class java/lang/invoke/BoundMethodHandle$Species_LLLLLLLLLLLLLLLLLLL done
Event: 12.261 loading class java/lang/invoke/BoundMethodHandle$Species_LLLLLLLLLLLLLLLLLLLL
Event: 12.261 loading class java/lang/invoke/BoundMethodHandle$Species_LLLLLLLLLLLLLLLLLLLL done
Event: 12.267 loading class java/lang/invoke/BoundMethodHandle$Species_LLLLLLLLLLLLLLLLLLLLL
Event: 12.267 loading class java/lang/invoke/BoundMethodHandle$Species_LLLLLLLLLLLLLLLLLLLLL done
Event: 12.273 loading class java/lang/invoke/BoundMethodHandle$Species_LLLLLLLLLLLLLLLLLLLLLL
Event: 12.273 loading class java/lang/invoke/BoundMethodHandle$Species_LLLLLLLLLLLLLLLLLLLLLL done
Event: 12.277 loading class java/lang/invoke/BoundMethodHandle$Species_LLLLLLLLLLLLLLLLLLLLLLL
Event: 12.277 loading class java/lang/invoke/BoundMethodHandle$Species_LLLLLLLLLLLLLLLLLLLLLLL done


Dynamic libraries:
0x00007ff64b660000 - 0x00007ff64b66a000 	C:\Program Files\Android\Android Studio\jbr\bin\java.exe
0x00007ffdc54f0000 - 0x00007ffdc5707000 	C:\WINDOWS\SYSTEM32\ntdll.dll
0x00007ffdc46c0000 - 0x00007ffdc4784000 	C:\WINDOWS\System32\KERNEL32.DLL
0x00007ffdc29e0000 - 0x00007ffdc2d9a000 	C:\WINDOWS\System32\KERNELBASE.dll
0x00007ffdc30b0000 - 0x00007ffdc31c1000 	C:\WINDOWS\System32\ucrtbase.dll
0x00007ffdab060000 - 0x00007ffdab077000 	C:\Program Files\Android\Android Studio\jbr\bin\jli.dll
0x00007ffdb16c0000 - 0x00007ffdb16db000 	C:\Program Files\Android\Android Studio\jbr\bin\VCRUNTIME140.dll
0x00007ffdc3620000 - 0x00007ffdc37ce000 	C:\WINDOWS\System32\USER32.dll
0x00007ffdc28f0000 - 0x00007ffdc2916000 	C:\WINDOWS\System32\win32u.dll
0x00007ffdc4790000 - 0x00007ffdc47b9000 	C:\WINDOWS\System32\GDI32.dll
0x00007ffdc2da0000 - 0x00007ffdc2ebb000 	C:\WINDOWS\System32\gdi32full.dll
0x00007ffdc2850000 - 0x00007ffdc28ea000 	C:\WINDOWS\System32\msvcp_win.dll
0x00007ffd9dec0000 - 0x00007ffd9e152000 	C:\WINDOWS\WinSxS\amd64_microsoft.windows.common-controls_6595b64144ccf1df_6.0.22621.4541_none_2710d1c57384c085\COMCTL32.dll
0x00007ffdc50f0000 - 0x00007ffdc5197000 	C:\WINDOWS\System32\msvcrt.dll
0x00007ffdc35e0000 - 0x00007ffdc3611000 	C:\WINDOWS\System32\IMM32.DLL
0x00007ffdb5170000 - 0x00007ffdb517c000 	C:\Program Files\Android\Android Studio\jbr\bin\vcruntime140_1.dll
0x00007ffd987f0000 - 0x00007ffd9887d000 	C:\Program Files\Android\Android Studio\jbr\bin\msvcp140.dll
0x00007ffd6a2d0000 - 0x00007ffd6af53000 	C:\Program Files\Android\Android Studio\jbr\bin\server\jvm.dll
0x00007ffdc5310000 - 0x00007ffdc53c2000 	C:\WINDOWS\System32\ADVAPI32.dll
0x00007ffdc3200000 - 0x00007ffdc32a7000 	C:\WINDOWS\System32\sechost.dll
0x00007ffdc31d0000 - 0x00007ffdc31f8000 	C:\WINDOWS\System32\bcrypt.dll
0x00007ffdc3a90000 - 0x00007ffdc3ba4000 	C:\WINDOWS\System32\RPCRT4.dll
0x00007ffdc26a0000 - 0x00007ffdc26ed000 	C:\WINDOWS\SYSTEM32\POWRPROF.dll
0x00007ffdbaa60000 - 0x00007ffdbaa69000 	C:\WINDOWS\SYSTEM32\WSOCK32.dll
0x00007ffdc53d0000 - 0x00007ffdc5441000 	C:\WINDOWS\System32\WS2_32.dll
0x00007ffdb7a60000 - 0x00007ffdb7a94000 	C:\WINDOWS\SYSTEM32\WINMM.dll
0x00007ffdb0c50000 - 0x00007ffdb0c5a000 	C:\WINDOWS\SYSTEM32\VERSION.dll
0x00007ffdc2680000 - 0x00007ffdc2693000 	C:\WINDOWS\SYSTEM32\UMPDC.dll
0x00007ffdc17d0000 - 0x00007ffdc17e8000 	C:\WINDOWS\SYSTEM32\kernel.appcore.dll
0x00007ffdbaa30000 - 0x00007ffdbaa3a000 	C:\Program Files\Android\Android Studio\jbr\bin\jimage.dll
0x00007ffdbd020000 - 0x00007ffdbd252000 	C:\WINDOWS\SYSTEM32\DBGHELP.DLL
0x00007ffdc4330000 - 0x00007ffdc46bf000 	C:\WINDOWS\System32\combase.dll
0x00007ffdc3330000 - 0x00007ffdc3407000 	C:\WINDOWS\System32\OLEAUT32.dll
0x00007ffdb1080000 - 0x00007ffdb10b2000 	C:\WINDOWS\SYSTEM32\dbgcore.DLL
0x00007ffdc3030000 - 0x00007ffdc30ab000 	C:\WINDOWS\System32\bcryptPrimitives.dll
0x00007ffdab080000 - 0x00007ffdab08e000 	C:\Program Files\Android\Android Studio\jbr\bin\instrument.dll
0x00007ffdafbf0000 - 0x00007ffdafc15000 	C:\Program Files\Android\Android Studio\jbr\bin\java.dll
0x00007ffdb1170000 - 0x00007ffdb1188000 	C:\Program Files\Android\Android Studio\jbr\bin\zip.dll
0x00007ffdc4870000 - 0x00007ffdc50e8000 	C:\WINDOWS\System32\SHELL32.dll
0x00007ffdc06c0000 - 0x00007ffdc0fc8000 	C:\WINDOWS\SYSTEM32\windows.storage.dll
0x00007ffdc0580000 - 0x00007ffdc06bf000 	C:\WINDOWS\SYSTEM32\wintypes.dll
0x00007ffdc3990000 - 0x00007ffdc3a8a000 	C:\WINDOWS\System32\SHCORE.dll
0x00007ffdc5450000 - 0x00007ffdc54ae000 	C:\WINDOWS\System32\shlwapi.dll
0x00007ffdc2700000 - 0x00007ffdc272b000 	C:\WINDOWS\SYSTEM32\profapi.dll
0x00007ffdae020000 - 0x00007ffdae039000 	C:\Program Files\Android\Android Studio\jbr\bin\net.dll
0x00007ffdb8120000 - 0x00007ffdb8256000 	C:\WINDOWS\SYSTEM32\WINHTTP.dll
0x00007ffdc1c50000 - 0x00007ffdc1cb9000 	C:\WINDOWS\system32\mswsock.dll
0x00007ffdadae0000 - 0x00007ffdadaf6000 	C:\Program Files\Android\Android Studio\jbr\bin\nio.dll
0x00007ffdb0d10000 - 0x00007ffdb0d20000 	C:\Program Files\Android\Android Studio\jbr\bin\verify.dll
0x00007ffda8c40000 - 0x00007ffda8c67000 	C:\Users\lyvtr\.gradle\native\1def1411415f61bf3af743bc5b6707747c0891f09f0c88961ee8f79bc544acac\windows-amd64\native-platform.dll
0x00007ffd96420000 - 0x00007ffd96498000 	C:\Users\lyvtr\.gradle\native\0.2.7\x86_64-windows-gnu\gradle-fileevents.dll
0x00007ffdabf10000 - 0x00007ffdabf19000 	C:\Program Files\Android\Android Studio\jbr\bin\management.dll
0x00007ffdabf00000 - 0x00007ffdabf0b000 	C:\Program Files\Android\Android Studio\jbr\bin\management_ext.dll
0x00007ffdc3bb0000 - 0x00007ffdc3bb8000 	C:\WINDOWS\System32\PSAPI.DLL
0x00007ffdc1230000 - 0x00007ffdc125d000 	C:\WINDOWS\SYSTEM32\IPHLPAPI.DLL
0x00007ffdc42b0000 - 0x00007ffdc42b9000 	C:\WINDOWS\System32\NSI.dll
0x00007ffdb8100000 - 0x00007ffdb8119000 	C:\WINDOWS\SYSTEM32\dhcpcsvc6.DLL
0x00007ffdb80e0000 - 0x00007ffdb80ff000 	C:\WINDOWS\SYSTEM32\dhcpcsvc.DLL
0x00007ffdc1260000 - 0x00007ffdc1362000 	C:\WINDOWS\SYSTEM32\DNSAPI.dll
0x00007ffdadad0000 - 0x00007ffdadad9000 	C:\Program Files\Android\Android Studio\jbr\bin\extnet.dll
0x00007ffdc1e70000 - 0x00007ffdc1e8b000 	C:\WINDOWS\SYSTEM32\CRYPTSP.dll
0x00007ffdc1730000 - 0x00007ffdc1765000 	C:\WINDOWS\system32\rsaenh.dll
0x00007ffdc1d10000 - 0x00007ffdc1d38000 	C:\WINDOWS\SYSTEM32\USERENV.dll
0x00007ffdc1e90000 - 0x00007ffdc1e9c000 	C:\WINDOWS\SYSTEM32\CRYPTBASE.dll
0x00007ffdb8850000 - 0x00007ffdb8858000 	C:\WINDOWS\system32\wshunix.dll

dbghelp: loaded successfully - version: 4.0.5 - missing functions: none
symbol engine: initialized successfully - sym options: 0x614 - pdb path: .;C:\Program Files\Android\Android Studio\jbr\bin;C:\WINDOWS\SYSTEM32;C:\WINDOWS\WinSxS\amd64_microsoft.windows.common-controls_6595b64144ccf1df_6.0.22621.4541_none_2710d1c57384c085;C:\Program Files\Android\Android Studio\jbr\bin\server;C:\Users\lyvtr\.gradle\native\1def1411415f61bf3af743bc5b6707747c0891f09f0c88961ee8f79bc544acac\windows-amd64;C:\Users\lyvtr\.gradle\native\0.2.7\x86_64-windows-gnu

VM Arguments:
jvm_args: --add-opens=java.base/java.lang=ALL-UNNAMED --add-opens=java.base/java.lang.invoke=ALL-UNNAMED --add-opens=java.base/java.util=ALL-UNNAMED --add-opens=java.prefs/java.util.prefs=ALL-UNNAMED --add-exports=jdk.compiler/com.sun.tools.javac.api=ALL-UNNAMED --add-exports=jdk.compiler/com.sun.tools.javac.util=ALL-UNNAMED --add-opens=java.base/java.util=ALL-UNNAMED --add-opens=java.prefs/java.util.prefs=ALL-UNNAMED --add-opens=java.base/java.nio.charset=ALL-UNNAMED --add-opens=java.base/java.net=ALL-UNNAMED --add-opens=java.base/java.util.concurrent.atomic=ALL-UNNAMED --add-opens=java.xml/javax.xml.namespace=ALL-UNNAMED -Xmx2048m -Dfile.encoding=UTF-8 -Duser.country=US -Duser.language=en -Duser.variant -javaagent:C:\Users\lyvtr\.gradle\wrapper\dists\gradle-8.13-rc-1-bin\adhm0wz4vblkvx5x4y2tseqdw\gradle-8.13-rc-1\lib\agents\gradle-instrumentation-agent-8.13.jar 
java_command: org.gradle.launcher.daemon.bootstrap.GradleDaemon 8.13-rc-1
java_class_path (initial): C:\Users\lyvtr\.gradle\wrapper\dists\gradle-8.13-rc-1-bin\adhm0wz4vblkvx5x4y2tseqdw\gradle-8.13-rc-1\lib\gradle-daemon-main-8.13.jar
Launcher Type: SUN_STANDARD

[Global flags]
     intx CICompilerCount                          = 3                                         {product} {ergonomic}
     uint ConcGCThreads                            = 1                                         {product} {ergonomic}
     uint G1ConcRefinementThreads                  = 4                                         {product} {ergonomic}
   size_t G1HeapRegionSize                         = 1048576                                   {product} {ergonomic}
    uintx GCDrainStackTargetSize                   = 64                                        {product} {ergonomic}
   size_t InitialHeapSize                          = 65011712                                  {product} {ergonomic}
   size_t MarkStackSize                            = 4194304                                   {product} {ergonomic}
   size_t MaxHeapSize                              = 2147483648                                {product} {command line}
   size_t MaxNewSize                               = 1287651328                                {product} {ergonomic}
   size_t MinHeapDeltaBytes                        = 1048576                                   {product} {ergonomic}
   size_t MinHeapSize                              = 8388608                                   {product} {ergonomic}
    uintx NonNMethodCodeHeapSize                   = 5832780                                {pd product} {ergonomic}
    uintx NonProfiledCodeHeapSize                  = 122912730                              {pd product} {ergonomic}
    uintx ProfiledCodeHeapSize                     = 122912730                              {pd product} {ergonomic}
    uintx ReservedCodeCacheSize                    = 251658240                              {pd product} {ergonomic}
     bool SegmentedCodeCache                       = true                                      {product} {ergonomic}
   size_t SoftMaxHeapSize                          = 2147483648                             {manageable} {ergonomic}
     bool UseCompressedClassPointers               = true                           {product lp64_product} {ergonomic}
     bool UseCompressedOops                        = true                           {product lp64_product} {ergonomic}
     bool UseG1GC                                  = true                                      {product} {ergonomic}
     bool UseLargePagesIndividualAllocation        = false                                  {pd product} {ergonomic}

Logging:
Log output configuration:
 #0: stdout all=warning uptime,level,tags
 #1: stderr all=off uptime,level,tags

Environment Variables:
JAVA_HOME=C:\Program Files\Java\jdk-22
PATH=C:\Program Files\National Instruments\Shared\OpenVINO\;C:\Program Files\Common Files\Oracle\Java\javapath;C:\WINDOWS\system32;C:\WINDOWS;C:\WINDOWS\System32\Wbem;C:\WINDOWS\System32\WindowsPowerShell\v1.0\;C:\WINDOWS\System32\OpenSSH\;C:\Program Files\nodejs\;C:\Program Files\Git\cmd;C:\Users\lyvtr\AppData\Local\Microsoft\WindowsApps;C:\Users\lyvtr\AppData\Roaming\npm;C:\Users\lyvtr\AppData\Local\Programs\Microsoft VS Code\bin;C:\Users\lyvtr\anaconda3\Library;C:\Program Files\Java\jdk-22\bin;
USERNAME=lyvtr
OS=Windows_NT
PROCESSOR_IDENTIFIER=Intel64 Family 6 Model 142 Stepping 11, GenuineIntel
TMP=C:\Users\lyvtr\AppData\Local\Temp
TEMP=C:\Users\lyvtr\AppData\Local\Temp



Periodic native trim disabled

JNI global refs:
JNI global refs: 23, weak refs: 1

JNI global refs memory usage: 843, weak refs: 841

OOME stack traces (most recent first):
Classloader memory used:
Loader bootstrap                                                                       : 1938K
Loader org.gradle.internal.classloader.VisitableURLClassLoader                         : 1750K
Loader org.gradle.initialization.MixInLegacyTypesClassLoader                           : 249K
Loader jdk.internal.loader.ClassLoaders$AppClassLoader                                 : 29361B
Loader jdk.internal.loader.ClassLoaders$PlatformClassLoader                            : 14874B
Loader jdk.internal.reflect.DelegatingClassLoader                                      : 8791B

Classes loaded by more than one classloader:
Class org.gradle.internal.installation.GradleInstallation                             : loaded 2 times (x 73B)
Class org.gradle.internal.classpath.ClassPath                                         : loaded 2 times (x 68B)
Class org.gradle.api.internal.classpath.DefaultModuleRegistry                         : loaded 2 times (x 84B)
Class org.gradle.api.Action                                                           : loaded 2 times (x 68B)
Class org.gradle.api.internal.DefaultClassPathProvider                                : loaded 2 times (x 74B)
Class org.gradle.internal.installation.GradleInstallation$1                           : loaded 2 times (x 73B)
Class org.gradle.internal.classloader.FilteringClassLoader                            : loaded 2 times (x 103B)
Class org.gradle.internal.classpath.DefaultClassPath$ImmutableUniqueList$Builder      : loaded 2 times (x 73B)
Class org.gradle.internal.classloader.ClassLoaderVisitor                              : loaded 2 times (x 74B)
Class org.gradle.internal.service.DefaultServiceLocator                               : loaded 2 times (x 81B)
Class org.gradle.internal.service.UnknownServiceException                             : loaded 2 times (x 81B)
Class org.gradle.internal.classloader.DefaultClassLoaderFactory                       : loaded 2 times (x 80B)
Class org.gradle.internal.classloader.VisitableURLClassLoader$Spec                    : loaded 2 times (x 72B)
Class org.gradle.api.GradleException                                                  : loaded 2 times (x 80B)
Class org.gradle.api.internal.classpath.ModuleRegistry                                : loaded 2 times (x 68B)
Class org.gradle.api.internal.ClassPathProvider                                       : loaded 2 times (x 68B)
Class org.gradle.internal.classloader.ClasspathUtil$1                                 : loaded 2 times (x 74B)
Class org.gradle.internal.classloader.ClassLoaderFactory                              : loaded 2 times (x 68B)
Class org.gradle.api.internal.classpath.ManifestUtil                                  : loaded 2 times (x 69B)
Class org.gradle.api.specs.Spec                                                       : loaded 2 times (x 68B)
Class org.gradle.internal.IoActions                                                   : loaded 2 times (x 69B)
Class org.gradle.api.internal.classpath.EffectiveClassPath                            : loaded 2 times (x 88B)
Class org.gradle.internal.installation.CurrentGradleInstallation                      : loaded 2 times (x 71B)
Class org.gradle.internal.installation.CurrentGradleInstallationLocator               : loaded 2 times (x 69B)
Class org.gradle.api.internal.classpath.Module                                        : loaded 2 times (x 68B)
Class org.gradle.internal.service.CachingServiceLocator                               : loaded 2 times (x 80B)
Class org.gradle.internal.classpath.DefaultClassPath                                  : loaded 2 times (x 88B)
Class org.gradle.internal.classloader.SystemClassLoaderSpec                           : loaded 2 times (x 69B)
Class org.gradle.api.UncheckedIOException                                             : loaded 2 times (x 80B)
Class org.gradle.api.internal.classpath.GlobalCacheRootsProvider                      : loaded 2 times (x 68B)
Class org.gradle.internal.classloader.ClasspathUtil                                   : loaded 2 times (x 69B)
Class org.gradle.api.internal.DefaultClassPathRegistry                                : loaded 2 times (x 74B)
Class org.gradle.api.internal.classpath.DefaultModuleRegistry$DefaultModule           : loaded 2 times (x 84B)
Class org.gradle.api.internal.classpath.UnknownModuleException                        : loaded 2 times (x 80B)
Class org.gradle.internal.service.ServiceLookupException                              : loaded 2 times (x 80B)
Class [Lorg.gradle.api.internal.ClassPathProvider;                                    : loaded 2 times (x 67B)
Class org.gradle.util.internal.GUtil                                                  : loaded 2 times (x 69B)
Class org.gradle.internal.classloader.ClassLoaderSpec                                 : loaded 2 times (x 69B)
Class org.gradle.internal.classloader.InstrumentingClassLoader                        : loaded 2 times (x 68B)
Class org.gradle.internal.classloader.VisitableURLClassLoader                         : loaded 2 times (x 115B)
Class org.gradle.internal.Cast                                                        : loaded 2 times (x 69B)
Class org.gradle.api.internal.ClassPathRegistry                                       : loaded 2 times (x 68B)
Class org.gradle.internal.classloader.VisitableURLClassLoader$InstrumentingVisitableURLClassLoader: loaded 2 times (x 121B)
Class org.gradle.internal.classloader.ClassLoaderHierarchy                            : loaded 2 times (x 68B)
Class org.gradle.internal.InternalTransformer                                         : loaded 2 times (x 68B)
Class org.gradle.internal.service.ServiceLocator                                      : loaded 2 times (x 68B)
Class org.gradle.internal.classpath.DefaultClassPath$ImmutableUniqueList              : loaded 2 times (x 159B)
Class org.gradle.internal.classpath.TransformedClassPath                              : loaded 2 times (x 94B)


---------------  S Y S T E M  ---------------

OS:
 Windows 11 , 64 bit Build 22621 (10.0.22621.4391)
OS uptime: 28 days 9:11 hours
Hyper-V role detected

CPU: total 4 (initial active 4) (2 cores per cpu, 2 threads per core) family 6 model 142 stepping 11 microcode 0xde, cx8, cmov, fxsr, ht, mmx, 3dnowpref, sse, sse2, sse3, ssse3, sse4.1, sse4.2, popcnt, lzcnt, tsc, tscinvbit, avx, avx2, aes, erms, clmul, bmi1, bmi2, adx, fma, vzeroupper, clflush, clflushopt, hv
Processor Information for all 4 processors :
  Max Mhz: 2304, Current Mhz: 2103, Mhz Limit: 2096

Memory: 4k page, system-wide physical 3953M (207M free)
TotalPageFile size 16241M (AvailPageFile size 6M)
current process WorkingSet (physical memory assigned to process): 176M, peak: 176M
current process commit charge ("private bytes"): 208M, peak: 211M

vm_info: OpenJDK 64-Bit Server VM (17.0.10+0--11572160) for windows-amd64 JRE (17.0.10+0--11572160), built on Mar 13 2024 23:56:38 by "androidbuild" with MS VC++ 16.10 / 16.11 (VS2019)

END.
