#
# There is insufficient memory for the Java Runtime Environment to continue.
# Native memory allocation (mmap) failed to map 12582912 bytes for G1 virtual space
# Possible reasons:
#   The system is out of physical RAM or swap space
#   The process is running with CompressedOops enabled, and the Java Heap may be blocking the growth of the native heap
# Possible solutions:
#   Reduce memory load on the system
#   Increase physical memory or swap space
#   Check if swap backing store is full
#   Decrease Java heap size (-Xmx/-Xms)
#   Decrease number of Java threads
#   Decrease Java thread stack sizes (-Xss)
#   Set larger code cache with -XX:ReservedCodeCacheSize=
#   JVM is running with Unscaled Compressed Oops mode in which the Java heap is
#     placed in the first 4GB address space. The Java Heap base address is the
#     maximum limit for the native heap growth. Please use -XX:HeapBaseMinAddress
#     to set the Java Heap base and to place the Java Heap above 4GB virtual address.
# This output file may be truncated or incomplete.
#
#  Out of Memory Error (os_windows.cpp:3825), pid=19420, tid=12068
#
# JRE version: OpenJDK Runtime Environment (17.0.10) (build 17.0.10+0--11572160)
# Java VM: OpenJDK 64-Bit Server VM (17.0.10+0--11572160, mixed mode, tiered, compressed oops, compressed class ptrs, g1 gc, windows-amd64)
# No core dump will be written. Minidumps are not enabled by default on client versions of Windows
#

---------------  S U M M A R Y ------------

Command Line: --add-opens=java.base/java.lang=ALL-UNNAMED --add-opens=java.base/java.lang.invoke=ALL-UNNAMED --add-opens=java.base/java.util=ALL-UNNAMED --add-opens=java.prefs/java.util.prefs=ALL-UNNAMED --add-exports=jdk.compiler/com.sun.tools.javac.api=ALL-UNNAMED --add-exports=jdk.compiler/com.sun.tools.javac.util=ALL-UNNAMED --add-opens=java.base/java.util=ALL-UNNAMED --add-opens=java.prefs/java.util.prefs=ALL-UNNAMED --add-opens=java.base/java.nio.charset=ALL-UNNAMED --add-opens=java.base/java.net=ALL-UNNAMED --add-opens=java.base/java.util.concurrent.atomic=ALL-UNNAMED --add-opens=java.xml/javax.xml.namespace=ALL-UNNAMED -Xmx2048m -Dfile.encoding=UTF-8 -Duser.country=US -Duser.language=en -Duser.variant -javaagent:C:\Users\lyvtr\.gradle\wrapper\dists\gradle-8.13-rc-1-bin\adhm0wz4vblkvx5x4y2tseqdw\gradle-8.13-rc-1\lib\agents\gradle-instrumentation-agent-8.13.jar org.gradle.launcher.daemon.bootstrap.GradleDaemon 8.13-rc-1

Host: Intel(R) Core(TM) i3-8145U CPU @ 2.10GHz, 4 cores, 3G,  Windows 11 , 64 bit Build 22621 (10.0.22621.4391)
Time: Mon Feb 17 12:02:24 2025 Eastern Standard Time elapsed time: 23.416518 seconds (0d 0h 0m 23s)

---------------  T H R E A D  ---------------

Current thread (0x000002c67fea36c0):  VMThread "VM Thread" [stack: 0x000000cbe1f00000,0x000000cbe2000000] [id=12068]

Stack: [0x000000cbe1f00000,0x000000cbe2000000]
Native frames: (J=compiled Java code, j=interpreted, Vv=VM code, C=native code)
V  [jvm.dll+0x688e89]
V  [jvm.dll+0x84247a]
V  [jvm.dll+0x8440be]
V  [jvm.dll+0x844723]
V  [jvm.dll+0x24be0f]
V  [jvm.dll+0x685c59]
V  [jvm.dll+0x67a50a]
V  [jvm.dll+0x30cbab]
V  [jvm.dll+0x314056]
V  [jvm.dll+0x363dce]
V  [jvm.dll+0x363fff]
V  [jvm.dll+0x2e2978]
V  [jvm.dll+0x2e5a66]
V  [jvm.dll+0x2f027a]
V  [jvm.dll+0x325240]
V  [jvm.dll+0x848e1b]
V  [jvm.dll+0x849b61]
V  [jvm.dll+0x84a07d]
V  [jvm.dll+0x84a454]
V  [jvm.dll+0x84a520]
V  [jvm.dll+0x7f0d1a]
V  [jvm.dll+0x687d05]
C  [ucrtbase.dll+0x29333]
C  [KERNEL32.DLL+0x1259d]
C  [ntdll.dll+0x5af38]

VM_Operation (0x000000cbe1bffa90): G1PauseRemark, mode: safepoint, requested by thread 0x000002c6759f94f0


---------------  P R O C E S S  ---------------

Threads class SMR info:
_java_thread_list=0x000002c618b4bad0, length=57, elements={
0x000002c67598ea20, 0x000002c67fea8c20, 0x000002c67fea9970, 0x000002c67fecd7c0,
0x000002c67fece190, 0x000002c67fefd430, 0x000002c67fefdd00, 0x000002c67fefe900,
0x000002c611248460, 0x000002c611264a40, 0x000002c67fe449c0, 0x000002c6114cba40,
0x000002c616e7c420, 0x000002c616ec1990, 0x000002c616ebba50, 0x000002c617115e50,
0x000002c616ebaad0, 0x000002c6170fdfd0, 0x000002c6170ff410, 0x000002c6170ffe30,
0x000002c617100850, 0x000002c617100340, 0x000002c6170ff920, 0x000002c6170fe4e0,
0x000002c6170fe9f0, 0x000002c617101270, 0x000002c617101780, 0x000002c6170fef00,
0x000002c6179af220, 0x000002c6179b33f0, 0x000002c6179b0b70, 0x000002c6179af730,
0x000002c6179ae800, 0x000002c6179b29d0, 0x000002c6179b2ee0, 0x000002c6179aceb0,
0x000002c6179b0150, 0x000002c6179b0660, 0x000002c6179b1590, 0x000002c6179b1aa0,
0x000002c6179b1fb0, 0x000002c6179b24c0, 0x000002c6179adde0, 0x000002c6179abf80,
0x000002c6179b3900, 0x000002c6179ac490, 0x000002c6179ae2f0, 0x000002c6179aed10,
0x000002c61a97b950, 0x000002c61a978bc0, 0x000002c61a97fb20, 0x000002c61a980030,
0x000002c61a97be60, 0x000002c61a97af30, 0x000002c61a97b440, 0x000002c61a97c370,
0x000002c61a97c880
}

Java Threads: ( => current thread )
  0x000002c67598ea20 JavaThread "main" [_thread_blocked, id=6628, stack(0x000000cbe1900000,0x000000cbe1a00000)]
  0x000002c67fea8c20 JavaThread "Reference Handler" daemon [_thread_blocked, id=2368, stack(0x000000cbe2000000,0x000000cbe2100000)]
  0x000002c67fea9970 JavaThread "Finalizer" daemon [_thread_blocked, id=2336, stack(0x000000cbe2100000,0x000000cbe2200000)]
  0x000002c67fecd7c0 JavaThread "Signal Dispatcher" daemon [_thread_blocked, id=400, stack(0x000000cbe2200000,0x000000cbe2300000)]
  0x000002c67fece190 JavaThread "Attach Listener" daemon [_thread_blocked, id=3148, stack(0x000000cbe2300000,0x000000cbe2400000)]
  0x000002c67fefd430 JavaThread "Service Thread" daemon [_thread_blocked, id=18196, stack(0x000000cbe2400000,0x000000cbe2500000)]
  0x000002c67fefdd00 JavaThread "Monitor Deflation Thread" daemon [_thread_blocked, id=18388, stack(0x000000cbe2500000,0x000000cbe2600000)]
  0x000002c67fefe900 JavaThread "C2 CompilerThread0" daemon [_thread_blocked, id=18020, stack(0x000000cbe2600000,0x000000cbe2700000)]
  0x000002c611248460 JavaThread "C1 CompilerThread0" daemon [_thread_blocked, id=18376, stack(0x000000cbe2700000,0x000000cbe2800000)]
  0x000002c611264a40 JavaThread "Sweeper thread" daemon [_thread_blocked, id=13752, stack(0x000000cbe2800000,0x000000cbe2900000)]
  0x000002c67fe449c0 JavaThread "Common-Cleaner" daemon [_thread_blocked, id=7296, stack(0x000000cbe2900000,0x000000cbe2a00000)]
  0x000002c6114cba40 JavaThread "Notification Thread" daemon [_thread_blocked, id=14040, stack(0x000000cbe2a00000,0x000000cbe2b00000)]
  0x000002c616e7c420 JavaThread "Daemon health stats" [_thread_blocked, id=8288, stack(0x000000cbe3000000,0x000000cbe3100000)]
  0x000002c616ec1990 JavaThread "Incoming local TCP Connector on port 59636" [_thread_in_native, id=4072, stack(0x000000cbe3100000,0x000000cbe3200000)]
  0x000002c616ebba50 JavaThread "Daemon periodic checks" [_thread_blocked, id=17004, stack(0x000000cbe3200000,0x000000cbe3300000)]
  0x000002c617115e50 JavaThread "Daemon" [_thread_blocked, id=9956, stack(0x000000cbe3300000,0x000000cbe3400000)]
  0x000002c616ebaad0 JavaThread "Handler for socket connection from /127.0.0.1:59636 to /127.0.0.1:59637" [_thread_in_native, id=5720, stack(0x000000cbe3400000,0x000000cbe3500000)]
  0x000002c6170fdfd0 JavaThread "Cancel handler" [_thread_blocked, id=17708, stack(0x000000cbe3500000,0x000000cbe3600000)]
  0x000002c6170ff410 JavaThread "Daemon worker" [_thread_blocked, id=14332, stack(0x000000cbe3600000,0x000000cbe3700000)]
  0x000002c6170ffe30 JavaThread "Asynchronous log dispatcher for DefaultDaemonConnection: socket connection from /127.0.0.1:59636 to /127.0.0.1:59637" [_thread_blocked, id=988, stack(0x000000cbe3700000,0x000000cbe3800000)]
  0x000002c617100850 JavaThread "Stdin handler" [_thread_blocked, id=19276, stack(0x000000cbe3800000,0x000000cbe3900000)]
  0x000002c617100340 JavaThread "Daemon client event forwarder" [_thread_blocked, id=17144, stack(0x000000cbe3900000,0x000000cbe3a00000)]
  0x000002c6170ff920 JavaThread "Cache worker for journal cache (C:\Users\lyvtr\.gradle\caches\journal-1)" [_thread_blocked, id=11168, stack(0x000000cbe3a00000,0x000000cbe3b00000)]
  0x000002c6170fe4e0 JavaThread "File lock request listener" [_thread_in_native, id=5772, stack(0x000000cbe3b00000,0x000000cbe3c00000)]
  0x000002c6170fe9f0 JavaThread "Cache worker for file hash cache (C:\Users\lyvtr\.gradle\caches\8.13-rc-1\fileHashes)" [_thread_blocked, id=9912, stack(0x000000cbe3c00000,0x000000cbe3d00000)]
  0x000002c617101270 JavaThread "Cache worker for file hash cache (D:\code shit\personal\SeniorProject\.gradle\8.13-rc-1\fileHashes)" [_thread_blocked, id=8460, stack(0x000000cbe3d00000,0x000000cbe3e00000)]
  0x000002c617101780 JavaThread "Cache worker for Build Output Cleanup Cache (D:\code shit\personal\SeniorProject\.gradle\buildOutputCleanup)" [_thread_blocked, id=2484, stack(0x000000cbe3e00000,0x000000cbe3f00000)]
  0x000002c6170fef00 JavaThread "File watcher server" daemon [_thread_in_native, id=14804, stack(0x000000cbe3f00000,0x000000cbe4000000)]
  0x000002c6179af220 JavaThread "File watcher consumer" daemon [_thread_blocked, id=4660, stack(0x000000cbe4000000,0x000000cbe4100000)]
  0x000002c6179b33f0 JavaThread "jar transforms" [_thread_blocked, id=18988, stack(0x000000cbe4100000,0x000000cbe4200000)]
  0x000002c6179b0b70 JavaThread "jar transforms Thread 2" [_thread_blocked, id=360, stack(0x000000cbe4200000,0x000000cbe4300000)]
  0x000002c6179af730 JavaThread "jar transforms Thread 3" [_thread_blocked, id=11656, stack(0x000000cbe4300000,0x000000cbe4400000)]
  0x000002c6179ae800 JavaThread "jar transforms Thread 4" [_thread_blocked, id=12064, stack(0x000000cbe4400000,0x000000cbe4500000)]
  0x000002c6179b29d0 JavaThread "Cache worker for checksums cache (D:\code shit\personal\SeniorProject\.gradle\8.13-rc-1\checksums)" [_thread_blocked, id=10924, stack(0x000000cbe4600000,0x000000cbe4700000)]
  0x000002c6179b2ee0 JavaThread "Cache worker for file content cache (C:\Users\lyvtr\.gradle\caches\8.13-rc-1\fileContent)" [_thread_blocked, id=3296, stack(0x000000cbe4700000,0x000000cbe4800000)]
  0x000002c6179aceb0 JavaThread "Cache worker for cache directory md-supplier (C:\Users\lyvtr\.gradle\caches\8.13-rc-1\md-supplier)" [_thread_blocked, id=7116, stack(0x000000cbe4800000,0x000000cbe4900000)]
  0x000002c6179b0150 JavaThread "Cache worker for cache directory md-rule (C:\Users\lyvtr\.gradle\caches\8.13-rc-1\md-rule)" [_thread_blocked, id=13432, stack(0x000000cbe4900000,0x000000cbe4a00000)]
  0x000002c6179b0660 JavaThread "Unconstrained build operations" [_thread_blocked, id=1948, stack(0x000000cbe4a00000,0x000000cbe4b00000)]
  0x000002c6179b1590 JavaThread "Unconstrained build operations Thread 2" [_thread_blocked, id=11072, stack(0x000000cbe4b00000,0x000000cbe4c00000)]
  0x000002c6179b1aa0 JavaThread "Unconstrained build operations Thread 3" [_thread_blocked, id=9472, stack(0x000000cbe4c00000,0x000000cbe4d00000)]
  0x000002c6179b1fb0 JavaThread "Unconstrained build operations Thread 4" [_thread_blocked, id=13272, stack(0x000000cbe4d00000,0x000000cbe4e00000)]
  0x000002c6179b24c0 JavaThread "Unconstrained build operations Thread 5" [_thread_blocked, id=16180, stack(0x000000cbe4e00000,0x000000cbe4f00000)]
  0x000002c6179adde0 JavaThread "Unconstrained build operations Thread 6" [_thread_blocked, id=16968, stack(0x000000cbe4f00000,0x000000cbe5000000)]
  0x000002c6179abf80 JavaThread "Unconstrained build operations Thread 7" [_thread_blocked, id=14916, stack(0x000000cbe5000000,0x000000cbe5100000)]
  0x000002c6179b3900 JavaThread "Unconstrained build operations Thread 8" [_thread_blocked, id=13544, stack(0x000000cbe5100000,0x000000cbe5200000)]
  0x000002c6179ac490 JavaThread "Unconstrained build operations Thread 9" [_thread_blocked, id=13836, stack(0x000000cbe5200000,0x000000cbe5300000)]
  0x000002c6179ae2f0 JavaThread "Unconstrained build operations Thread 10" [_thread_blocked, id=18128, stack(0x000000cbe5300000,0x000000cbe5400000)]
  0x000002c6179aed10 JavaThread "Problems report writer" [_thread_blocked, id=6456, stack(0x000000cbe5400000,0x000000cbe5500000)]
  0x000002c61a97b950 JavaThread "Unconstrained build operations Thread 11" [_thread_blocked, id=14700, stack(0x000000cbe4500000,0x000000cbe4600000)]
  0x000002c61a978bc0 JavaThread "Unconstrained build operations Thread 12" [_thread_blocked, id=14680, stack(0x000000cbe5500000,0x000000cbe5600000)]
  0x000002c61a97fb20 JavaThread "Unconstrained build operations Thread 13" [_thread_blocked, id=10320, stack(0x000000cbe5600000,0x000000cbe5700000)]
  0x000002c61a980030 JavaThread "Unconstrained build operations Thread 14" [_thread_blocked, id=12764, stack(0x000000cbe5700000,0x000000cbe5800000)]
  0x000002c61a97be60 JavaThread "Unconstrained build operations Thread 15" [_thread_blocked, id=11572, stack(0x000000cbe5800000,0x000000cbe5900000)]
  0x000002c61a97af30 JavaThread "Unconstrained build operations Thread 16" [_thread_blocked, id=10000, stack(0x000000cbe5900000,0x000000cbe5a00000)]
  0x000002c61a97b440 JavaThread "Unconstrained build operations Thread 17" [_thread_blocked, id=18772, stack(0x000000cbe5a00000,0x000000cbe5b00000)]
  0x000002c61a97c370 JavaThread "Unconstrained build operations Thread 18" [_thread_blocked, id=19164, stack(0x000000cbe5b00000,0x000000cbe5c00000)]
  0x000002c61a97c880 JavaThread "Unconstrained build operations Thread 19" [_thread_blocked, id=11396, stack(0x000000cbe5c00000,0x000000cbe5d00000)]

Other Threads:
=>0x000002c67fea36c0 VMThread "VM Thread" [stack: 0x000000cbe1f00000,0x000000cbe2000000] [id=12068]
  0x000002c611571ff0 WatcherThread [stack: 0x000000cbe2b00000,0x000000cbe2c00000] [id=16548]
  0x000002c6759e8700 GCTaskThread "GC Thread#0" [stack: 0x000000cbe1a00000,0x000000cbe1b00000] [id=14160]
  0x000002c6115d6a70 GCTaskThread "GC Thread#1" [stack: 0x000000cbe2c00000,0x000000cbe2d00000] [id=16936]
  0x000002c61169d040 GCTaskThread "GC Thread#2" [stack: 0x000000cbe2d00000,0x000000cbe2e00000] [id=17620]
  0x000002c611941d30 GCTaskThread "GC Thread#3" [stack: 0x000000cbe2e00000,0x000000cbe2f00000] [id=1108]
  0x000002c6759f94f0 ConcurrentGCThread "G1 Main Marker" [stack: 0x000000cbe1b00000,0x000000cbe1c00000] [id=19432]
  0x000002c6759f9db0 ConcurrentGCThread "G1 Conc#0" [stack: 0x000000cbe1c00000,0x000000cbe1d00000] [id=18548]
  0x000002c675a3e350 ConcurrentGCThread "G1 Refine#0" [stack: 0x000000cbe1d00000,0x000000cbe1e00000] [id=8136]
  0x000002c616284a90 ConcurrentGCThread "G1 Refine#1" [stack: 0x000000cbe2f00000,0x000000cbe3000000] [id=13268]
  0x000002c6188c2500 ConcurrentGCThread "G1 Refine#2" [stack: 0x000000cbe5d00000,0x000000cbe5e00000] [id=15252]
  0x000002c675a3eb30 ConcurrentGCThread "G1 Service" [stack: 0x000000cbe1e00000,0x000000cbe1f00000] [id=10756]

Threads with active compile tasks:
C2 CompilerThread0    23469 8694       4       org.jetbrains.kotlin.com.intellij.openapi.vfs.impl.ZipEntryMap::get (82 bytes)

VM state: at safepoint (normal execution)

VM Mutex/Monitor currently owned by a thread:  ([mutex/lock_event])
[0x000002c67598a5e0] Threads_lock - owner thread: 0x000002c67fea36c0
[0x000002c675989860] Heap_lock - owner thread: 0x000002c6759f94f0

Heap address: 0x0000000080000000, size: 2048 MB, Compressed Oops mode: 32-bit

CDS archive(s) not mapped
Compressed class space mapped at: 0x0000000100000000-0x0000000140000000, reserved size: 1073741824
Narrow klass base: 0x0000000000000000, Narrow klass shift: 3, Narrow klass range: 0x140000000

GC Precious Log:
 CPUs: 4 total, 4 available
 Memory: 3953M
 Large Page Support: Disabled
 NUMA Support: Disabled
 Compressed Oops: Enabled (32-bit)
 Heap Region Size: 1M
 Heap Min Capacity: 8M
 Heap Initial Capacity: 62M
 Heap Max Capacity: 2G
 Pre-touch: Disabled
 Parallel Workers: 4
 Concurrent Workers: 1
 Concurrent Refinement Workers: 4
 Periodic GC: Disabled

Heap:
 garbage-first heap   total 171008K, used 107689K [0x0000000080000000, 0x0000000100000000)
  region size 1024K, 17 young (17408K), 3 survivors (3072K)
 Metaspace       used 85551K, committed 86336K, reserved 1179648K
  class space    used 11938K, committed 12288K, reserved 1048576K

Heap Regions: E=young(eden), S=young(survivor), O=old, HS=humongous(starts), HC=humongous(continues), CS=collection set, F=free, OA=open archive, CA=closed archive, TAMS=top-at-mark-start (previous, next)
|   0|0x0000000080000000, 0x0000000080100000, 0x0000000080100000|100%|HS|  |TAMS 0x0000000080100000, 0x0000000080000000| Complete 
|   1|0x0000000080100000, 0x0000000080200000, 0x0000000080200000|100%|HC|  |TAMS 0x0000000080200000, 0x0000000080100000| Complete 
|   2|0x0000000080200000, 0x0000000080300000, 0x0000000080300000|100%|HC|  |TAMS 0x0000000080300000, 0x0000000080200000| Complete 
|   3|0x0000000080300000, 0x0000000080400000, 0x0000000080400000|100%| O|  |TAMS 0x0000000080400000, 0x0000000080300000| Untracked 
|   4|0x0000000080400000, 0x0000000080500000, 0x0000000080500000|100%| O|  |TAMS 0x0000000080500000, 0x0000000080400000| Untracked 
|   5|0x0000000080500000, 0x0000000080600000, 0x0000000080600000|100%| O|  |TAMS 0x0000000080600000, 0x0000000080500000| Untracked 
|   6|0x0000000080600000, 0x0000000080700000, 0x0000000080700000|100%| O|  |TAMS 0x0000000080700000, 0x0000000080600000| Untracked 
|   7|0x0000000080700000, 0x0000000080800000, 0x0000000080800000|100%|HS|  |TAMS 0x0000000080800000, 0x0000000080700000| Complete 
|   8|0x0000000080800000, 0x0000000080900000, 0x0000000080900000|100%| O|  |TAMS 0x0000000080900000, 0x0000000080800000| Untracked 
|   9|0x0000000080900000, 0x0000000080a00000, 0x0000000080a00000|100%| O|  |TAMS 0x0000000080a00000, 0x0000000080900000| Untracked 
|  10|0x0000000080a00000, 0x0000000080b00000, 0x0000000080b00000|100%| O|  |TAMS 0x0000000080b00000, 0x0000000080a00000| Untracked 
|  11|0x0000000080b00000, 0x0000000080c00000, 0x0000000080c00000|100%| O|  |TAMS 0x0000000080c00000, 0x0000000080b00000| Untracked 
|  12|0x0000000080c00000, 0x0000000080d00000, 0x0000000080d00000|100%| O|  |TAMS 0x0000000080d00000, 0x0000000080c00000| Untracked 
|  13|0x0000000080d00000, 0x0000000080e00000, 0x0000000080e00000|100%| O|  |TAMS 0x0000000080e00000, 0x0000000080d00000| Untracked 
|  14|0x0000000080e00000, 0x0000000080f00000, 0x0000000080f00000|100%| O|  |TAMS 0x0000000080f00000, 0x0000000080e00000| Untracked 
|  15|0x0000000080f00000, 0x0000000081000000, 0x0000000081000000|100%| O|  |TAMS 0x0000000081000000, 0x0000000080f00000| Untracked 
|  16|0x0000000081000000, 0x0000000081100000, 0x0000000081100000|100%| O|  |TAMS 0x0000000081100000, 0x0000000081000000| Untracked 
|  17|0x0000000081100000, 0x0000000081200000, 0x0000000081200000|100%| O|  |TAMS 0x0000000081200000, 0x0000000081100000| Untracked 
|  18|0x0000000081200000, 0x0000000081300000, 0x0000000081300000|100%| O|  |TAMS 0x0000000081300000, 0x0000000081200000| Untracked 
|  19|0x0000000081300000, 0x0000000081400000, 0x0000000081400000|100%| O|  |TAMS 0x0000000081400000, 0x0000000081300000| Untracked 
|  20|0x0000000081400000, 0x0000000081500000, 0x0000000081500000|100%| O|  |TAMS 0x0000000081500000, 0x0000000081400000| Untracked 
|  21|0x0000000081500000, 0x0000000081600000, 0x0000000081600000|100%| O|  |TAMS 0x0000000081600000, 0x0000000081500000| Untracked 
|  22|0x0000000081600000, 0x0000000081700000, 0x0000000081700000|100%|HS|  |TAMS 0x0000000081700000, 0x0000000081600000| Complete 
|  23|0x0000000081700000, 0x0000000081800000, 0x0000000081800000|100%|HC|  |TAMS 0x0000000081800000, 0x0000000081700000| Complete 
|  24|0x0000000081800000, 0x0000000081900000, 0x0000000081900000|100%|HS|  |TAMS 0x0000000081900000, 0x0000000081800000| Complete 
|  25|0x0000000081900000, 0x0000000081a00000, 0x0000000081a00000|100%|HC|  |TAMS 0x0000000081a00000, 0x0000000081900000| Complete 
|  26|0x0000000081a00000, 0x0000000081b00000, 0x0000000081b00000|100%|HC|  |TAMS 0x0000000081b00000, 0x0000000081a00000| Complete 
|  27|0x0000000081b00000, 0x0000000081c00000, 0x0000000081c00000|100%|HS|  |TAMS 0x0000000081c00000, 0x0000000081b00000| Complete 
|  28|0x0000000081c00000, 0x0000000081d00000, 0x0000000081d00000|100%|HC|  |TAMS 0x0000000081d00000, 0x0000000081c00000| Complete 
|  29|0x0000000081d00000, 0x0000000081e00000, 0x0000000081e00000|100%|HC|  |TAMS 0x0000000081e00000, 0x0000000081d00000| Complete 
|  30|0x0000000081e00000, 0x0000000081f00000, 0x0000000081f00000|100%| O|  |TAMS 0x0000000081f00000, 0x0000000081e00000| Untracked 
|  31|0x0000000081f00000, 0x0000000082000000, 0x0000000082000000|100%| O|  |TAMS 0x0000000082000000, 0x0000000081f00000| Untracked 
|  32|0x0000000082000000, 0x0000000082100000, 0x0000000082100000|100%|HS|  |TAMS 0x0000000082100000, 0x0000000082000000| Complete 
|  33|0x0000000082100000, 0x0000000082200000, 0x0000000082200000|100%|HC|  |TAMS 0x0000000082200000, 0x0000000082100000| Complete 
|  34|0x0000000082200000, 0x0000000082300000, 0x0000000082300000|100%|HC|  |TAMS 0x0000000082300000, 0x0000000082200000| Complete 
|  35|0x0000000082300000, 0x0000000082400000, 0x0000000082400000|100%| O|  |TAMS 0x0000000082400000, 0x0000000082300000| Updating 
|  36|0x0000000082400000, 0x0000000082500000, 0x0000000082500000|100%| O|  |TAMS 0x0000000082500000, 0x0000000082400000| Untracked 
|  37|0x0000000082500000, 0x0000000082600000, 0x0000000082600000|100%| O|  |TAMS 0x0000000082600000, 0x0000000082500000| Updating 
|  38|0x0000000082600000, 0x0000000082700000, 0x0000000082700000|100%| O|  |TAMS 0x0000000082700000, 0x0000000082600000| Untracked 
|  39|0x0000000082700000, 0x0000000082800000, 0x0000000082800000|100%| O|  |TAMS 0x0000000082800000, 0x0000000082700000| Untracked 
|  40|0x0000000082800000, 0x0000000082900000, 0x0000000082900000|100%| O|  |TAMS 0x0000000082900000, 0x0000000082800000| Untracked 
|  41|0x0000000082900000, 0x0000000082a00000, 0x0000000082a00000|100%| O|  |TAMS 0x0000000082a00000, 0x0000000082900000| Updating 
|  42|0x0000000082a00000, 0x0000000082b00000, 0x0000000082b00000|100%| O|  |TAMS 0x0000000082b00000, 0x0000000082a00000| Untracked 
|  43|0x0000000082b00000, 0x0000000082c00000, 0x0000000082c00000|100%| O|  |TAMS 0x0000000082c00000, 0x0000000082b00000| Untracked 
|  44|0x0000000082c00000, 0x0000000082d00000, 0x0000000082d00000|100%| O|  |TAMS 0x0000000082d00000, 0x0000000082c00000| Untracked 
|  45|0x0000000082d00000, 0x0000000082e00000, 0x0000000082e00000|100%| O|  |TAMS 0x0000000082e00000, 0x0000000082d00000| Untracked 
|  46|0x0000000082e00000, 0x0000000082f00000, 0x0000000082f00000|100%| O|  |TAMS 0x0000000082f00000, 0x0000000082e00000| Untracked 
|  47|0x0000000082f00000, 0x0000000083000000, 0x0000000083000000|100%|HS|  |TAMS 0x0000000083000000, 0x0000000082f00000| Complete 
|  48|0x0000000083000000, 0x0000000083100000, 0x0000000083100000|100%|HC|  |TAMS 0x0000000083100000, 0x0000000083000000| Complete 
|  49|0x0000000083100000, 0x0000000083200000, 0x0000000083200000|100%|HC|  |TAMS 0x0000000083200000, 0x0000000083100000| Complete 
|  50|0x0000000083200000, 0x0000000083300000, 0x0000000083300000|100%|HS|  |TAMS 0x0000000083300000, 0x0000000083200000| Complete 
|  51|0x0000000083300000, 0x0000000083400000, 0x0000000083400000|100%|HC|  |TAMS 0x0000000083400000, 0x0000000083300000| Complete 
|  52|0x0000000083400000, 0x0000000083500000, 0x0000000083500000|100%|HC|  |TAMS 0x0000000083500000, 0x0000000083400000| Complete 
|  53|0x0000000083500000, 0x0000000083600000, 0x0000000083600000|100%| O|  |TAMS 0x0000000083600000, 0x0000000083500000| Untracked 
|  54|0x0000000083600000, 0x0000000083700000, 0x0000000083700000|100%| O|  |TAMS 0x0000000083700000, 0x0000000083600000| Untracked 
|  55|0x0000000083700000, 0x0000000083800000, 0x0000000083800000|100%|HS|  |TAMS 0x0000000083800000, 0x0000000083700000| Complete 
|  56|0x0000000083800000, 0x0000000083900000, 0x0000000083900000|100%|HC|  |TAMS 0x0000000083900000, 0x0000000083800000| Complete 
|  57|0x0000000083900000, 0x0000000083a00000, 0x0000000083a00000|100%|HC|  |TAMS 0x0000000083a00000, 0x0000000083900000| Complete 
|  58|0x0000000083a00000, 0x0000000083b00000, 0x0000000083b00000|100%| O|  |TAMS 0x0000000083b00000, 0x0000000083a00000| Untracked 
|  59|0x0000000083b00000, 0x0000000083c00000, 0x0000000083c00000|100%| O|  |TAMS 0x0000000083c00000, 0x0000000083b00000| Untracked 
|  60|0x0000000083c00000, 0x0000000083d00000, 0x0000000083d00000|100%| O|  |TAMS 0x0000000083d00000, 0x0000000083c00000| Untracked 
|  61|0x0000000083d00000, 0x0000000083e00000, 0x0000000083e00000|100%| O|  |TAMS 0x0000000083e00000, 0x0000000083d00000| Updating 
|  62|0x0000000083e00000, 0x0000000083f00000, 0x0000000083f00000|100%| O|  |TAMS 0x0000000083f00000, 0x0000000083e00000| Untracked 
|  63|0x0000000083f00000, 0x0000000084000000, 0x0000000084000000|100%| O|  |TAMS 0x0000000084000000, 0x0000000083f00000| Untracked 
|  64|0x0000000084000000, 0x0000000084100000, 0x0000000084100000|100%| O|  |TAMS 0x0000000084100000, 0x0000000084000000| Untracked 
|  65|0x0000000084100000, 0x0000000084200000, 0x0000000084200000|100%| O|  |TAMS 0x0000000084200000, 0x0000000084100000| Untracked 
|  66|0x0000000084200000, 0x0000000084300000, 0x0000000084300000|100%| O|  |TAMS 0x0000000084300000, 0x0000000084200000| Untracked 
|  67|0x0000000084300000, 0x0000000084400000, 0x0000000084400000|100%| O|  |TAMS 0x0000000084400000, 0x0000000084300000| Untracked 
|  68|0x0000000084400000, 0x0000000084500000, 0x0000000084500000|100%| O|  |TAMS 0x0000000084500000, 0x0000000084400000| Untracked 
|  69|0x0000000084500000, 0x0000000084600000, 0x0000000084600000|100%| O|  |TAMS 0x0000000084600000, 0x0000000084500000| Untracked 
|  70|0x0000000084600000, 0x0000000084700000, 0x0000000084700000|100%| O|  |TAMS 0x0000000084700000, 0x0000000084600000| Updating 
|  71|0x0000000084700000, 0x0000000084800000, 0x0000000084800000|100%| O|  |TAMS 0x0000000084800000, 0x0000000084700000| Untracked 
|  72|0x0000000084800000, 0x0000000084900000, 0x0000000084900000|100%| O|  |TAMS 0x0000000084900000, 0x0000000084800000| Untracked 
|  73|0x0000000084900000, 0x0000000084a00000, 0x0000000084a00000|100%| O|  |TAMS 0x0000000084a00000, 0x0000000084900000| Updating 
|  74|0x0000000084a00000, 0x0000000084b00000, 0x0000000084b00000|100%|HS|  |TAMS 0x0000000084a00000, 0x0000000084a00000| Complete 
|  75|0x0000000084b00000, 0x0000000084c00000, 0x0000000084c00000|100%|HS|  |TAMS 0x0000000084b00000, 0x0000000084b00000| Complete 
|  76|0x0000000084c00000, 0x0000000084c00000, 0x0000000084d00000|  0%| F|  |TAMS 0x0000000084c00000, 0x0000000084c00000| Untracked 
|  77|0x0000000084d00000, 0x0000000084d00000, 0x0000000084e00000|  0%| F|  |TAMS 0x0000000084d00000, 0x0000000084d00000| Untracked 
|  78|0x0000000084e00000, 0x0000000084e00000, 0x0000000084f00000|  0%| F|  |TAMS 0x0000000084e00000, 0x0000000084e00000| Untracked 
|  79|0x0000000084f00000, 0x0000000084f00000, 0x0000000085000000|  0%| F|  |TAMS 0x0000000084f00000, 0x0000000084f00000| Untracked 
|  80|0x0000000085000000, 0x0000000085000000, 0x0000000085100000|  0%| F|  |TAMS 0x0000000085000000, 0x0000000085000000| Untracked 
|  81|0x0000000085100000, 0x0000000085200000, 0x0000000085200000|100%| O|  |TAMS 0x0000000085200000, 0x0000000085100000| Untracked 
|  82|0x0000000085200000, 0x0000000085300000, 0x0000000085300000|100%| O|  |TAMS 0x0000000085300000, 0x0000000085200000| Untracked 
|  83|0x0000000085300000, 0x0000000085400000, 0x0000000085400000|100%| O|  |TAMS 0x0000000085400000, 0x0000000085300000| Untracked 
|  84|0x0000000085400000, 0x0000000085500000, 0x0000000085500000|100%| O|  |TAMS 0x0000000085500000, 0x0000000085400000| Untracked 
|  85|0x0000000085500000, 0x0000000085600000, 0x0000000085600000|100%| O|  |TAMS 0x0000000085600000, 0x0000000085500000| Updating 
|  86|0x0000000085600000, 0x0000000085700000, 0x0000000085700000|100%| O|  |TAMS 0x0000000085700000, 0x0000000085600000| Updating 
|  87|0x0000000085700000, 0x0000000085800000, 0x0000000085800000|100%| O|  |TAMS 0x0000000085800000, 0x0000000085700000| Updating 
|  88|0x0000000085800000, 0x0000000085900000, 0x0000000085900000|100%| O|  |TAMS 0x0000000085850400, 0x0000000085800000| Updating 
|  89|0x0000000085900000, 0x0000000085900000, 0x0000000085a00000|  0%| F|  |TAMS 0x0000000085900000, 0x0000000085900000| Untracked 
|  90|0x0000000085a00000, 0x0000000085b00000, 0x0000000085b00000|100%| O|  |TAMS 0x0000000085a00000, 0x0000000085a00000| Untracked 
|  91|0x0000000085b00000, 0x0000000085c00000, 0x0000000085c00000|100%| O|  |TAMS 0x0000000085b00000, 0x0000000085b00000| Untracked 
|  92|0x0000000085c00000, 0x0000000085d00000, 0x0000000085d00000|100%| O|  |TAMS 0x0000000085c00000, 0x0000000085c00000| Untracked 
|  93|0x0000000085d00000, 0x0000000085e00000, 0x0000000085e00000|100%| O|  |TAMS 0x0000000085d00000, 0x0000000085d00000| Untracked 
|  94|0x0000000085e00000, 0x0000000085f00000, 0x0000000085f00000|100%| O|  |TAMS 0x0000000085e00000, 0x0000000085e00000| Untracked 
|  95|0x0000000085f00000, 0x0000000085f5ae00, 0x0000000086000000| 35%| O|  |TAMS 0x0000000085f00000, 0x0000000085f00000| Updating 
|  96|0x0000000086000000, 0x0000000086000000, 0x0000000086100000|  0%| F|  |TAMS 0x0000000086000000, 0x0000000086000000| Untracked 
|  97|0x0000000086100000, 0x0000000086100000, 0x0000000086200000|  0%| F|  |TAMS 0x0000000086100000, 0x0000000086100000| Untracked 
|  98|0x0000000086200000, 0x0000000086200000, 0x0000000086300000|  0%| F|  |TAMS 0x0000000086200000, 0x0000000086200000| Untracked 
|  99|0x0000000086300000, 0x0000000086300000, 0x0000000086400000|  0%| F|  |TAMS 0x0000000086300000, 0x0000000086300000| Untracked 
| 100|0x0000000086400000, 0x0000000086400000, 0x0000000086500000|  0%| F|  |TAMS 0x0000000086400000, 0x0000000086400000| Untracked 
| 101|0x0000000086500000, 0x0000000086500000, 0x0000000086600000|  0%| F|  |TAMS 0x0000000086500000, 0x0000000086500000| Untracked 
| 102|0x0000000086600000, 0x0000000086600000, 0x0000000086700000|  0%| F|  |TAMS 0x0000000086600000, 0x0000000086600000| Untracked 
| 103|0x0000000086700000, 0x0000000086700000, 0x0000000086800000|  0%| F|  |TAMS 0x0000000086700000, 0x0000000086700000| Untracked 
| 104|0x0000000086800000, 0x0000000086800000, 0x0000000086900000|  0%| F|  |TAMS 0x0000000086800000, 0x0000000086800000| Untracked 
| 105|0x0000000086900000, 0x0000000086900000, 0x0000000086a00000|  0%| F|  |TAMS 0x0000000086900000, 0x0000000086900000| Untracked 
| 106|0x0000000086a00000, 0x0000000086a00000, 0x0000000086b00000|  0%| F|  |TAMS 0x0000000086a00000, 0x0000000086a00000| Untracked 
| 107|0x0000000086b00000, 0x0000000086b00000, 0x0000000086c00000|  0%| F|  |TAMS 0x0000000086b00000, 0x0000000086b00000| Untracked 
| 108|0x0000000086c00000, 0x0000000086c00000, 0x0000000086d00000|  0%| F|  |TAMS 0x0000000086c00000, 0x0000000086c00000| Untracked 
| 109|0x0000000086d00000, 0x0000000086d00000, 0x0000000086e00000|  0%| F|  |TAMS 0x0000000086d00000, 0x0000000086d00000| Untracked 
| 110|0x0000000086e00000, 0x0000000086e00000, 0x0000000086f00000|  0%| F|  |TAMS 0x0000000086e00000, 0x0000000086e00000| Untracked 
| 111|0x0000000086f00000, 0x0000000086f00000, 0x0000000087000000|  0%| F|  |TAMS 0x0000000086f00000, 0x0000000086f00000| Untracked 
| 112|0x0000000087000000, 0x0000000087000000, 0x0000000087100000|  0%| F|  |TAMS 0x0000000087000000, 0x0000000087000000| Untracked 
| 113|0x0000000087100000, 0x0000000087100000, 0x0000000087200000|  0%| F|  |TAMS 0x0000000087100000, 0x0000000087100000| Untracked 
| 114|0x0000000087200000, 0x0000000087200000, 0x0000000087300000|  0%| F|  |TAMS 0x0000000087200000, 0x0000000087200000| Untracked 
| 115|0x0000000087300000, 0x0000000087300000, 0x0000000087400000|  0%| F|  |TAMS 0x0000000087300000, 0x0000000087300000| Untracked 
| 116|0x0000000087400000, 0x0000000087400000, 0x0000000087500000|  0%| F|  |TAMS 0x0000000087400000, 0x0000000087400000| Untracked 
| 117|0x0000000087500000, 0x0000000087500000, 0x0000000087600000|  0%| F|  |TAMS 0x0000000087500000, 0x0000000087500000| Untracked 
| 118|0x0000000087600000, 0x0000000087600000, 0x0000000087700000|  0%| F|  |TAMS 0x0000000087600000, 0x0000000087600000| Untracked 
| 119|0x0000000087700000, 0x0000000087700000, 0x0000000087800000|  0%| F|  |TAMS 0x0000000087700000, 0x0000000087700000| Untracked 
| 120|0x0000000087800000, 0x0000000087800000, 0x0000000087900000|  0%| F|  |TAMS 0x0000000087800000, 0x0000000087800000| Untracked 
| 121|0x0000000087900000, 0x0000000087900000, 0x0000000087a00000|  0%| F|  |TAMS 0x0000000087900000, 0x0000000087900000| Untracked 
| 122|0x0000000087a00000, 0x0000000087a00000, 0x0000000087b00000|  0%| F|  |TAMS 0x0000000087a00000, 0x0000000087a00000| Untracked 
| 123|0x0000000087b00000, 0x0000000087b00000, 0x0000000087c00000|  0%| F|  |TAMS 0x0000000087b00000, 0x0000000087b00000| Untracked 
| 124|0x0000000087c00000, 0x0000000087c00000, 0x0000000087d00000|  0%| F|  |TAMS 0x0000000087c00000, 0x0000000087c00000| Untracked 
| 125|0x0000000087d00000, 0x0000000087d00000, 0x0000000087e00000|  0%| F|  |TAMS 0x0000000087d00000, 0x0000000087d00000| Untracked 
| 126|0x0000000087e00000, 0x0000000087e00000, 0x0000000087f00000|  0%| F|  |TAMS 0x0000000087e00000, 0x0000000087e00000| Untracked 
| 127|0x0000000087f00000, 0x0000000087f00000, 0x0000000088000000|  0%| F|  |TAMS 0x0000000087f00000, 0x0000000087f00000| Untracked 
| 128|0x0000000088000000, 0x0000000088000000, 0x0000000088100000|  0%| F|  |TAMS 0x0000000088000000, 0x0000000088000000| Untracked 
| 129|0x0000000088100000, 0x0000000088100000, 0x0000000088200000|  0%| F|  |TAMS 0x0000000088100000, 0x0000000088100000| Untracked 
| 130|0x0000000088200000, 0x0000000088200000, 0x0000000088300000|  0%| F|  |TAMS 0x0000000088200000, 0x0000000088200000| Untracked 
| 131|0x0000000088300000, 0x0000000088300000, 0x0000000088400000|  0%| F|  |TAMS 0x0000000088300000, 0x0000000088300000| Untracked 
| 132|0x0000000088400000, 0x0000000088400000, 0x0000000088500000|  0%| F|  |TAMS 0x0000000088400000, 0x0000000088400000| Untracked 
| 133|0x0000000088500000, 0x0000000088500000, 0x0000000088600000|  0%| F|  |TAMS 0x0000000088500000, 0x0000000088500000| Untracked 
| 134|0x0000000088600000, 0x0000000088600000, 0x0000000088700000|  0%| F|  |TAMS 0x0000000088600000, 0x0000000088600000| Untracked 
| 135|0x0000000088700000, 0x0000000088700000, 0x0000000088800000|  0%| F|  |TAMS 0x0000000088700000, 0x0000000088700000| Untracked 
| 136|0x0000000088800000, 0x0000000088800000, 0x0000000088900000|  0%| F|  |TAMS 0x0000000088800000, 0x0000000088800000| Untracked 
| 137|0x0000000088900000, 0x0000000088900000, 0x0000000088a00000|  0%| F|  |TAMS 0x0000000088900000, 0x0000000088900000| Untracked 
| 138|0x0000000088a00000, 0x0000000088a00000, 0x0000000088b00000|  0%| F|  |TAMS 0x0000000088a00000, 0x0000000088a00000| Untracked 
| 139|0x0000000088b00000, 0x0000000088b00000, 0x0000000088c00000|  0%| F|  |TAMS 0x0000000088b00000, 0x0000000088b00000| Untracked 
| 140|0x0000000088c00000, 0x0000000088c00000, 0x0000000088d00000|  0%| F|  |TAMS 0x0000000088c00000, 0x0000000088c00000| Untracked 
| 141|0x0000000088d00000, 0x0000000088d00000, 0x0000000088e00000|  0%| F|  |TAMS 0x0000000088d00000, 0x0000000088d00000| Untracked 
| 142|0x0000000088e00000, 0x0000000088e00000, 0x0000000088f00000|  0%| F|  |TAMS 0x0000000088e00000, 0x0000000088e00000| Untracked 
| 143|0x0000000088f00000, 0x0000000088f00000, 0x0000000089000000|  0%| F|  |TAMS 0x0000000088f00000, 0x0000000088f00000| Untracked 
| 144|0x0000000089000000, 0x0000000089000000, 0x0000000089100000|  0%| F|  |TAMS 0x0000000089000000, 0x0000000089000000| Untracked 
| 145|0x0000000089100000, 0x0000000089100000, 0x0000000089200000|  0%| F|  |TAMS 0x0000000089100000, 0x0000000089100000| Untracked 
| 146|0x0000000089200000, 0x0000000089200000, 0x0000000089300000|  0%| F|  |TAMS 0x0000000089200000, 0x0000000089200000| Untracked 
| 147|0x0000000089300000, 0x0000000089300000, 0x0000000089400000|  0%| F|  |TAMS 0x0000000089300000, 0x0000000089300000| Untracked 
| 148|0x0000000089400000, 0x0000000089400000, 0x0000000089500000|  0%| F|  |TAMS 0x0000000089400000, 0x0000000089400000| Untracked 
| 149|0x0000000089500000, 0x0000000089500000, 0x0000000089600000|  0%| F|  |TAMS 0x0000000089500000, 0x0000000089500000| Untracked 
| 150|0x0000000089600000, 0x0000000089600800, 0x0000000089700000|  0%| E|  |TAMS 0x0000000089600000, 0x0000000089600000| Complete 
| 151|0x0000000089700000, 0x0000000089800000, 0x0000000089800000|100%| E|CS|TAMS 0x0000000089700000, 0x0000000089700000| Complete 
| 152|0x0000000089800000, 0x0000000089900000, 0x0000000089900000|100%| E|CS|TAMS 0x0000000089800000, 0x0000000089800000| Complete 
| 153|0x0000000089900000, 0x0000000089a00000, 0x0000000089a00000|100%| E|CS|TAMS 0x0000000089900000, 0x0000000089900000| Complete 
| 154|0x0000000089a00000, 0x0000000089b00000, 0x0000000089b00000|100%| E|CS|TAMS 0x0000000089a00000, 0x0000000089a00000| Complete 
| 155|0x0000000089b00000, 0x0000000089c00000, 0x0000000089c00000|100%| E|CS|TAMS 0x0000000089b00000, 0x0000000089b00000| Complete 
| 156|0x0000000089c00000, 0x0000000089d00000, 0x0000000089d00000|100%| E|CS|TAMS 0x0000000089c00000, 0x0000000089c00000| Complete 
| 157|0x0000000089d00000, 0x0000000089e00000, 0x0000000089e00000|100%| E|CS|TAMS 0x0000000089d00000, 0x0000000089d00000| Complete 
| 158|0x0000000089e00000, 0x0000000089f00000, 0x0000000089f00000|100%| E|CS|TAMS 0x0000000089e00000, 0x0000000089e00000| Complete 
| 159|0x0000000089f00000, 0x000000008a000000, 0x000000008a000000|100%| E|CS|TAMS 0x0000000089f00000, 0x0000000089f00000| Complete 
| 160|0x000000008a000000, 0x000000008a100000, 0x000000008a100000|100%| E|CS|TAMS 0x000000008a000000, 0x000000008a000000| Complete 
| 161|0x000000008a100000, 0x000000008a1cf780, 0x000000008a200000| 81%| S|CS|TAMS 0x000000008a100000, 0x000000008a100000| Complete 
| 162|0x000000008a200000, 0x000000008a300000, 0x000000008a300000|100%| S|CS|TAMS 0x000000008a200000, 0x000000008a200000| Complete 
| 163|0x000000008a300000, 0x000000008a400000, 0x000000008a400000|100%| S|CS|TAMS 0x000000008a300000, 0x000000008a300000| Complete 
| 164|0x000000008a400000, 0x000000008a500000, 0x000000008a500000|100%| E|CS|TAMS 0x000000008a400000, 0x000000008a400000| Complete 
| 165|0x000000008a500000, 0x000000008a600000, 0x000000008a600000|100%| E|CS|TAMS 0x000000008a500000, 0x000000008a500000| Complete 
| 166|0x000000008a600000, 0x000000008a700000, 0x000000008a700000|100%| E|CS|TAMS 0x000000008a600000, 0x000000008a600000| Complete 

Card table byte_map: [0x000002c67b070000,0x000002c67b470000] _byte_map_base: 0x000002c67ac70000

Marking Bits (Prev, Next): (CMBitMap*) 0x000002c6759e8c00, (CMBitMap*) 0x000002c6759e8bc0
 Prev Bits: [0x000002c67d870000, 0x000002c67f870000)
 Next Bits: [0x000002c67b870000, 0x000002c67d870000)

Polling page: 0x000002c67a610000

Metaspace:

Usage:
  Non-class:     71.89 MB used.
      Class:     11.66 MB used.
       Both:     83.55 MB used.

Virtual space:
  Non-class space:      128.00 MB reserved,      72.31 MB ( 56%) committed,  2 nodes.
      Class space:        1.00 GB reserved,      12.00 MB (  1%) committed,  1 nodes.
             Both:        1.12 GB reserved,      84.31 MB (  7%) committed. 

Chunk freelists:
   Non-Class:  6.91 MB
       Class:  4.06 MB
        Both:  10.97 MB

MaxMetaspaceSize: unlimited
CompressedClassSpaceSize: 1.00 GB
Initial GC threshold: 21.00 MB
Current GC threshold: 140.56 MB
CDS: off
MetaspaceReclaimPolicy: balanced
 - commit_granule_bytes: 65536.
 - commit_granule_words: 8192.
 - virtual_space_node_default_size: 8388608.
 - enlarge_chunks_in_place: 1.
 - new_chunks_are_fully_committed: 0.
 - uncommit_free_chunks: 1.
 - use_allocation_guard: 0.
 - handle_deallocations: 1.


Internal statistics:

num_allocs_failed_limit: 6.
num_arena_births: 936.
num_arena_deaths: 0.
num_vsnodes_births: 3.
num_vsnodes_deaths: 0.
num_space_committed: 1347.
num_space_uncommitted: 0.
num_chunks_returned_to_freelist: 6.
num_chunks_taken_from_freelist: 4040.
num_chunk_merges: 6.
num_chunk_splits: 2748.
num_chunks_enlarged: 1962.
num_inconsistent_stats: 0.

CodeHeap 'non-profiled nmethods': size=120000Kb used=4323Kb max_used=4323Kb free=115676Kb
 bounds [0x000002c607ad0000, 0x000002c607f10000, 0x000002c60f000000]
CodeHeap 'profiled nmethods': size=120000Kb used=15176Kb max_used=15176Kb free=104823Kb
 bounds [0x000002c600000000, 0x000002c600ee0000, 0x000002c607530000]
CodeHeap 'non-nmethods': size=5760Kb used=2409Kb max_used=2430Kb free=3350Kb
 bounds [0x000002c607530000, 0x000002c6077a0000, 0x000002c607ad0000]
 total_blobs=8757 nmethods=7829 adapters=838
 compilation: enabled
              stopped_count=0, restarted_count=0
 full_count=0

Compilation events (20 events):
Event: 23.333 Thread 0x000002c67fefe900 nmethod 8657 0x000002c607f02690 code [0x000002c607f02960, 0x000002c607f06130]
Event: 23.333 Thread 0x000002c67fefe900 8691       4       org.jetbrains.kotlin.com.intellij.openapi.vfs.impl.ZipEntryMap::isTheOne (139 bytes)
Event: 23.338 Thread 0x000002c611248460 8705       3       org.jetbrains.kotlin.com.intellij.openapi.vfs.impl.ArchiveHandler::processEntry (225 bytes)
Event: 23.341 Thread 0x000002c611248460 nmethod 8705 0x000002c600ecc310 code [0x000002c600ecc840, 0x000002c600ececd8]
Event: 23.348 Thread 0x000002c611248460 8706       3       org.jetbrains.kotlin.com.intellij.reference.SoftReference::dereference (13 bytes)
Event: 23.348 Thread 0x000002c611248460 nmethod 8706 0x000002c600ecf910 code [0x000002c600ecfac0, 0x000002c600ecfcc8]
Event: 23.356 Thread 0x000002c611248460 8707       3       org.jetbrains.kotlin.com.intellij.openapi.util.RecursionManager::markStack (22 bytes)
Event: 23.356 Thread 0x000002c611248460 nmethod 8707 0x000002c600ecfd90 code [0x000002c600ecff60, 0x000002c600ed0308]
Event: 23.356 Thread 0x000002c611248460 8708  s    3       java.io.FileDescriptor::attach (73 bytes)
Event: 23.357 Thread 0x000002c611248460 nmethod 8708 0x000002c600ed0490 code [0x000002c600ed06c0, 0x000002c600ed11e8]
Event: 23.360 Thread 0x000002c67fefe900 nmethod 8691 0x000002c607f07d90 code [0x000002c607f07f40, 0x000002c607f087b8]
Event: 23.360 Thread 0x000002c67fefe900 8694       4       org.jetbrains.kotlin.com.intellij.openapi.vfs.impl.ZipEntryMap::get (82 bytes)
Event: 23.365 Thread 0x000002c611248460 8711       2       org.jetbrains.kotlin.com.intellij.util.containers.LinkedCustomHashMap::hashKey (22 bytes)
Event: 23.365 Thread 0x000002c611248460 nmethod 8711 0x000002c600ed1510 code [0x000002c600ed16c0, 0x000002c600ed1848]
Event: 23.365 Thread 0x000002c611248460 8712       2       org.jetbrains.kotlin.com.intellij.util.io.FileAccessorCache::getHashCode (5 bytes)
Event: 23.365 Thread 0x000002c611248460 nmethod 8712 0x000002c600ed1990 code [0x000002c600ed1b20, 0x000002c600ed1c48]
Event: 23.366 Thread 0x000002c611248460 8713       2       java.lang.ref.SoftReference::get (29 bytes)
Event: 23.367 Thread 0x000002c611248460 nmethod 8713 0x000002c600ed1d10 code [0x000002c600ed1ea0, 0x000002c600ed1ff8]
Event: 23.402 Thread 0x000002c611248460 8714       1       org.jetbrains.kotlin.com.intellij.util.containers.LinkedCustomHashMap$Entry::access$200 (5 bytes)
Event: 23.402 Thread 0x000002c611248460 nmethod 8714 0x000002c607f08c10 code [0x000002c607f08da0, 0x000002c607f08e58]

GC Heap History (20 events):
Event: 14.593 GC heap before
{Heap before GC invocations=31 (full 0):
 garbage-first heap   total 140288K, used 104724K [0x0000000080000000, 0x0000000100000000)
  region size 1024K, 41 young (41984K), 3 survivors (3072K)
 Metaspace       used 62753K, committed 63424K, reserved 1114112K
  class space    used 8489K, committed 8832K, reserved 1048576K
}
Event: 14.601 GC heap after
{Heap after GC invocations=32 (full 0):
 garbage-first heap   total 140288K, used 66937K [0x0000000080000000, 0x0000000100000000)
  region size 1024K, 4 young (4096K), 4 survivors (4096K)
 Metaspace       used 62753K, committed 63424K, reserved 1114112K
  class space    used 8489K, committed 8832K, reserved 1048576K
}
Event: 16.334 GC heap before
{Heap before GC invocations=32 (full 0):
 garbage-first heap   total 140288K, used 108921K [0x0000000080000000, 0x0000000100000000)
  region size 1024K, 45 young (46080K), 4 survivors (4096K)
 Metaspace       used 67198K, committed 67904K, reserved 1114112K
  class space    used 9207K, committed 9536K, reserved 1048576K
}
Event: 16.345 GC heap after
{Heap after GC invocations=33 (full 0):
 garbage-first heap   total 140288K, used 69706K [0x0000000080000000, 0x0000000100000000)
  region size 1024K, 6 young (6144K), 6 survivors (6144K)
 Metaspace       used 67198K, committed 67904K, reserved 1114112K
  class space    used 9207K, committed 9536K, reserved 1048576K
}
Event: 18.434 GC heap before
{Heap before GC invocations=34 (full 0):
 garbage-first heap   total 140288K, used 109642K [0x0000000080000000, 0x0000000100000000)
  region size 1024K, 46 young (47104K), 6 survivors (6144K)
 Metaspace       used 68791K, committed 69504K, reserved 1114112K
  class space    used 9377K, committed 9728K, reserved 1048576K
}
Event: 18.450 GC heap after
{Heap after GC invocations=35 (full 0):
 garbage-first heap   total 140288K, used 73149K [0x0000000080000000, 0x0000000100000000)
  region size 1024K, 6 young (6144K), 6 survivors (6144K)
 Metaspace       used 68791K, committed 69504K, reserved 1114112K
  class space    used 9377K, committed 9728K, reserved 1048576K
}
Event: 19.654 GC heap before
{Heap before GC invocations=35 (full 0):
 garbage-first heap   total 140288K, used 111037K [0x0000000080000000, 0x0000000100000000)
  region size 1024K, 44 young (45056K), 6 survivors (6144K)
 Metaspace       used 69054K, committed 69760K, reserved 1114112K
  class space    used 9379K, committed 9728K, reserved 1048576K
}
Event: 19.665 GC heap after
{Heap after GC invocations=36 (full 0):
 garbage-first heap   total 140288K, used 74259K [0x0000000080000000, 0x0000000100000000)
  region size 1024K, 2 young (2048K), 2 survivors (2048K)
 Metaspace       used 69054K, committed 69760K, reserved 1114112K
  class space    used 9379K, committed 9728K, reserved 1048576K
}
Event: 20.545 GC heap before
{Heap before GC invocations=37 (full 0):
 garbage-first heap   total 140288K, used 113171K [0x0000000080000000, 0x0000000100000000)
  region size 1024K, 41 young (41984K), 2 survivors (2048K)
 Metaspace       used 69339K, committed 70080K, reserved 1114112K
  class space    used 9439K, committed 9792K, reserved 1048576K
}
Event: 20.550 GC heap after
{Heap after GC invocations=38 (full 0):
 garbage-first heap   total 140288K, used 75534K [0x0000000080000000, 0x0000000100000000)
  region size 1024K, 3 young (3072K), 3 survivors (3072K)
 Metaspace       used 69339K, committed 70080K, reserved 1114112K
  class space    used 9439K, committed 9792K, reserved 1048576K
}
Event: 21.332 GC heap before
{Heap before GC invocations=38 (full 0):
 garbage-first heap   total 140288K, used 115470K [0x0000000080000000, 0x0000000100000000)
  region size 1024K, 43 young (44032K), 3 survivors (3072K)
 Metaspace       used 75750K, committed 76416K, reserved 1179648K
  class space    used 10710K, committed 11008K, reserved 1048576K
}
Event: 21.337 GC heap after
{Heap after GC invocations=39 (full 0):
 garbage-first heap   total 140288K, used 76644K [0x0000000080000000, 0x0000000100000000)
  region size 1024K, 4 young (4096K), 4 survivors (4096K)
 Metaspace       used 75750K, committed 76416K, reserved 1179648K
  class space    used 10710K, committed 11008K, reserved 1048576K
}
Event: 22.072 GC heap before
{Heap before GC invocations=40 (full 0):
 garbage-first heap   total 140288K, used 117604K [0x0000000080000000, 0x0000000100000000)
  region size 1024K, 44 young (45056K), 4 survivors (4096K)
 Metaspace       used 81429K, committed 82176K, reserved 1179648K
  class space    used 11441K, committed 11776K, reserved 1048576K
}
Event: 22.078 GC heap after
{Heap after GC invocations=41 (full 0):
 garbage-first heap   total 140288K, used 77563K [0x0000000080000000, 0x0000000100000000)
  region size 1024K, 4 young (4096K), 4 survivors (4096K)
 Metaspace       used 81429K, committed 82176K, reserved 1179648K
  class space    used 11441K, committed 11776K, reserved 1048576K
}
Event: 22.627 GC heap before
{Heap before GC invocations=41 (full 0):
 garbage-first heap   total 140288K, used 108283K [0x0000000080000000, 0x0000000100000000)
  region size 1024K, 35 young (35840K), 4 survivors (4096K)
 Metaspace       used 85171K, committed 85888K, reserved 1179648K
  class space    used 11926K, committed 12288K, reserved 1048576K
}
Event: 22.634 GC heap after
{Heap after GC invocations=42 (full 0):
 garbage-first heap   total 140288K, used 78452K [0x0000000080000000, 0x0000000100000000)
  region size 1024K, 3 young (3072K), 3 survivors (3072K)
 Metaspace       used 85171K, committed 85888K, reserved 1179648K
  class space    used 11926K, committed 12288K, reserved 1048576K
}
Event: 23.003 GC heap before
{Heap before GC invocations=43 (full 0):
 garbage-first heap   total 145408K, used 115316K [0x0000000080000000, 0x0000000100000000)
  region size 1024K, 33 young (33792K), 3 survivors (3072K)
 Metaspace       used 85544K, committed 86336K, reserved 1179648K
  class space    used 11936K, committed 12288K, reserved 1048576K
}
Event: 23.030 GC heap after
{Heap after GC invocations=44 (full 0):
 garbage-first heap   total 145408K, used 96577K [0x0000000080000000, 0x0000000100000000)
  region size 1024K, 6 young (6144K), 6 survivors (6144K)
 Metaspace       used 85544K, committed 86336K, reserved 1179648K
  class space    used 11936K, committed 12288K, reserved 1048576K
}
Event: 23.254 GC heap before
{Heap before GC invocations=45 (full 0):
 garbage-first heap   total 171008K, used 103745K [0x0000000080000000, 0x0000000100000000)
  region size 1024K, 13 young (13312K), 6 survivors (6144K)
 Metaspace       used 85551K, committed 86336K, reserved 1179648K
  class space    used 11938K, committed 12288K, reserved 1048576K
}
Event: 23.270 GC heap after
{Heap after GC invocations=46 (full 0):
 garbage-first heap   total 171008K, used 93353K [0x0000000080000000, 0x0000000100000000)
  region size 1024K, 3 young (3072K), 3 survivors (3072K)
 Metaspace       used 85551K, committed 86336K, reserved 1179648K
  class space    used 11938K, committed 12288K, reserved 1048576K
}

Dll operation events (3 events):
Event: 0.016 Loaded shared library C:\Program Files\Android\Android Studio\jbr\bin\java.dll
Event: 0.264 Loaded shared library C:\Program Files\Android\Android Studio\jbr\bin\zip.dll
Event: 1.236 Loaded shared library C:\Program Files\Android\Android Studio\jbr\bin\verify.dll

Deoptimization events (20 events):
Event: 23.077 Thread 0x000002c6170ff410 Uncommon trap: trap_request=0xffffff45 fr.pc=0x000002c607ef831c relative=0x0000000000000abc
Event: 23.077 Thread 0x000002c6170ff410 Uncommon trap: reason=unstable_if action=reinterpret pc=0x000002c607ef831c method=org.jetbrains.kotlin.com.intellij.openapi.vfs.impl.ZipEntryMap.isTheOne(Lorg/jetbrains/kotlin/com/intellij/openapi/vfs/impl/ArchiveHandler$EntryInfo;Ljava/lang/CharSequence;
Event: 23.077 Thread 0x000002c6170ff410 DEOPT PACKING pc=0x000002c607ef831c sp=0x000000cbe36f4160
Event: 23.077 Thread 0x000002c6170ff410 DEOPT UNPACKING pc=0x000002c6075869a3 sp=0x000000cbe36f40a0 mode 2
Event: 23.077 Thread 0x000002c6170ff410 Uncommon trap: trap_request=0xffffff45 fr.pc=0x000002c607efa068 relative=0x0000000000000b88
Event: 23.077 Thread 0x000002c6170ff410 Uncommon trap: reason=unstable_if action=reinterpret pc=0x000002c607efa068 method=org.jetbrains.kotlin.com.intellij.openapi.vfs.impl.ZipEntryMap.isTheOne(Lorg/jetbrains/kotlin/com/intellij/openapi/vfs/impl/ArchiveHandler$EntryInfo;Ljava/lang/CharSequence;
Event: 23.077 Thread 0x000002c6170ff410 DEOPT PACKING pc=0x000002c607efa068 sp=0x000000cbe36f40d0
Event: 23.077 Thread 0x000002c6170ff410 DEOPT UNPACKING pc=0x000002c6075869a3 sp=0x000000cbe36f4030 mode 2
Event: 23.082 Thread 0x000002c6170ff410 Uncommon trap: trap_request=0xffffff45 fr.pc=0x000002c607ef7000 relative=0x00000000000006c0
Event: 23.082 Thread 0x000002c6170ff410 Uncommon trap: reason=unstable_if action=reinterpret pc=0x000002c607ef7000 method=org.jetbrains.kotlin.com.intellij.openapi.vfs.impl.ZipEntryMap.isTheOne(Lorg/jetbrains/kotlin/com/intellij/openapi/vfs/impl/ArchiveHandler$EntryInfo;Ljava/lang/CharSequence;
Event: 23.082 Thread 0x000002c6170ff410 DEOPT PACKING pc=0x000002c607ef7000 sp=0x000000cbe36f4100
Event: 23.082 Thread 0x000002c6170ff410 DEOPT UNPACKING pc=0x000002c6075869a3 sp=0x000000cbe36f40a8 mode 2
Event: 23.145 Thread 0x000002c6170ff410 Uncommon trap: trap_request=0xffffff45 fr.pc=0x000002c607f00630 relative=0x0000000000001ab0
Event: 23.145 Thread 0x000002c6170ff410 Uncommon trap: reason=unstable_if action=reinterpret pc=0x000002c607f00630 method=org.jetbrains.kotlin.com.intellij.openapi.vfs.impl.ArchiveHandler.directoryEntry(Ljava/util/Map;Lorg/jetbrains/kotlin/com/intellij/openapi/diagnostic/Logger;Ljava/lang/Strin
Event: 23.145 Thread 0x000002c6170ff410 DEOPT PACKING pc=0x000002c607f00630 sp=0x000000cbe36f4130
Event: 23.145 Thread 0x000002c6170ff410 DEOPT UNPACKING pc=0x000002c6075869a3 sp=0x000000cbe36f40a8 mode 2
Event: 23.338 Thread 0x000002c6170ff410 Uncommon trap: trap_request=0xffffff45 fr.pc=0x000002c607f055a4 relative=0x0000000000002c44
Event: 23.338 Thread 0x000002c6170ff410 Uncommon trap: reason=unstable_if action=reinterpret pc=0x000002c607f055a4 method=org.jetbrains.kotlin.com.intellij.openapi.vfs.impl.ZipEntryMap.get(Ljava/lang/Object;)Lorg/jetbrains/kotlin/com/intellij/openapi/vfs/impl/ArchiveHandler$EntryInfo; @ 61 c2
Event: 23.338 Thread 0x000002c6170ff410 DEOPT PACKING pc=0x000002c607f055a4 sp=0x000000cbe36f4130
Event: 23.338 Thread 0x000002c6170ff410 DEOPT UNPACKING pc=0x000002c6075869a3 sp=0x000000cbe36f4020 mode 2

Classes unloaded (0 events):
No events

Classes redefined (0 events):
No events

Internal exceptions (20 events):
Event: 20.761 Thread 0x000002c6170ff410 Implicit null exception at 0x000002c607d8ba93 to 0x000002c607d8bbec
Event: 21.155 Thread 0x000002c6170ff410 Exception <a 'sun/nio/fs/WindowsException'{0x000000008690ff40}> (0x000000008690ff40) 
thrown [s\src\hotspot\share\prims\jni.cpp, line 517]
Event: 21.155 Thread 0x000002c6170ff410 Exception <a 'sun/nio/fs/WindowsException'{0x0000000086911cf8}> (0x0000000086911cf8) 
thrown [s\src\hotspot\share\prims\jni.cpp, line 517]
Event: 21.293 Thread 0x000002c6170ff410 Exception <a 'sun/nio/fs/WindowsException'{0x00000000862306d0}> (0x00000000862306d0) 
thrown [s\src\hotspot\share\prims\jni.cpp, line 517]
Event: 21.381 Thread 0x000002c6170ff410 Exception <a 'java/lang/NoSuchMethodError'{0x0000000088661820}: 'long java.lang.invoke.DirectMethodHandle$Holder.invokeStatic(java.lang.Object)'> (0x0000000088661820) 
thrown [s\src\hotspot\share\interpreter\linkResolver.cpp, line 771]
Event: 21.381 Thread 0x000002c6170ff410 Exception <a 'java/lang/NoSuchMethodError'{0x0000000088666668}: 'long java.lang.invoke.DirectMethodHandle$Holder.invokeStaticInit(java.lang.Object)'> (0x0000000088666668) 
thrown [s\src\hotspot\share\interpreter\linkResolver.cpp, line 771]
Event: 21.450 Thread 0x000002c6170ff410 Exception <a 'java/lang/NoSuchMethodError'{0x00000000882d0fc0}: 'void java.lang.invoke.DirectMethodHandle$Holder.invokeStaticInit(java.lang.Object)'> (0x00000000882d0fc0) 
thrown [s\src\hotspot\share\interpreter\linkResolver.cpp, line 771]
Event: 21.460 Thread 0x000002c6170ff410 Exception <a 'java/lang/NoSuchMethodError'{0x0000000088161630}: 'void java.lang.invoke.DelegatingMethodHandle$Holder.reinvoke_L(java.lang.Object, java.lang.Object, java.lang.Object, long, java.lang.Object)'> (0x0000000088161630) 
thrown [s\src\hotspot\share\interpreter\linkResolver.cpp, line 771]
Event: 21.461 Thread 0x000002c6170ff410 Exception <a 'java/lang/NoSuchMethodError'{0x000000008816a0c0}: 'java.lang.Object java.lang.invoke.DirectMethodHandle$Holder.invokeSpecial(java.lang.Object, java.lang.Object, java.lang.Object, java.lang.Object, long)'> (0x000000008816a0c0) 
thrown [s\src\hotspot\share\interpreter\linkResolver.cpp, line 771]
Event: 21.461 Thread 0x000002c6170ff410 Exception <a 'java/lang/NoSuchMethodError'{0x000000008817aa88}: 'int java.lang.invoke.DelegatingMethodHandle$Holder.reinvoke_L(java.lang.Object, java.lang.Object, java.lang.Object, long, java.lang.Object, java.lang.Object)'> (0x000000008817aa88) 
thrown [s\src\hotspot\share\interpreter\linkResolver.cpp, line 771]
Event: 21.462 Thread 0x000002c6170ff410 Exception <a 'java/lang/NoSuchMethodError'{0x000000008818ad98}: 'int java.lang.invoke.DelegatingMethodHandle$Holder.reinvoke_L(java.lang.Object, java.lang.Object, java.lang.Object, long, int, int)'> (0x000000008818ad98) 
thrown [s\src\hotspot\share\interpreter\linkResolver.cpp, line 771]
Event: 21.463 Thread 0x000002c6170ff410 Exception <a 'java/lang/NoSuchMethodError'{0x000000008819b0c0}: 'int java.lang.invoke.DelegatingMethodHandle$Holder.reinvoke_L(java.lang.Object, java.lang.Object, java.lang.Object, long, long, long)'> (0x000000008819b0c0) 
thrown [s\src\hotspot\share\interpreter\linkResolver.cpp, line 771]
Event: 21.464 Thread 0x000002c6170ff410 Exception <a 'java/lang/NoSuchMethodError'{0x00000000881aae60}: 'int java.lang.invoke.DelegatingMethodHandle$Holder.reinvoke_L(java.lang.Object, java.lang.Object, java.lang.Object, long, int)'> (0x00000000881aae60) 
thrown [s\src\hotspot\share\interpreter\linkResolver.cpp, line 771]
Event: 21.465 Thread 0x000002c6170ff410 Exception <a 'java/lang/NoSuchMethodError'{0x00000000881c6210}: 'void java.lang.invoke.DelegatingMethodHandle$Holder.reinvoke_L(java.lang.Object, java.lang.Object, java.lang.Object, long, java.lang.Object, long, long)'> (0x00000000881c6210) 
thrown [s\src\hotspot\share\interpreter\linkResolver.cpp, line 771]
Event: 21.465 Thread 0x000002c6170ff410 Exception <a 'java/lang/NoSuchMethodError'{0x00000000881ce978}: 'long java.lang.invoke.Invokers$Holder.invokeExact_MT(java.lang.Object, java.lang.Object, java.lang.Object)'> (0x00000000881ce978) 
thrown [s\src\hotspot\share\interpreter\linkResolver.cpp, line 771]
Event: 21.466 Thread 0x000002c6170ff410 Exception <a 'java/lang/NoSuchMethodError'{0x00000000881d3dc8}: 'int java.lang.invoke.Invokers$Holder.invokeExact_MT(java.lang.Object, java.lang.Object, java.lang.Object)'> (0x00000000881d3dc8) 
thrown [s\src\hotspot\share\interpreter\linkResolver.cpp, line 771]
Event: 22.138 Thread 0x000002c6170ff410 Exception <a 'java/lang/NoSuchMethodError'{0x00000000885f77f0}: 'java.lang.Object java.lang.invoke.DirectMethodHandle$Holder.invokeStatic(java.lang.Object, java.lang.Object, java.lang.Object, java.lang.Object, int, java.lang.Object)'> (0x00000000885f77f0) 
thrown [s\src\hotspot\share\interpreter\linkResolver.cpp, line 771]
Event: 22.165 Thread 0x000002c6170ff410 Exception <a 'java/lang/NoSuchMethodError'{0x0000000088307920}: 'java.lang.Object java.lang.invoke.Invokers$Holder.invoke_MT(java.lang.Object, java.lang.Object, java.lang.Object)'> (0x0000000088307920) 
thrown [s\src\hotspot\share\interpreter\linkResolver.cpp, line 771]
Event: 22.173 Thread 0x000002c6170ff410 Exception <a 'sun/nio/fs/WindowsException'{0x00000000883675e8}> (0x00000000883675e8) 
thrown [s\src\hotspot\share\prims\jni.cpp, line 517]
Event: 22.501 Thread 0x000002c6170ff410 Exception <a 'java/lang/NoSuchMethodError'{0x0000000087032720}: 'java.lang.Object java.lang.invoke.Invokers$Holder.invokeExact_MT(java.lang.Object, java.lang.Object, long, java.lang.Object)'> (0x0000000087032720) 
thrown [s\src\hotspot\share\interpreter\linkResolver.cpp, line 771]

VM Operations (20 events):
Event: 22.424 Executing VM operation: HandshakeAllThreads done
Event: 22.581 Executing VM operation: HandshakeAllThreads
Event: 22.581 Executing VM operation: HandshakeAllThreads done
Event: 22.626 Executing VM operation: G1TryInitiateConcMark
Event: 22.634 Executing VM operation: G1TryInitiateConcMark done
Event: 22.748 Executing VM operation: G1PauseRemark
Event: 22.753 Executing VM operation: G1PauseRemark done
Event: 22.806 Executing VM operation: G1PauseCleanup
Event: 22.806 Executing VM operation: G1PauseCleanup done
Event: 22.943 Executing VM operation: HandshakeAllThreads
Event: 22.943 Executing VM operation: HandshakeAllThreads done
Event: 23.003 Executing VM operation: G1TryInitiateConcMark
Event: 23.030 Executing VM operation: G1TryInitiateConcMark done
Event: 23.168 Executing VM operation: G1PauseRemark
Event: 23.174 Executing VM operation: G1PauseRemark done
Event: 23.249 Executing VM operation: G1PauseCleanup
Event: 23.250 Executing VM operation: G1PauseCleanup done
Event: 23.254 Executing VM operation: G1TryInitiateConcMark
Event: 23.271 Executing VM operation: G1TryInitiateConcMark done
Event: 23.403 Executing VM operation: G1PauseRemark

Events (20 events):
Event: 22.167 loading class java/io/UTFDataFormatException
Event: 22.167 loading class java/io/UTFDataFormatException done
Event: 22.194 loading class java/nio/channels/NonWritableChannelException
Event: 22.194 loading class java/nio/channels/NonWritableChannelException done
Event: 22.323 loading class java/nio/charset/IllegalCharsetNameException
Event: 22.323 loading class java/nio/charset/IllegalCharsetNameException done
Event: 22.323 loading class java/nio/charset/UnsupportedCharsetException
Event: 22.323 loading class java/nio/charset/UnsupportedCharsetException done
Event: 22.323 loading class sun/nio/cs/UTF_32BE
Event: 22.324 loading class sun/nio/cs/UTF_32BE done
Event: 22.324 loading class sun/nio/cs/UTF_32LE
Event: 22.324 loading class sun/nio/cs/UTF_32LE done
Event: 22.324 loading class sun/nio/cs/MS1251
Event: 22.325 loading class sun/nio/cs/MS1251 done
Event: 22.588 loading class java/beans/PropertyChangeSupport
Event: 22.589 loading class java/beans/PropertyChangeSupport done
Event: 22.589 loading class java/beans/PropertyChangeSupport$PropertyChangeListenerMap
Event: 22.589 loading class java/beans/ChangeListenerMap
Event: 22.590 loading class java/beans/ChangeListenerMap done
Event: 22.590 loading class java/beans/PropertyChangeSupport$PropertyChangeListenerMap done


Dynamic libraries:
0x00007ff685280000 - 0x00007ff68528a000 	C:\Program Files\Android\Android Studio\jbr\bin\java.exe
0x00007ffdc54f0000 - 0x00007ffdc5707000 	C:\WINDOWS\SYSTEM32\ntdll.dll
0x00007ffdc46c0000 - 0x00007ffdc4784000 	C:\WINDOWS\System32\KERNEL32.DLL
0x00007ffdc29e0000 - 0x00007ffdc2d9a000 	C:\WINDOWS\System32\KERNELBASE.dll
0x00007ffdc30b0000 - 0x00007ffdc31c1000 	C:\WINDOWS\System32\ucrtbase.dll
0x00007ffdab060000 - 0x00007ffdab077000 	C:\Program Files\Android\Android Studio\jbr\bin\jli.dll
0x00007ffdb16c0000 - 0x00007ffdb16db000 	C:\Program Files\Android\Android Studio\jbr\bin\VCRUNTIME140.dll
0x00007ffdc3620000 - 0x00007ffdc37ce000 	C:\WINDOWS\System32\USER32.dll
0x00007ffd9dec0000 - 0x00007ffd9e152000 	C:\WINDOWS\WinSxS\amd64_microsoft.windows.common-controls_6595b64144ccf1df_6.0.22621.4541_none_2710d1c57384c085\COMCTL32.dll
0x00007ffdc50f0000 - 0x00007ffdc5197000 	C:\WINDOWS\System32\msvcrt.dll
0x00007ffdc4790000 - 0x00007ffdc47b9000 	C:\WINDOWS\System32\GDI32.dll
0x00007ffdc28f0000 - 0x00007ffdc2916000 	C:\WINDOWS\System32\win32u.dll
0x00007ffdc2da0000 - 0x00007ffdc2ebb000 	C:\WINDOWS\System32\gdi32full.dll
0x00007ffdc2850000 - 0x00007ffdc28ea000 	C:\WINDOWS\System32\msvcp_win.dll
0x00007ffdc35e0000 - 0x00007ffdc3611000 	C:\WINDOWS\System32\IMM32.DLL
0x00007ffdbab00000 - 0x00007ffdbab0c000 	C:\Program Files\Android\Android Studio\jbr\bin\vcruntime140_1.dll
0x00007ffd987f0000 - 0x00007ffd9887d000 	C:\Program Files\Android\Android Studio\jbr\bin\msvcp140.dll
0x00007ffd6a2d0000 - 0x00007ffd6af53000 	C:\Program Files\Android\Android Studio\jbr\bin\server\jvm.dll
0x00007ffdc5310000 - 0x00007ffdc53c2000 	C:\WINDOWS\System32\ADVAPI32.dll
0x00007ffdc3200000 - 0x00007ffdc32a7000 	C:\WINDOWS\System32\sechost.dll
0x00007ffdc31d0000 - 0x00007ffdc31f8000 	C:\WINDOWS\System32\bcrypt.dll
0x00007ffdc3a90000 - 0x00007ffdc3ba4000 	C:\WINDOWS\System32\RPCRT4.dll
0x00007ffdc26a0000 - 0x00007ffdc26ed000 	C:\WINDOWS\SYSTEM32\POWRPROF.dll
0x00007ffdbaa60000 - 0x00007ffdbaa69000 	C:\WINDOWS\SYSTEM32\WSOCK32.dll
0x00007ffdc53d0000 - 0x00007ffdc5441000 	C:\WINDOWS\System32\WS2_32.dll
0x00007ffdb0c50000 - 0x00007ffdb0c5a000 	C:\WINDOWS\SYSTEM32\VERSION.dll
0x00007ffdb7a60000 - 0x00007ffdb7a94000 	C:\WINDOWS\SYSTEM32\WINMM.dll
0x00007ffdc2680000 - 0x00007ffdc2693000 	C:\WINDOWS\SYSTEM32\UMPDC.dll
0x00007ffdc17d0000 - 0x00007ffdc17e8000 	C:\WINDOWS\SYSTEM32\kernel.appcore.dll
0x00007ffdbaa30000 - 0x00007ffdbaa3a000 	C:\Program Files\Android\Android Studio\jbr\bin\jimage.dll
0x00007ffdbd020000 - 0x00007ffdbd252000 	C:\WINDOWS\SYSTEM32\DBGHELP.DLL
0x00007ffdc4330000 - 0x00007ffdc46bf000 	C:\WINDOWS\System32\combase.dll
0x00007ffdc3330000 - 0x00007ffdc3407000 	C:\WINDOWS\System32\OLEAUT32.dll
0x00007ffdb1080000 - 0x00007ffdb10b2000 	C:\WINDOWS\SYSTEM32\dbgcore.DLL
0x00007ffdc3030000 - 0x00007ffdc30ab000 	C:\WINDOWS\System32\bcryptPrimitives.dll
0x00007ffdab080000 - 0x00007ffdab08e000 	C:\Program Files\Android\Android Studio\jbr\bin\instrument.dll
0x00007ffdafbf0000 - 0x00007ffdafc15000 	C:\Program Files\Android\Android Studio\jbr\bin\java.dll
0x00007ffdb1170000 - 0x00007ffdb1188000 	C:\Program Files\Android\Android Studio\jbr\bin\zip.dll
0x00007ffdc4870000 - 0x00007ffdc50e8000 	C:\WINDOWS\System32\SHELL32.dll
0x00007ffdc06c0000 - 0x00007ffdc0fc8000 	C:\WINDOWS\SYSTEM32\windows.storage.dll
0x00007ffdc0580000 - 0x00007ffdc06bf000 	C:\WINDOWS\SYSTEM32\wintypes.dll
0x00007ffdc3990000 - 0x00007ffdc3a8a000 	C:\WINDOWS\System32\SHCORE.dll
0x00007ffdc5450000 - 0x00007ffdc54ae000 	C:\WINDOWS\System32\shlwapi.dll
0x00007ffdc2700000 - 0x00007ffdc272b000 	C:\WINDOWS\SYSTEM32\profapi.dll
0x00007ffdae020000 - 0x00007ffdae039000 	C:\Program Files\Android\Android Studio\jbr\bin\net.dll
0x00007ffdb8120000 - 0x00007ffdb8256000 	C:\WINDOWS\SYSTEM32\WINHTTP.dll
0x00007ffdc1c50000 - 0x00007ffdc1cb9000 	C:\WINDOWS\system32\mswsock.dll
0x00007ffdadae0000 - 0x00007ffdadaf6000 	C:\Program Files\Android\Android Studio\jbr\bin\nio.dll
0x00007ffdb0d10000 - 0x00007ffdb0d20000 	C:\Program Files\Android\Android Studio\jbr\bin\verify.dll
0x00007ffda8c40000 - 0x00007ffda8c67000 	C:\Users\lyvtr\.gradle\native\1def1411415f61bf3af743bc5b6707747c0891f09f0c88961ee8f79bc544acac\windows-amd64\native-platform.dll
0x00007ffd97cb0000 - 0x00007ffd97d28000 	C:\Users\lyvtr\.gradle\native\0.2.7\x86_64-windows-gnu\gradle-fileevents.dll
0x00007ffdabf10000 - 0x00007ffdabf19000 	C:\Program Files\Android\Android Studio\jbr\bin\management.dll
0x00007ffdabf00000 - 0x00007ffdabf0b000 	C:\Program Files\Android\Android Studio\jbr\bin\management_ext.dll
0x00007ffdc3bb0000 - 0x00007ffdc3bb8000 	C:\WINDOWS\System32\PSAPI.DLL
0x00007ffdc1230000 - 0x00007ffdc125d000 	C:\WINDOWS\SYSTEM32\IPHLPAPI.DLL
0x00007ffdc42b0000 - 0x00007ffdc42b9000 	C:\WINDOWS\System32\NSI.dll
0x00007ffdb8100000 - 0x00007ffdb8119000 	C:\WINDOWS\SYSTEM32\dhcpcsvc6.DLL
0x00007ffdb80e0000 - 0x00007ffdb80ff000 	C:\WINDOWS\SYSTEM32\dhcpcsvc.DLL
0x00007ffdc1260000 - 0x00007ffdc1362000 	C:\WINDOWS\SYSTEM32\DNSAPI.dll
0x00007ffdadad0000 - 0x00007ffdadad9000 	C:\Program Files\Android\Android Studio\jbr\bin\extnet.dll
0x00007ffdc1e70000 - 0x00007ffdc1e8b000 	C:\WINDOWS\SYSTEM32\CRYPTSP.dll
0x00007ffdc1730000 - 0x00007ffdc1765000 	C:\WINDOWS\system32\rsaenh.dll
0x00007ffdc1d10000 - 0x00007ffdc1d38000 	C:\WINDOWS\SYSTEM32\USERENV.dll
0x00007ffdc1e90000 - 0x00007ffdc1e9c000 	C:\WINDOWS\SYSTEM32\CRYPTBASE.dll
0x00007ffdb8850000 - 0x00007ffdb8858000 	C:\WINDOWS\system32\wshunix.dll

dbghelp: loaded successfully - version: 4.0.5 - missing functions: none
symbol engine: initialized successfully - sym options: 0x614 - pdb path: .;C:\Program Files\Android\Android Studio\jbr\bin;C:\WINDOWS\SYSTEM32;C:\WINDOWS\WinSxS\amd64_microsoft.windows.common-controls_6595b64144ccf1df_6.0.22621.4541_none_2710d1c57384c085;C:\Program Files\Android\Android Studio\jbr\bin\server;C:\Users\lyvtr\.gradle\native\1def1411415f61bf3af743bc5b6707747c0891f09f0c88961ee8f79bc544acac\windows-amd64;C:\Users\lyvtr\.gradle\native\0.2.7\x86_64-windows-gnu

VM Arguments:
jvm_args: --add-opens=java.base/java.lang=ALL-UNNAMED --add-opens=java.base/java.lang.invoke=ALL-UNNAMED --add-opens=java.base/java.util=ALL-UNNAMED --add-opens=java.prefs/java.util.prefs=ALL-UNNAMED --add-exports=jdk.compiler/com.sun.tools.javac.api=ALL-UNNAMED --add-exports=jdk.compiler/com.sun.tools.javac.util=ALL-UNNAMED --add-opens=java.base/java.util=ALL-UNNAMED --add-opens=java.prefs/java.util.prefs=ALL-UNNAMED --add-opens=java.base/java.nio.charset=ALL-UNNAMED --add-opens=java.base/java.net=ALL-UNNAMED --add-opens=java.base/java.util.concurrent.atomic=ALL-UNNAMED --add-opens=java.xml/javax.xml.namespace=ALL-UNNAMED -Xmx2048m -Dfile.encoding=UTF-8 -Duser.country=US -Duser.language=en -Duser.variant -javaagent:C:\Users\lyvtr\.gradle\wrapper\dists\gradle-8.13-rc-1-bin\adhm0wz4vblkvx5x4y2tseqdw\gradle-8.13-rc-1\lib\agents\gradle-instrumentation-agent-8.13.jar 
java_command: org.gradle.launcher.daemon.bootstrap.GradleDaemon 8.13-rc-1
java_class_path (initial): C:\Users\lyvtr\.gradle\wrapper\dists\gradle-8.13-rc-1-bin\adhm0wz4vblkvx5x4y2tseqdw\gradle-8.13-rc-1\lib\gradle-daemon-main-8.13.jar
Launcher Type: SUN_STANDARD

[Global flags]
     intx CICompilerCount                          = 3                                         {product} {ergonomic}
     uint ConcGCThreads                            = 1                                         {product} {ergonomic}
     uint G1ConcRefinementThreads                  = 4                                         {product} {ergonomic}
   size_t G1HeapRegionSize                         = 1048576                                   {product} {ergonomic}
    uintx GCDrainStackTargetSize                   = 64                                        {product} {ergonomic}
   size_t InitialHeapSize                          = 65011712                                  {product} {ergonomic}
   size_t MarkStackSize                            = 4194304                                   {product} {ergonomic}
   size_t MaxHeapSize                              = 2147483648                                {product} {command line}
   size_t MaxNewSize                               = 1287651328                                {product} {ergonomic}
   size_t MinHeapDeltaBytes                        = 1048576                                   {product} {ergonomic}
   size_t MinHeapSize                              = 8388608                                   {product} {ergonomic}
    uintx NonNMethodCodeHeapSize                   = 5832780                                {pd product} {ergonomic}
    uintx NonProfiledCodeHeapSize                  = 122912730                              {pd product} {ergonomic}
    uintx ProfiledCodeHeapSize                     = 122912730                              {pd product} {ergonomic}
    uintx ReservedCodeCacheSize                    = 251658240                              {pd product} {ergonomic}
     bool SegmentedCodeCache                       = true                                      {product} {ergonomic}
   size_t SoftMaxHeapSize                          = 2147483648                             {manageable} {ergonomic}
     bool UseCompressedClassPointers               = true                           {product lp64_product} {ergonomic}
     bool UseCompressedOops                        = true                           {product lp64_product} {ergonomic}
     bool UseG1GC                                  = true                                      {product} {ergonomic}
     bool UseLargePagesIndividualAllocation        = false                                  {pd product} {ergonomic}

Logging:
Log output configuration:
 #0: stdout all=warning uptime,level,tags
 #1: stderr all=off uptime,level,tags

Environment Variables:
JAVA_HOME=C:\Program Files\Java\jdk-22
PATH=C:\Program Files\National Instruments\Shared\OpenVINO\;C:\Program Files\Common Files\Oracle\Java\javapath;C:\WINDOWS\system32;C:\WINDOWS;C:\WINDOWS\System32\Wbem;C:\WINDOWS\System32\WindowsPowerShell\v1.0\;C:\WINDOWS\System32\OpenSSH\;C:\Program Files\nodejs\;C:\Program Files\Git\cmd;C:\Users\lyvtr\AppData\Local\Microsoft\WindowsApps;C:\Users\lyvtr\AppData\Roaming\npm;C:\Users\lyvtr\AppData\Local\Programs\Microsoft VS Code\bin;C:\Users\lyvtr\anaconda3\Library;C:\Program Files\Java\jdk-22\bin;
USERNAME=lyvtr
OS=Windows_NT
PROCESSOR_IDENTIFIER=Intel64 Family 6 Model 142 Stepping 11, GenuineIntel
TMP=C:\Users\lyvtr\AppData\Local\Temp
TEMP=C:\Users\lyvtr\AppData\Local\Temp



Periodic native trim disabled

JNI global refs:
JNI global refs: 26, weak refs: 9

JNI global refs memory usage: 843, weak refs: 841

OOME stack traces (most recent first):
Classloader memory used:
Loader org.gradle.internal.classloader.VisitableURLClassLoader                         : 6600K
Loader bootstrap                                                                       : 2556K
Loader org.gradle.initialization.MixInLegacyTypesClassLoader                           : 1178K
Loader org.gradle.internal.classloader.VisitableURLClassLoader                         : 93463B
Loader org.gradle.internal.classloader.VisitableURLClassLoader$InstrumentingVisitableURLClassLoader: 84555B
Loader jdk.internal.loader.ClassLoaders$PlatformClassLoader                            : 66945B
Loader jdk.internal.reflect.DelegatingClassLoader                                      : 37967B
Loader jdk.internal.jrtfs.JrtFileSystemProvider$JrtFsLoader                            : 37585B
Loader jdk.internal.loader.ClassLoaders$AppClassLoader                                 : 29368B
Loader org.gradle.groovy.scripts.internal.DefaultScriptCompilationHandler$ScriptClassLoader: 11131B
Loader org.codehaus.groovy.runtime.callsite.CallSiteClassLoader                        : 5997B

Classes loaded by more than one classloader:
Class org.gradle.internal.Cast                                                        : loaded 3 times (x 69B)
Class Program                                                                         : loaded 3 times (x 70B)
Class org.gradle.api.GradleException                                                  : loaded 3 times (x 80B)
Class org.gradle.internal.classpath.ClassPath                                         : loaded 2 times (x 68B)
Class org.gradle.api.internal.classpath.DefaultModuleRegistry                         : loaded 2 times (x 84B)
Class org.gradle.internal.exceptions.NonGradleCauseExceptionsHolder                   : loaded 2 times (x 68B)
Class Settings_gradle$1$1                                                             : loaded 2 times (x 72B)
Class jdk.internal.jimage.BasicImageReader$1                                          : loaded 2 times (x 75B)
Class org.gradle.api.Action                                                           : loaded 2 times (x 68B)
Class org.jetbrains.kotlin.idea.gradleTooling.model.samWithReceiver.SamWithReceiverModel: loaded 2 times (x 68B)
Class org.jetbrains.plugins.gradle.model.ExternalProject                              : loaded 2 times (x 68B)
Class org.jetbrains.plugins.gradle.model.IntelliJSettings                             : loaded 2 times (x 68B)
Class jdk.internal.jimage.ImageBufferCache$1                                          : loaded 2 times (x 78B)
Class jdk.internal.jimage.ImageBufferCache$2                                          : loaded 2 times (x 89B)
Class org.jetbrains.kotlin.idea.gradleTooling.KotlinMPPGradleModel                    : loaded 2 times (x 68B)
Class org.gradle.api.internal.DefaultClassPathProvider                                : loaded 2 times (x 74B)
Class org.gradle.internal.installation.GradleInstallation$1                           : loaded 2 times (x 73B)
Class jdk.internal.jrtfs.SystemImage$1                                                : loaded 2 times (x 76B)
Class jdk.internal.jrtfs.SystemImage$2                                                : loaded 2 times (x 74B)
Class org.gradle.internal.exceptions.DefaultMultiCauseException                       : loaded 2 times (x 89B)
Class org.gradle.tooling.model.UnsupportedMethodException                             : loaded 2 times (x 80B)
Class org.gradle.internal.time.MonotonicClock                                         : loaded 2 times (x 75B)
Class org.gradle.internal.classloader.FilteringClassLoader                            : loaded 2 times (x 103B)
Class jdk.internal.jimage.ImageReader$Resource                                        : loaded 2 times (x 82B)
Class jdk.internal.jrtfs.SystemImage                                                  : loaded 2 times (x 72B)
Class org.gradle.tooling.model.Model                                                  : loaded 2 times (x 68B)
Class org.gradle.internal.classpath.DefaultClassPath$ImmutableUniqueList$Builder      : loaded 2 times (x 73B)
Class org.jetbrains.kotlin.idea.gradleTooling.KotlinSourceSetContainer                : loaded 2 times (x 68B)
Class jdk.internal.jrtfs.JrtDirectoryStream$1                                         : loaded 2 times (x 81B)
Class org.gradle.internal.classloader.ClassLoaderVisitor                              : loaded 2 times (x 74B)
Class org.gradle.internal.time.DefaultCountdownTimer                                  : loaded 2 times (x 86B)
Class org.gradle.internal.service.DefaultServiceLocator                               : loaded 2 times (x 81B)
Class org.gradle.internal.service.UnknownServiceException                             : loaded 2 times (x 81B)
Class org.jetbrains.plugins.gradle.model.DependencyAccessorsModel                     : loaded 2 times (x 68B)
Class org.gradle.internal.classloader.DefaultClassLoaderFactory                       : loaded 2 times (x 80B)
Class jdk.internal.jimage.ImageReader$SharedImageReader                               : loaded 2 times (x 93B)
Class org.jetbrains.plugins.gradle.model.GradleExtensions                             : loaded 2 times (x 68B)
Class jdk.internal.jimage.decompressor.ZipDecompressorFactory                         : loaded 2 times (x 72B)
Class org.jetbrains.plugins.gradle.model.VersionCatalogsModel                         : loaded 2 times (x 68B)
Class org.gradle.internal.classloader.VisitableURLClassLoader$Spec                    : loaded 2 times (x 72B)
Class org.gradle.tooling.model.ProjectModel                                           : loaded 2 times (x 68B)
Class org.jetbrains.plugins.gradle.model.MavenRepositoryModel                         : loaded 2 times (x 68B)
Class org.gradle.tooling.internal.gradle.DefaultProjectIdentifier                     : loaded 2 times (x 84B)
Class org.gradle.util.GradleVersion                                                   : loaded 2 times (x 81B)
Class org.jetbrains.plugins.gradle.model.RepositoriesModel                            : loaded 2 times (x 68B)
Class kotlin.jvm.internal.markers.KMappedMarker                                       : loaded 2 times (x 68B)
Class org.gradle.api.internal.ClassPathProvider                                       : loaded 2 times (x 68B)
Class org.gradle.internal.classloader.ClasspathUtil$1                                 : loaded 2 times (x 74B)
Class org.gradle.internal.classloader.ClassLoaderFactory                              : loaded 2 times (x 68B)
Class jdk.internal.jimage.ImageHeader                                                 : loaded 2 times (x 69B)
Class org.gradle.api.internal.classpath.ManifestUtil                                  : loaded 2 times (x 69B)
Class org.gradle.api.specs.Spec                                                       : loaded 2 times (x 68B)
Class org.gradle.tooling.internal.gradle.GradleBuildIdentity                          : loaded 2 times (x 68B)
Class org.gradle.internal.IoActions                                                   : loaded 2 times (x 69B)
Class jdk.internal.jimage.decompressor.StringSharingDecompressorFactory               : loaded 2 times (x 72B)
Class org.gradle.api.internal.classpath.EffectiveClassPath                            : loaded 2 times (x 88B)
Class kotlin.jvm.internal.DefaultConstructorMarker                                    : loaded 2 times (x 69B)
Class org.jetbrains.kotlin.idea.gradleTooling.model.annotation.AnnotationBasedPluginModel: loaded 2 times (x 68B)
Class org.jetbrains.kotlin.idea.gradleTooling.model.assignment.AssignmentModel        : loaded 2 times (x 68B)
Class org.gradle.internal.installation.CurrentGradleInstallation                      : loaded 2 times (x 71B)
Class org.gradle.internal.installation.CurrentGradleInstallationLocator               : loaded 2 times (x 69B)
Class org.gradle.api.internal.classpath.Module                                        : loaded 2 times (x 68B)
Class org.gradle.internal.service.CachingServiceLocator                               : loaded 2 times (x 80B)
Class org.gradle.internal.time.Timer                                                  : loaded 2 times (x 68B)
Class org.jetbrains.plugins.gradle.model.tests.ExternalTestsModel                     : loaded 2 times (x 68B)
Class org.jetbrains.kotlin.idea.gradleTooling.KotlinDslScriptAdditionalTask           : loaded 2 times (x 68B)
Class org.gradle.internal.classpath.DefaultClassPath                                  : loaded 2 times (x 88B)
Class jdk.internal.jimage.BasicImageReader                                            : loaded 2 times (x 93B)
Class com.intellij.openapi.externalSystem.model.project.dependencies.ProjectDependencies: loaded 2 times (x 68B)
Class org.jetbrains.kotlin.idea.gradleTooling.PrepareKotlinIdeImportTaskModel         : loaded 2 times (x 68B)
Class jdk.internal.jimage.ImageLocation                                               : loaded 2 times (x 88B)
Class org.gradle.internal.impldep.com.google.common.base.Preconditions                : loaded 2 times (x 69B)
Class kotlin.jvm.functions.Function1                                                  : loaded 2 times (x 68B)
Class jdk.internal.jimage.ImageReader$Node                                            : loaded 2 times (x 82B)
Class org.gradle.internal.time.Time                                                   : loaded 2 times (x 69B)
Class jdk.internal.jimage.decompressor.CompressedResourceHeader                       : loaded 2 times (x 69B)
Class org.gradle.internal.time.TimeSource$1                                           : loaded 2 times (x 75B)
Class jdk.internal.jrtfs.JrtPath                                                      : loaded 2 times (x 116B)
Class jdk.internal.jimage.ImageStrings                                                : loaded 2 times (x 68B)
Class jdk.internal.jrtfs.JrtFileAttributes                                            : loaded 2 times (x 81B)
Class org.gradle.internal.classloader.SystemClassLoaderSpec                           : loaded 2 times (x 69B)
Class jdk.internal.jimage.decompressor.ResourceDecompressorRepository                 : loaded 2 times (x 69B)
Class kotlin.Function                                                                 : loaded 2 times (x 68B)
Class org.gradle.api.UncheckedIOException                                             : loaded 2 times (x 80B)
Class jdk.internal.jimage.decompressor.ResourceDecompressor$StringsProvider           : loaded 2 times (x 68B)
Class org.gradle.api.internal.classpath.ModuleRegistry                                : loaded 2 times (x 68B)
Class jdk.internal.jimage.decompressor.Decompressor                                   : loaded 2 times (x 70B)
Class jdk.internal.jrtfs.JrtFileSystem                                                : loaded 2 times (x 100B)
Class org.gradle.api.internal.classpath.GlobalCacheRootsProvider                      : loaded 2 times (x 68B)
Class org.gradle.tooling.internal.gradle.GradleProjectIdentity                        : loaded 2 times (x 68B)
Class jdk.internal.jrtfs.JrtFileSystemProvider                                        : loaded 2 times (x 97B)
Class org.gradle.internal.time.Clock                                                  : loaded 2 times (x 68B)
Class org.gradle.internal.time.CountdownTimer                                         : loaded 2 times (x 68B)
Class org.gradle.internal.classloader.ClasspathUtil                                   : loaded 2 times (x 69B)
Class jdk.internal.jrtfs.JrtDirectoryStream                                           : loaded 2 times (x 87B)
Class org.gradle.tooling.model.BuildIdentifier                                        : loaded 2 times (x 68B)
Class jdk.internal.jimage.decompressor.ResourceDecompressor                           : loaded 2 times (x 68B)
Class sync_studio_tooling1299_2gyxxm6kv51k71h5sqlfq85rf$_run_closure1                 : loaded 2 times (x 137B)
Class org.gradle.api.internal.DefaultClassPathRegistry                                : loaded 2 times (x 74B)
Class org.gradle.api.internal.classpath.DefaultModuleRegistry$DefaultModule           : loaded 2 times (x 84B)
Class org.gradle.internal.time.TimeSource                                             : loaded 2 times (x 68B)
Class org.jetbrains.kotlin.android.synthetic.idea.AndroidExtensionsGradleModel        : loaded 2 times (x 68B)
Class org.gradle.api.internal.classpath.UnknownModuleException                        : loaded 2 times (x 80B)
Class org.jetbrains.plugins.gradle.model.IntelliJProjectSettings                      : loaded 2 times (x 68B)
Class org.gradle.internal.service.ServiceLookupException                              : loaded 2 times (x 80B)
Class jdk.internal.jimage.ImageStringsReader                                          : loaded 2 times (x 78B)
Class jdk.internal.jimage.decompressor.ResourceDecompressorFactory                    : loaded 2 times (x 72B)
Class org.jetbrains.kotlin.idea.gradleTooling.model.lombok.LombokModel                : loaded 2 times (x 68B)
Class org.gradle.tooling.model.ProjectIdentifier                                      : loaded 2 times (x 68B)
Class [Lorg.gradle.api.internal.ClassPathProvider;                                    : loaded 2 times (x 67B)
Class jdk.internal.jimage.ImageReader$SharedImageReader$LocationVisitor               : loaded 2 times (x 68B)
Class org.gradle.internal.operations.MultipleBuildOperationFailures                   : loaded 2 times (x 89B)
Class org.gradle.util.internal.GUtil                                                  : loaded 2 times (x 69B)
Class jdk.internal.jimage.decompressor.ZipDecompressor                                : loaded 2 times (x 73B)
Class org.jetbrains.plugins.gradle.model.AnnotationProcessingModel                    : loaded 2 times (x 68B)
Class org.gradle.internal.classloader.ClassLoaderSpec                                 : loaded 2 times (x 69B)
Class sync_studio_tooling1299_2gyxxm6kv51k71h5sqlfq85rf                               : loaded 2 times (x 177B)
Class org.gradle.internal.classloader.InstrumentingClassLoader                        : loaded 2 times (x 68B)
Class org.jetbrains.plugins.gradle.model.BuildScriptClasspathModel                    : loaded 2 times (x 68B)
Class org.gradle.internal.classloader.VisitableURLClassLoader                         : loaded 2 times (x 115B)
Class org.gradle.internal.installation.GradleInstallation                             : loaded 2 times (x 73B)
Class org.gradle.api.internal.ClassPathRegistry                                       : loaded 2 times (x 68B)
Class org.gradle.internal.classloader.VisitableURLClassLoader$InstrumentingVisitableURLClassLoader: loaded 2 times (x 121B)
Class org.gradle.internal.classloader.ClassLoaderHierarchy                            : loaded 2 times (x 68B)
Class org.gradle.internal.exceptions.MultiCauseException                              : loaded 2 times (x 68B)
Class jdk.internal.jimage.ImageReader                                                 : loaded 2 times (x 73B)
Class org.jetbrains.kotlin.idea.gradleTooling.model.parcelize.ParcelizeGradleModel    : loaded 2 times (x 68B)
Class org.gradle.internal.InternalTransformer                                         : loaded 2 times (x 68B)
Class org.jetbrains.kotlin.idea.gradleTooling.model.noarg.NoArgModel                  : loaded 2 times (x 68B)
Class org.jetbrains.kotlin.idea.gradleTooling.KotlinGradleModel                       : loaded 2 times (x 68B)
Class org.gradle.tooling.internal.gradle.DefaultBuildIdentifier                       : loaded 2 times (x 77B)
Class org.gradle.internal.service.ServiceLocator                                      : loaded 2 times (x 68B)
Class Settings_gradle$1                                                               : loaded 2 times (x 72B)
Class org.jetbrains.kotlin.idea.gradleTooling.model.allopen.AllOpenModel              : loaded 2 times (x 68B)
Class org.gradle.internal.classpath.DefaultClassPath$ImmutableUniqueList              : loaded 2 times (x 159B)
Class jdk.internal.jimage.ImageBufferCache                                            : loaded 2 times (x 69B)
Class org.gradle.internal.time.DefaultTimer                                           : loaded 2 times (x 78B)
Class org.gradle.internal.classpath.TransformedClassPath                              : loaded 2 times (x 94B)
Class Settings_gradle                                                                 : loaded 2 times (x 126B)
Class jdk.internal.jimage.ImageReader$Directory                                       : loaded 2 times (x 82B)
Class ijInit1_9sal00zdepzdhrm8h29wch649                                               : loaded 2 times (x 177B)


---------------  S Y S T E M  ---------------

OS:
 Windows 11 , 64 bit Build 22621 (10.0.22621.4391)
OS uptime: 28 days 9:13 hours
Hyper-V role detected

CPU: total 4 (initial active 4) (2 cores per cpu, 2 threads per core) family 6 model 142 stepping 11 microcode 0xde, cx8, cmov, fxsr, ht, mmx, 3dnowpref, sse, sse2, sse3, ssse3, sse4.1, sse4.2, popcnt, lzcnt, tsc, tscinvbit, avx, avx2, aes, erms, clmul, bmi1, bmi2, adx, fma, vzeroupper, clflush, clflushopt, hv
Processor Information for all 4 processors :
  Max Mhz: 2304, Current Mhz: 2103, Mhz Limit: 2096

Memory: 4k page, system-wide physical 3953M (258M free)
TotalPageFile size 16241M (AvailPageFile size 14M)
current process WorkingSet (physical memory assigned to process): 298M, peak: 341M
current process commit charge ("private bytes"): 411M, peak: 424M

vm_info: OpenJDK 64-Bit Server VM (17.0.10+0--11572160) for windows-amd64 JRE (17.0.10+0--11572160), built on Mar 13 2024 23:56:38 by "androidbuild" with MS VC++ 16.10 / 16.11 (VS2019)

END.
