#
# There is insufficient memory for the Java Runtime Environment to continue.
# Native memory allocation (malloc) failed to allocate 985968 bytes for Chunk::new
# Possible reasons:
#   The system is out of physical RAM or swap space
#   The process is running with CompressedOops enabled, and the Java Heap may be blocking the growth of the native heap
# Possible solutions:
#   Reduce memory load on the system
#   Increase physical memory or swap space
#   Check if swap backing store is full
#   Decrease Java heap size (-Xmx/-Xms)
#   Decrease number of Java threads
#   Decrease Java thread stack sizes (-Xss)
#   Set larger code cache with -XX:ReservedCodeCacheSize=
#   JVM is running with Unscaled Compressed Oops mode in which the Java heap is
#     placed in the first 4GB address space. The Java Heap base address is the
#     maximum limit for the native heap growth. Please use -XX:HeapBaseMinAddress
#     to set the Java Heap base and to place the Java Heap above 4GB virtual address.
# This output file may be truncated or incomplete.
#
#  Out of Memory Error (arena.cpp:191), pid=4924, tid=12740
#
# JRE version: OpenJDK Runtime Environment (17.0.10) (build 17.0.10+0--11572160)
# Java VM: OpenJDK 64-Bit Server VM (17.0.10+0--11572160, mixed mode, tiered, compressed oops, compressed class ptrs, g1 gc, windows-amd64)
# No core dump will be written. Minidumps are not enabled by default on client versions of Windows
#

---------------  S U M M A R Y ------------

Command Line: --add-opens=java.base/java.lang=ALL-UNNAMED --add-opens=java.base/java.lang.invoke=ALL-UNNAMED --add-opens=java.base/java.util=ALL-UNNAMED --add-opens=java.prefs/java.util.prefs=ALL-UNNAMED --add-exports=jdk.compiler/com.sun.tools.javac.api=ALL-UNNAMED --add-exports=jdk.compiler/com.sun.tools.javac.util=ALL-UNNAMED --add-opens=java.base/java.util=ALL-UNNAMED --add-opens=java.prefs/java.util.prefs=ALL-UNNAMED --add-opens=java.base/java.nio.charset=ALL-UNNAMED --add-opens=java.base/java.net=ALL-UNNAMED --add-opens=java.base/java.util.concurrent.atomic=ALL-UNNAMED --add-opens=java.xml/javax.xml.namespace=ALL-UNNAMED -Xmx2048m -Dfile.encoding=UTF-8 -Duser.country=US -Duser.language=en -Duser.variant -javaagent:C:\Users\lyvtr\.gradle\wrapper\dists\gradle-8.13-rc-1-bin\adhm0wz4vblkvx5x4y2tseqdw\gradle-8.13-rc-1\lib\agents\gradle-instrumentation-agent-8.13.jar org.gradle.launcher.daemon.bootstrap.GradleDaemon 8.13-rc-1

Host: Intel(R) Core(TM) i3-8145U CPU @ 2.10GHz, 4 cores, 3G,  Windows 11 , 64 bit Build 22621 (10.0.22621.4391)
Time: Mon Feb 17 12:03:52 2025 Eastern Standard Time elapsed time: 17.729059 seconds (0d 0h 0m 17s)

---------------  T H R E A D  ---------------

Current thread (0x0000019aba012730):  JavaThread "C2 CompilerThread0" daemon [_thread_in_native, id=12740, stack(0x00000054d8800000,0x00000054d8900000)]


Current CompileTask:
C2:  17729 8347   !   4       java.net.URL::<init> (543 bytes)

Stack: [0x00000054d8800000,0x00000054d8900000]
Native frames: (J=compiled Java code, j=interpreted, Vv=VM code, C=native code)
V  [jvm.dll+0x688e89]
V  [jvm.dll+0x84247a]
V  [jvm.dll+0x8440be]
V  [jvm.dll+0x844723]
V  [jvm.dll+0x24be0f]
V  [jvm.dll+0xac524]
V  [jvm.dll+0xacb6c]
V  [jvm.dll+0x36bd67]
V  [jvm.dll+0x1be002]
V  [jvm.dll+0x21dbf9]
V  [jvm.dll+0x21cec1]
V  [jvm.dll+0x1a60ad]
V  [jvm.dll+0x22cd78]
V  [jvm.dll+0x22aeb0]
V  [jvm.dll+0x7f6917]
V  [jvm.dll+0x7f0d1a]
V  [jvm.dll+0x687d05]
C  [ucrtbase.dll+0x29333]
C  [KERNEL32.DLL+0x1259d]
C  [ntdll.dll+0x5af38]


---------------  P R O C E S S  ---------------

Threads class SMR info:
_java_thread_list=0x0000019abfc23fe0, length=57, elements={
0x0000019a9c79ea70, 0x0000019ab5d7d020, 0x0000019ab5d7e200, 0x0000019ab5d4e770,
0x0000019ab5d4f730, 0x0000019ab5d502f0, 0x0000019ab5d968d0, 0x0000019aba012730,
0x0000019aba017f00, 0x0000019aba022260, 0x0000019ab5ce3f90, 0x0000019aba3280c0,
0x0000019abbae8c90, 0x0000019abbc3f9e0, 0x0000019abb37fb00, 0x0000019abbbc06c0,
0x0000019abbc8a3a0, 0x0000019abbaf9db0, 0x0000019abbdb8030, 0x0000019abbceb910,
0x0000019abbcec840, 0x0000019abbcea4d0, 0x0000019abbcebe20, 0x0000019abbce9ab0,
0x0000019abbce95a0, 0x0000019abbceb400, 0x0000019abbce9090, 0x0000019abbcec330,
0x0000019abbce9fc0, 0x0000019abbcea9e0, 0x0000019abaff4160, 0x0000019abaff2300,
0x0000019abafef570, 0x0000019abaff4670, 0x0000019abaff55a0, 0x0000019abaff2810,
0x0000019abaff3740, 0x0000019abaff2d20, 0x0000019abaff04a0, 0x0000019abaff3230,
0x0000019abaff3c50, 0x0000019abaff5090, 0x0000019abaff13d0, 0x0000019abafee130,
0x0000019abaff5ab0, 0x0000019abafee640, 0x0000019abafefa80, 0x0000019abafeeb50,
0x0000019abaff09b0, 0x0000019abafef060, 0x0000019abaff1df0, 0x0000019abafeff90,
0x0000019abaff0ec0, 0x0000019abfb8afc0, 0x0000019abfb84570, 0x0000019abfb8a090,
0x0000019abfb88c50
}

Java Threads: ( => current thread )
  0x0000019a9c79ea70 JavaThread "main" [_thread_blocked, id=9484, stack(0x00000054d7b00000,0x00000054d7c00000)]
  0x0000019ab5d7d020 JavaThread "Reference Handler" daemon [_thread_blocked, id=18860, stack(0x00000054d8200000,0x00000054d8300000)]
  0x0000019ab5d7e200 JavaThread "Finalizer" daemon [_thread_blocked, id=6452, stack(0x00000054d8300000,0x00000054d8400000)]
  0x0000019ab5d4e770 JavaThread "Signal Dispatcher" daemon [_thread_blocked, id=13536, stack(0x00000054d8400000,0x00000054d8500000)]
  0x0000019ab5d4f730 JavaThread "Attach Listener" daemon [_thread_blocked, id=12448, stack(0x00000054d8500000,0x00000054d8600000)]
  0x0000019ab5d502f0 JavaThread "Service Thread" daemon [_thread_blocked, id=13208, stack(0x00000054d8600000,0x00000054d8700000)]
  0x0000019ab5d968d0 JavaThread "Monitor Deflation Thread" daemon [_thread_blocked, id=19100, stack(0x00000054d8700000,0x00000054d8800000)]
=>0x0000019aba012730 JavaThread "C2 CompilerThread0" daemon [_thread_in_native, id=12740, stack(0x00000054d8800000,0x00000054d8900000)]
  0x0000019aba017f00 JavaThread "C1 CompilerThread0" daemon [_thread_blocked, id=10072, stack(0x00000054d8900000,0x00000054d8a00000)]
  0x0000019aba022260 JavaThread "Sweeper thread" daemon [_thread_blocked, id=7316, stack(0x00000054d8a00000,0x00000054d8b00000)]
  0x0000019ab5ce3f90 JavaThread "Common-Cleaner" daemon [_thread_blocked, id=13120, stack(0x00000054d8b00000,0x00000054d8c00000)]
  0x0000019aba3280c0 JavaThread "Notification Thread" daemon [_thread_blocked, id=17008, stack(0x00000054d8c00000,0x00000054d8d00000)]
  0x0000019abbae8c90 JavaThread "Daemon health stats" [_thread_blocked, id=1556, stack(0x00000054d9200000,0x00000054d9300000)]
  0x0000019abbc3f9e0 JavaThread "Incoming local TCP Connector on port 59658" [_thread_in_native, id=6976, stack(0x00000054d9300000,0x00000054d9400000)]
  0x0000019abb37fb00 JavaThread "Daemon periodic checks" [_thread_blocked, id=7872, stack(0x00000054d9400000,0x00000054d9500000)]
  0x0000019abbbc06c0 JavaThread "Daemon" [_thread_blocked, id=14420, stack(0x00000054d9500000,0x00000054d9600000)]
  0x0000019abbc8a3a0 JavaThread "Handler for socket connection from /127.0.0.1:59658 to /127.0.0.1:59659" [_thread_in_native, id=6904, stack(0x00000054d9600000,0x00000054d9700000)]
  0x0000019abbaf9db0 JavaThread "Cancel handler" [_thread_blocked, id=13408, stack(0x00000054d9700000,0x00000054d9800000)]
  0x0000019abbdb8030 JavaThread "Daemon worker" [_thread_in_vm, id=5320, stack(0x00000054d9800000,0x00000054d9900000)]
  0x0000019abbceb910 JavaThread "Asynchronous log dispatcher for DefaultDaemonConnection: socket connection from /127.0.0.1:59658 to /127.0.0.1:59659" [_thread_blocked, id=8428, stack(0x00000054d9900000,0x00000054d9a00000)]
  0x0000019abbcec840 JavaThread "Stdin handler" [_thread_blocked, id=2744, stack(0x00000054d9a00000,0x00000054d9b00000)]
  0x0000019abbcea4d0 JavaThread "Daemon client event forwarder" [_thread_blocked, id=16840, stack(0x00000054d9b00000,0x00000054d9c00000)]
  0x0000019abbcebe20 JavaThread "Cache worker for journal cache (C:\Users\lyvtr\.gradle\caches\journal-1)" [_thread_blocked, id=11792, stack(0x00000054d9c00000,0x00000054d9d00000)]
  0x0000019abbce9ab0 JavaThread "File lock request listener" [_thread_in_native, id=19120, stack(0x00000054d9d00000,0x00000054d9e00000)]
  0x0000019abbce95a0 JavaThread "Cache worker for file hash cache (C:\Users\lyvtr\.gradle\caches\8.13-rc-1\fileHashes)" [_thread_blocked, id=6948, stack(0x00000054d9e00000,0x00000054d9f00000)]
  0x0000019abbceb400 JavaThread "Cache worker for file hash cache (D:\code shit\personal\SeniorProject\.gradle\8.13-rc-1\fileHashes)" [_thread_blocked, id=17164, stack(0x00000054d9f00000,0x00000054da000000)]
  0x0000019abbce9090 JavaThread "Cache worker for Build Output Cleanup Cache (D:\code shit\personal\SeniorProject\.gradle\buildOutputCleanup)" [_thread_blocked, id=8344, stack(0x00000054da000000,0x00000054da100000)]
  0x0000019abbcec330 JavaThread "File watcher server" daemon [_thread_in_native, id=15560, stack(0x00000054da100000,0x00000054da200000)]
  0x0000019abbce9fc0 JavaThread "File watcher consumer" daemon [_thread_blocked, id=10940, stack(0x00000054da200000,0x00000054da300000)]
  0x0000019abbcea9e0 JavaThread "jar transforms" [_thread_blocked, id=3364, stack(0x00000054da300000,0x00000054da400000)]
  0x0000019abaff4160 JavaThread "jar transforms Thread 2" [_thread_blocked, id=14944, stack(0x00000054da400000,0x00000054da500000)]
  0x0000019abaff2300 JavaThread "jar transforms Thread 3" [_thread_blocked, id=9640, stack(0x00000054da500000,0x00000054da600000)]
  0x0000019abafef570 JavaThread "jar transforms Thread 4" [_thread_blocked, id=1712, stack(0x00000054da600000,0x00000054da700000)]
  0x0000019abaff4670 JavaThread "Cache worker for checksums cache (D:\code shit\personal\SeniorProject\.gradle\8.13-rc-1\checksums)" [_thread_blocked, id=16028, stack(0x00000054da700000,0x00000054da800000)]
  0x0000019abaff55a0 JavaThread "Cache worker for file content cache (C:\Users\lyvtr\.gradle\caches\8.13-rc-1\fileContent)" [_thread_blocked, id=11676, stack(0x00000054da800000,0x00000054da900000)]
  0x0000019abaff2810 JavaThread "Cache worker for cache directory md-supplier (C:\Users\lyvtr\.gradle\caches\8.13-rc-1\md-supplier)" [_thread_blocked, id=8704, stack(0x00000054da900000,0x00000054daa00000)]
  0x0000019abaff3740 JavaThread "Cache worker for cache directory md-rule (C:\Users\lyvtr\.gradle\caches\8.13-rc-1\md-rule)" [_thread_blocked, id=5756, stack(0x00000054daa00000,0x00000054dab00000)]
  0x0000019abaff2d20 JavaThread "Unconstrained build operations" [_thread_blocked, id=18140, stack(0x00000054dab00000,0x00000054dac00000)]
  0x0000019abaff04a0 JavaThread "Unconstrained build operations Thread 2" [_thread_blocked, id=16636, stack(0x00000054dac00000,0x00000054dad00000)]
  0x0000019abaff3230 JavaThread "Unconstrained build operations Thread 3" [_thread_blocked, id=8740, stack(0x00000054dad00000,0x00000054dae00000)]
  0x0000019abaff3c50 JavaThread "Unconstrained build operations Thread 4" [_thread_blocked, id=11040, stack(0x00000054dae00000,0x00000054daf00000)]
  0x0000019abaff5090 JavaThread "Unconstrained build operations Thread 5" [_thread_blocked, id=10132, stack(0x00000054daf00000,0x00000054db000000)]
  0x0000019abaff13d0 JavaThread "Unconstrained build operations Thread 6" [_thread_blocked, id=3832, stack(0x00000054db000000,0x00000054db100000)]
  0x0000019abafee130 JavaThread "Unconstrained build operations Thread 7" [_thread_blocked, id=2628, stack(0x00000054db100000,0x00000054db200000)]
  0x0000019abaff5ab0 JavaThread "Unconstrained build operations Thread 8" [_thread_blocked, id=13764, stack(0x00000054db200000,0x00000054db300000)]
  0x0000019abafee640 JavaThread "Unconstrained build operations Thread 9" [_thread_blocked, id=11360, stack(0x00000054db300000,0x00000054db400000)]
  0x0000019abafefa80 JavaThread "Unconstrained build operations Thread 10" [_thread_blocked, id=18444, stack(0x00000054db400000,0x00000054db500000)]
  0x0000019abafeeb50 JavaThread "Problems report writer" [_thread_blocked, id=4368, stack(0x00000054db500000,0x00000054db600000)]
  0x0000019abaff09b0 JavaThread "Unconstrained build operations Thread 11" [_thread_blocked, id=1192, stack(0x00000054db600000,0x00000054db700000)]
  0x0000019abafef060 JavaThread "Unconstrained build operations Thread 12" [_thread_blocked, id=13800, stack(0x00000054db700000,0x00000054db800000)]
  0x0000019abaff1df0 JavaThread "Unconstrained build operations Thread 13" [_thread_blocked, id=9904, stack(0x00000054db800000,0x00000054db900000)]
  0x0000019abafeff90 JavaThread "Unconstrained build operations Thread 14" [_thread_blocked, id=11292, stack(0x00000054db900000,0x00000054dba00000)]
  0x0000019abaff0ec0 JavaThread "Unconstrained build operations Thread 15" [_thread_blocked, id=5140, stack(0x00000054dba00000,0x00000054dbb00000)]
  0x0000019abfb8afc0 JavaThread "Unconstrained build operations Thread 16" [_thread_blocked, id=5904, stack(0x00000054dbb00000,0x00000054dbc00000)]
  0x0000019abfb84570 JavaThread "Unconstrained build operations Thread 17" [_thread_blocked, id=19340, stack(0x00000054dbc00000,0x00000054dbd00000)]
  0x0000019abfb8a090 JavaThread "Unconstrained build operations Thread 18" [_thread_blocked, id=14668, stack(0x00000054dbd00000,0x00000054dbe00000)]
  0x0000019abfb88c50 JavaThread "Unconstrained build operations Thread 19" [_thread_blocked, id=10604, stack(0x00000054dbe00000,0x00000054dbf00000)]

Other Threads:
  0x0000019ab5cffa00 VMThread "VM Thread" [stack: 0x00000054d8100000,0x00000054d8200000] [id=18412]
  0x0000019a9c79f630 WatcherThread [stack: 0x00000054d8d00000,0x00000054d8e00000] [id=10784]
  0x0000019a9c7f8750 GCTaskThread "GC Thread#0" [stack: 0x00000054d7c00000,0x00000054d7d00000] [id=7048]
  0x0000019aba3a8be0 GCTaskThread "GC Thread#1" [stack: 0x00000054d8e00000,0x00000054d8f00000] [id=7744]
  0x0000019aba41c880 GCTaskThread "GC Thread#2" [stack: 0x00000054d8f00000,0x00000054d9000000] [id=11836]
  0x0000019aba9aa3d0 GCTaskThread "GC Thread#3" [stack: 0x00000054d9000000,0x00000054d9100000] [id=15540]
  0x0000019a9c809540 ConcurrentGCThread "G1 Main Marker" [stack: 0x00000054d7d00000,0x00000054d7e00000] [id=10596]
  0x0000019a9c80a5a0 ConcurrentGCThread "G1 Conc#0" [stack: 0x00000054d7e00000,0x00000054d7f00000] [id=18024]
  0x0000019a9c848c80 ConcurrentGCThread "G1 Refine#0" [stack: 0x00000054d7f00000,0x00000054d8000000] [id=5292]
  0x0000019abaccf0b0 ConcurrentGCThread "G1 Refine#1" [stack: 0x00000054d9100000,0x00000054d9200000] [id=2164]
  0x0000019ab5bb0a70 ConcurrentGCThread "G1 Service" [stack: 0x00000054d8000000,0x00000054d8100000] [id=13332]

Threads with active compile tasks:
C2 CompilerThread0    17794 8347   !   4       java.net.URL::<init> (543 bytes)

VM state: not at safepoint (normal execution)

VM Mutex/Monitor currently owned by a thread: None

Heap address: 0x0000000080000000, size: 2048 MB, Compressed Oops mode: 32-bit

CDS archive(s) not mapped
Compressed class space mapped at: 0x0000000100000000-0x0000000140000000, reserved size: 1073741824
Narrow klass base: 0x0000000000000000, Narrow klass shift: 3, Narrow klass range: 0x140000000

GC Precious Log:
 CPUs: 4 total, 4 available
 Memory: 3953M
 Large Page Support: Disabled
 NUMA Support: Disabled
 Compressed Oops: Enabled (32-bit)
 Heap Region Size: 1M
 Heap Min Capacity: 8M
 Heap Initial Capacity: 62M
 Heap Max Capacity: 2G
 Pre-touch: Disabled
 Parallel Workers: 4
 Concurrent Workers: 1
 Concurrent Refinement Workers: 4
 Periodic GC: Disabled

Heap:
 garbage-first heap   total 140288K, used 86041K [0x0000000080000000, 0x0000000100000000)
  region size 1024K, 13 young (13312K), 3 survivors (3072K)
 Metaspace       used 70976K, committed 71616K, reserved 1114112K
  class space    used 9676K, committed 9984K, reserved 1048576K

Heap Regions: E=young(eden), S=young(survivor), O=old, HS=humongous(starts), HC=humongous(continues), CS=collection set, F=free, OA=open archive, CA=closed archive, TAMS=top-at-mark-start (previous, next)
|   0|0x0000000080000000, 0x0000000080100000, 0x0000000080100000|100%|HS|  |TAMS 0x0000000080100000, 0x0000000080000000| Complete 
|   1|0x0000000080100000, 0x0000000080200000, 0x0000000080200000|100%|HC|  |TAMS 0x0000000080200000, 0x0000000080100000| Complete 
|   2|0x0000000080200000, 0x0000000080300000, 0x0000000080300000|100%|HC|  |TAMS 0x0000000080300000, 0x0000000080200000| Complete 
|   3|0x0000000080300000, 0x0000000080400000, 0x0000000080400000|100%| O|  |TAMS 0x0000000080400000, 0x0000000080300000| Untracked 
|   4|0x0000000080400000, 0x0000000080500000, 0x0000000080500000|100%| O|  |TAMS 0x0000000080500000, 0x0000000080400000| Untracked 
|   5|0x0000000080500000, 0x0000000080600000, 0x0000000080600000|100%| O|  |TAMS 0x0000000080600000, 0x0000000080500000| Untracked 
|   6|0x0000000080600000, 0x0000000080700000, 0x0000000080700000|100%| O|  |TAMS 0x0000000080700000, 0x0000000080600000| Untracked 
|   7|0x0000000080700000, 0x0000000080800000, 0x0000000080800000|100%|HS|  |TAMS 0x0000000080800000, 0x0000000080700000| Complete 
|   8|0x0000000080800000, 0x0000000080900000, 0x0000000080900000|100%| O|  |TAMS 0x0000000080900000, 0x0000000080800000| Untracked 
|   9|0x0000000080900000, 0x0000000080a00000, 0x0000000080a00000|100%| O|  |TAMS 0x0000000080a00000, 0x0000000080900000| Untracked 
|  10|0x0000000080a00000, 0x0000000080b00000, 0x0000000080b00000|100%| O|  |TAMS 0x0000000080b00000, 0x0000000080a00000| Untracked 
|  11|0x0000000080b00000, 0x0000000080c00000, 0x0000000080c00000|100%| O|  |TAMS 0x0000000080c00000, 0x0000000080b00000| Untracked 
|  12|0x0000000080c00000, 0x0000000080d00000, 0x0000000080d00000|100%| O|  |TAMS 0x0000000080d00000, 0x0000000080c00000| Untracked 
|  13|0x0000000080d00000, 0x0000000080e00000, 0x0000000080e00000|100%| O|  |TAMS 0x0000000080e00000, 0x0000000080d00000| Untracked 
|  14|0x0000000080e00000, 0x0000000080f00000, 0x0000000080f00000|100%| O|  |TAMS 0x0000000080f00000, 0x0000000080e00000| Untracked 
|  15|0x0000000080f00000, 0x0000000081000000, 0x0000000081000000|100%| O|  |TAMS 0x0000000081000000, 0x0000000080f00000| Untracked 
|  16|0x0000000081000000, 0x0000000081100000, 0x0000000081100000|100%| O|  |TAMS 0x0000000081100000, 0x0000000081000000| Untracked 
|  17|0x0000000081100000, 0x0000000081200000, 0x0000000081200000|100%| O|  |TAMS 0x0000000081200000, 0x0000000081100000| Untracked 
|  18|0x0000000081200000, 0x0000000081300000, 0x0000000081300000|100%| O|  |TAMS 0x0000000081300000, 0x0000000081200000| Untracked 
|  19|0x0000000081300000, 0x0000000081400000, 0x0000000081400000|100%| O|  |TAMS 0x0000000081400000, 0x0000000081300000| Untracked 
|  20|0x0000000081400000, 0x0000000081500000, 0x0000000081500000|100%| O|  |TAMS 0x0000000081500000, 0x0000000081400000| Untracked 
|  21|0x0000000081500000, 0x0000000081600000, 0x0000000081600000|100%| O|  |TAMS 0x0000000081600000, 0x0000000081500000| Untracked 
|  22|0x0000000081600000, 0x0000000081700000, 0x0000000081700000|100%|HS|  |TAMS 0x0000000081700000, 0x0000000081600000| Complete 
|  23|0x0000000081700000, 0x0000000081800000, 0x0000000081800000|100%|HC|  |TAMS 0x0000000081800000, 0x0000000081700000| Complete 
|  24|0x0000000081800000, 0x0000000081900000, 0x0000000081900000|100%|HS|  |TAMS 0x0000000081900000, 0x0000000081800000| Complete 
|  25|0x0000000081900000, 0x0000000081a00000, 0x0000000081a00000|100%|HC|  |TAMS 0x0000000081a00000, 0x0000000081900000| Complete 
|  26|0x0000000081a00000, 0x0000000081b00000, 0x0000000081b00000|100%|HC|  |TAMS 0x0000000081b00000, 0x0000000081a00000| Complete 
|  27|0x0000000081b00000, 0x0000000081c00000, 0x0000000081c00000|100%|HS|  |TAMS 0x0000000081c00000, 0x0000000081b00000| Complete 
|  28|0x0000000081c00000, 0x0000000081d00000, 0x0000000081d00000|100%|HC|  |TAMS 0x0000000081d00000, 0x0000000081c00000| Complete 
|  29|0x0000000081d00000, 0x0000000081e00000, 0x0000000081e00000|100%|HC|  |TAMS 0x0000000081e00000, 0x0000000081d00000| Complete 
|  30|0x0000000081e00000, 0x0000000081f00000, 0x0000000081f00000|100%| O|  |TAMS 0x0000000081f00000, 0x0000000081e00000| Untracked 
|  31|0x0000000081f00000, 0x0000000082000000, 0x0000000082000000|100%| O|  |TAMS 0x0000000082000000, 0x0000000081f00000| Untracked 
|  32|0x0000000082000000, 0x0000000082100000, 0x0000000082100000|100%|HS|  |TAMS 0x0000000082100000, 0x0000000082000000| Complete 
|  33|0x0000000082100000, 0x0000000082200000, 0x0000000082200000|100%|HC|  |TAMS 0x0000000082200000, 0x0000000082100000| Complete 
|  34|0x0000000082200000, 0x0000000082300000, 0x0000000082300000|100%|HC|  |TAMS 0x0000000082300000, 0x0000000082200000| Complete 
|  35|0x0000000082300000, 0x0000000082400000, 0x0000000082400000|100%| O|  |TAMS 0x0000000082400000, 0x0000000082300000| Untracked 
|  36|0x0000000082400000, 0x0000000082500000, 0x0000000082500000|100%| O|  |TAMS 0x0000000082500000, 0x0000000082400000| Untracked 
|  37|0x0000000082500000, 0x0000000082600000, 0x0000000082600000|100%| O|  |TAMS 0x0000000082600000, 0x0000000082500000| Untracked 
|  38|0x0000000082600000, 0x0000000082700000, 0x0000000082700000|100%| O|  |TAMS 0x0000000082700000, 0x0000000082600000| Untracked 
|  39|0x0000000082700000, 0x0000000082800000, 0x0000000082800000|100%| O|  |TAMS 0x0000000082800000, 0x0000000082700000| Untracked 
|  40|0x0000000082800000, 0x0000000082900000, 0x0000000082900000|100%| O|  |TAMS 0x0000000082900000, 0x0000000082800000| Untracked 
|  41|0x0000000082900000, 0x0000000082a00000, 0x0000000082a00000|100%| O|  |TAMS 0x0000000082a00000, 0x0000000082900000| Untracked 
|  42|0x0000000082a00000, 0x0000000082b00000, 0x0000000082b00000|100%| O|  |TAMS 0x0000000082b00000, 0x0000000082a00000| Untracked 
|  43|0x0000000082b00000, 0x0000000082c00000, 0x0000000082c00000|100%| O|  |TAMS 0x0000000082c00000, 0x0000000082b00000| Untracked 
|  44|0x0000000082c00000, 0x0000000082d00000, 0x0000000082d00000|100%| O|  |TAMS 0x0000000082d00000, 0x0000000082c00000| Untracked 
|  45|0x0000000082d00000, 0x0000000082e00000, 0x0000000082e00000|100%|HS|  |TAMS 0x0000000082e00000, 0x0000000082d00000| Complete 
|  46|0x0000000082e00000, 0x0000000082f00000, 0x0000000082f00000|100%|HC|  |TAMS 0x0000000082f00000, 0x0000000082e00000| Complete 
|  47|0x0000000082f00000, 0x0000000083000000, 0x0000000083000000|100%|HC|  |TAMS 0x0000000083000000, 0x0000000082f00000| Complete 
|  48|0x0000000083000000, 0x0000000083100000, 0x0000000083100000|100%|HS|  |TAMS 0x0000000083100000, 0x0000000083000000| Complete 
|  49|0x0000000083100000, 0x0000000083200000, 0x0000000083200000|100%|HC|  |TAMS 0x0000000083200000, 0x0000000083100000| Complete 
|  50|0x0000000083200000, 0x0000000083300000, 0x0000000083300000|100%|HC|  |TAMS 0x0000000083300000, 0x0000000083200000| Complete 
|  51|0x0000000083300000, 0x0000000083400000, 0x0000000083400000|100%| O|  |TAMS 0x0000000083400000, 0x0000000083300000| Untracked 
|  52|0x0000000083400000, 0x0000000083500000, 0x0000000083500000|100%| O|  |TAMS 0x0000000083500000, 0x0000000083400000| Untracked 
|  53|0x0000000083500000, 0x0000000083600000, 0x0000000083600000|100%| O|  |TAMS 0x0000000083600000, 0x0000000083500000| Untracked 
|  54|0x0000000083600000, 0x0000000083700000, 0x0000000083700000|100%|HS|  |TAMS 0x0000000083700000, 0x0000000083600000| Complete 
|  55|0x0000000083700000, 0x0000000083800000, 0x0000000083800000|100%|HC|  |TAMS 0x0000000083800000, 0x0000000083700000| Complete 
|  56|0x0000000083800000, 0x0000000083900000, 0x0000000083900000|100%|HC|  |TAMS 0x0000000083900000, 0x0000000083800000| Complete 
|  57|0x0000000083900000, 0x0000000083a00000, 0x0000000083a00000|100%| O|  |TAMS 0x0000000083a00000, 0x0000000083900000| Untracked 
|  58|0x0000000083a00000, 0x0000000083b00000, 0x0000000083b00000|100%| O|  |TAMS 0x0000000083b00000, 0x0000000083a00000| Untracked 
|  59|0x0000000083b00000, 0x0000000083c00000, 0x0000000083c00000|100%| O|  |TAMS 0x0000000083c00000, 0x0000000083b00000| Untracked 
|  60|0x0000000083c00000, 0x0000000083d00000, 0x0000000083d00000|100%| O|  |TAMS 0x0000000083d00000, 0x0000000083c00000| Untracked 
|  61|0x0000000083d00000, 0x0000000083e00000, 0x0000000083e00000|100%| O|  |TAMS 0x0000000083e00000, 0x0000000083d00000| Untracked 
|  62|0x0000000083e00000, 0x0000000083f00000, 0x0000000083f00000|100%| O|  |TAMS 0x0000000083f00000, 0x0000000083e00000| Untracked 
|  63|0x0000000083f00000, 0x0000000084000000, 0x0000000084000000|100%| O|  |TAMS 0x0000000084000000, 0x0000000083f00000| Untracked 
|  64|0x0000000084000000, 0x0000000084100000, 0x0000000084100000|100%| O|  |TAMS 0x0000000084100000, 0x0000000084000000| Untracked 
|  65|0x0000000084100000, 0x0000000084200000, 0x0000000084200000|100%| O|  |TAMS 0x0000000084200000, 0x0000000084100000| Untracked 
|  66|0x0000000084200000, 0x0000000084300000, 0x0000000084300000|100%| O|  |TAMS 0x0000000084300000, 0x0000000084200000| Untracked 
|  67|0x0000000084300000, 0x0000000084400000, 0x0000000084400000|100%| O|  |TAMS 0x0000000084338e00, 0x0000000084300000| Untracked 
|  68|0x0000000084400000, 0x0000000084500000, 0x0000000084500000|100%| O|  |TAMS 0x0000000084400000, 0x0000000084400000| Untracked 
|  69|0x0000000084500000, 0x0000000084600000, 0x0000000084600000|100%| O|  |TAMS 0x0000000084500000, 0x0000000084500000| Untracked 
|  70|0x0000000084600000, 0x0000000084700000, 0x0000000084700000|100%| O|  |TAMS 0x0000000084600000, 0x0000000084600000| Untracked 
|  71|0x0000000084700000, 0x0000000084800000, 0x0000000084800000|100%| O|  |TAMS 0x0000000084700000, 0x0000000084700000| Untracked 
|  72|0x0000000084800000, 0x000000008487ae00, 0x0000000084900000| 47%| O|  |TAMS 0x0000000084800000, 0x0000000084800000| Untracked 
|  73|0x0000000084900000, 0x0000000084900000, 0x0000000084a00000|  0%| F|  |TAMS 0x0000000084900000, 0x0000000084900000| Untracked 
|  74|0x0000000084a00000, 0x0000000084a00000, 0x0000000084b00000|  0%| F|  |TAMS 0x0000000084a00000, 0x0000000084a00000| Untracked 
|  75|0x0000000084b00000, 0x0000000084b00000, 0x0000000084c00000|  0%| F|  |TAMS 0x0000000084b00000, 0x0000000084b00000| Untracked 
|  76|0x0000000084c00000, 0x0000000084c00000, 0x0000000084d00000|  0%| F|  |TAMS 0x0000000084c00000, 0x0000000084c00000| Untracked 
|  77|0x0000000084d00000, 0x0000000084d00000, 0x0000000084e00000|  0%| F|  |TAMS 0x0000000084d00000, 0x0000000084d00000| Untracked 
|  78|0x0000000084e00000, 0x0000000084e00000, 0x0000000084f00000|  0%| F|  |TAMS 0x0000000084e00000, 0x0000000084e00000| Untracked 
|  79|0x0000000084f00000, 0x0000000084f00000, 0x0000000085000000|  0%| F|  |TAMS 0x0000000084f00000, 0x0000000084f00000| Untracked 
|  80|0x0000000085000000, 0x0000000085000000, 0x0000000085100000|  0%| F|  |TAMS 0x0000000085000000, 0x0000000085000000| Untracked 
|  81|0x0000000085100000, 0x0000000085100000, 0x0000000085200000|  0%| F|  |TAMS 0x0000000085100000, 0x0000000085100000| Untracked 
|  82|0x0000000085200000, 0x0000000085200000, 0x0000000085300000|  0%| F|  |TAMS 0x0000000085200000, 0x0000000085200000| Untracked 
|  83|0x0000000085300000, 0x0000000085300000, 0x0000000085400000|  0%| F|  |TAMS 0x0000000085300000, 0x0000000085300000| Untracked 
|  84|0x0000000085400000, 0x0000000085400000, 0x0000000085500000|  0%| F|  |TAMS 0x0000000085400000, 0x0000000085400000| Untracked 
|  85|0x0000000085500000, 0x0000000085500000, 0x0000000085600000|  0%| F|  |TAMS 0x0000000085500000, 0x0000000085500000| Untracked 
|  86|0x0000000085600000, 0x0000000085600000, 0x0000000085700000|  0%| F|  |TAMS 0x0000000085600000, 0x0000000085600000| Untracked 
|  87|0x0000000085700000, 0x0000000085700000, 0x0000000085800000|  0%| F|  |TAMS 0x0000000085700000, 0x0000000085700000| Untracked 
|  88|0x0000000085800000, 0x0000000085800000, 0x0000000085900000|  0%| F|  |TAMS 0x0000000085800000, 0x0000000085800000| Untracked 
|  89|0x0000000085900000, 0x0000000085900000, 0x0000000085a00000|  0%| F|  |TAMS 0x0000000085900000, 0x0000000085900000| Untracked 
|  90|0x0000000085a00000, 0x0000000085a00000, 0x0000000085b00000|  0%| F|  |TAMS 0x0000000085a00000, 0x0000000085a00000| Untracked 
|  91|0x0000000085b00000, 0x0000000085b00000, 0x0000000085c00000|  0%| F|  |TAMS 0x0000000085b00000, 0x0000000085b00000| Untracked 
|  92|0x0000000085c00000, 0x0000000085c00000, 0x0000000085d00000|  0%| F|  |TAMS 0x0000000085c00000, 0x0000000085c00000| Untracked 
|  93|0x0000000085d00000, 0x0000000085d00000, 0x0000000085e00000|  0%| F|  |TAMS 0x0000000085d00000, 0x0000000085d00000| Untracked 
|  94|0x0000000085e00000, 0x0000000085e00000, 0x0000000085f00000|  0%| F|  |TAMS 0x0000000085e00000, 0x0000000085e00000| Untracked 
|  95|0x0000000085f00000, 0x0000000085f00000, 0x0000000086000000|  0%| F|  |TAMS 0x0000000085f00000, 0x0000000085f00000| Untracked 
|  96|0x0000000086000000, 0x0000000086000000, 0x0000000086100000|  0%| F|  |TAMS 0x0000000086000000, 0x0000000086000000| Untracked 
|  97|0x0000000086100000, 0x0000000086100000, 0x0000000086200000|  0%| F|  |TAMS 0x0000000086100000, 0x0000000086100000| Untracked 
|  98|0x0000000086200000, 0x0000000086200000, 0x0000000086300000|  0%| F|  |TAMS 0x0000000086200000, 0x0000000086200000| Untracked 
|  99|0x0000000086300000, 0x000000008638b938, 0x0000000086400000| 54%| S|CS|TAMS 0x0000000086300000, 0x0000000086300000| Complete 
| 100|0x0000000086400000, 0x0000000086500000, 0x0000000086500000|100%| S|CS|TAMS 0x0000000086400000, 0x0000000086400000| Complete 
| 101|0x0000000086500000, 0x0000000086600000, 0x0000000086600000|100%| S|CS|TAMS 0x0000000086500000, 0x0000000086500000| Complete 
| 102|0x0000000086600000, 0x0000000086600000, 0x0000000086700000|  0%| F|  |TAMS 0x0000000086600000, 0x0000000086600000| Untracked 
| 103|0x0000000086700000, 0x0000000086700000, 0x0000000086800000|  0%| F|  |TAMS 0x0000000086700000, 0x0000000086700000| Untracked 
| 104|0x0000000086800000, 0x0000000086800000, 0x0000000086900000|  0%| F|  |TAMS 0x0000000086800000, 0x0000000086800000| Untracked 
| 105|0x0000000086900000, 0x0000000086900000, 0x0000000086a00000|  0%| F|  |TAMS 0x0000000086900000, 0x0000000086900000| Untracked 
| 106|0x0000000086a00000, 0x0000000086a00000, 0x0000000086b00000|  0%| F|  |TAMS 0x0000000086a00000, 0x0000000086a00000| Untracked 
| 107|0x0000000086b00000, 0x0000000086b00000, 0x0000000086c00000|  0%| F|  |TAMS 0x0000000086b00000, 0x0000000086b00000| Untracked 
| 108|0x0000000086c00000, 0x0000000086c00000, 0x0000000086d00000|  0%| F|  |TAMS 0x0000000086c00000, 0x0000000086c00000| Untracked 
| 109|0x0000000086d00000, 0x0000000086d00000, 0x0000000086e00000|  0%| F|  |TAMS 0x0000000086d00000, 0x0000000086d00000| Untracked 
| 110|0x0000000086e00000, 0x0000000086e00000, 0x0000000086f00000|  0%| F|  |TAMS 0x0000000086e00000, 0x0000000086e00000| Untracked 
| 111|0x0000000086f00000, 0x0000000086f00000, 0x0000000087000000|  0%| F|  |TAMS 0x0000000086f00000, 0x0000000086f00000| Untracked 
| 112|0x0000000087000000, 0x0000000087000000, 0x0000000087100000|  0%| F|  |TAMS 0x0000000087000000, 0x0000000087000000| Untracked 
| 113|0x0000000087100000, 0x0000000087100000, 0x0000000087200000|  0%| F|  |TAMS 0x0000000087100000, 0x0000000087100000| Untracked 
| 114|0x0000000087200000, 0x0000000087200000, 0x0000000087300000|  0%| F|  |TAMS 0x0000000087200000, 0x0000000087200000| Untracked 
| 115|0x0000000087300000, 0x0000000087300000, 0x0000000087400000|  0%| F|  |TAMS 0x0000000087300000, 0x0000000087300000| Untracked 
| 116|0x0000000087400000, 0x0000000087400000, 0x0000000087500000|  0%| F|  |TAMS 0x0000000087400000, 0x0000000087400000| Untracked 
| 117|0x0000000087500000, 0x0000000087500000, 0x0000000087600000|  0%| F|  |TAMS 0x0000000087500000, 0x0000000087500000| Untracked 
| 118|0x0000000087600000, 0x0000000087600000, 0x0000000087700000|  0%| F|  |TAMS 0x0000000087600000, 0x0000000087600000| Untracked 
| 119|0x0000000087700000, 0x0000000087700000, 0x0000000087800000|  0%| F|  |TAMS 0x0000000087700000, 0x0000000087700000| Untracked 
| 120|0x0000000087800000, 0x0000000087800000, 0x0000000087900000|  0%| F|  |TAMS 0x0000000087800000, 0x0000000087800000| Untracked 
| 121|0x0000000087900000, 0x0000000087900000, 0x0000000087a00000|  0%| F|  |TAMS 0x0000000087900000, 0x0000000087900000| Untracked 
| 122|0x0000000087a00000, 0x0000000087a00000, 0x0000000087b00000|  0%| F|  |TAMS 0x0000000087a00000, 0x0000000087a00000| Untracked 
| 123|0x0000000087b00000, 0x0000000087b00000, 0x0000000087c00000|  0%| F|  |TAMS 0x0000000087b00000, 0x0000000087b00000| Untracked 
| 124|0x0000000087c00000, 0x0000000087c00000, 0x0000000087d00000|  0%| F|  |TAMS 0x0000000087c00000, 0x0000000087c00000| Untracked 
| 125|0x0000000087d00000, 0x0000000087d00000, 0x0000000087e00000|  0%| F|  |TAMS 0x0000000087d00000, 0x0000000087d00000| Untracked 
| 126|0x0000000087e00000, 0x0000000087e00000, 0x0000000087f00000|  0%| F|  |TAMS 0x0000000087e00000, 0x0000000087e00000| Untracked 
| 127|0x0000000087f00000, 0x0000000087fb4a18, 0x0000000088000000| 70%| E|  |TAMS 0x0000000087f00000, 0x0000000087f00000| Complete 
| 128|0x0000000088000000, 0x0000000088100000, 0x0000000088100000|100%| E|CS|TAMS 0x0000000088000000, 0x0000000088000000| Complete 
| 129|0x0000000088100000, 0x0000000088200000, 0x0000000088200000|100%| E|CS|TAMS 0x0000000088100000, 0x0000000088100000| Complete 
| 130|0x0000000088200000, 0x0000000088300000, 0x0000000088300000|100%| E|CS|TAMS 0x0000000088200000, 0x0000000088200000| Complete 
| 131|0x0000000088300000, 0x0000000088400000, 0x0000000088400000|100%| E|CS|TAMS 0x0000000088300000, 0x0000000088300000| Complete 
| 132|0x0000000088400000, 0x0000000088500000, 0x0000000088500000|100%| E|CS|TAMS 0x0000000088400000, 0x0000000088400000| Complete 
| 133|0x0000000088500000, 0x0000000088600000, 0x0000000088600000|100%| E|CS|TAMS 0x0000000088500000, 0x0000000088500000| Complete 
| 134|0x0000000088600000, 0x0000000088700000, 0x0000000088700000|100%| E|CS|TAMS 0x0000000088600000, 0x0000000088600000| Complete 
| 135|0x0000000088700000, 0x0000000088800000, 0x0000000088800000|100%| E|CS|TAMS 0x0000000088700000, 0x0000000088700000| Complete 
| 136|0x0000000088800000, 0x0000000088900000, 0x0000000088900000|100%| E|CS|TAMS 0x0000000088800000, 0x0000000088800000| Complete 

Card table byte_map: [0x0000019aaf070000,0x0000019aaf470000] _byte_map_base: 0x0000019aaec70000

Marking Bits (Prev, Next): (CMBitMap*) 0x0000019a9c7f8c10, (CMBitMap*) 0x0000019a9c7f8c50
 Prev Bits: [0x0000019aaf870000, 0x0000019ab1870000)
 Next Bits: [0x0000019ab1870000, 0x0000019ab3870000)

Polling page: 0x0000019a9a6f0000

Metaspace:

Usage:
  Non-class:     59.89 MB used.
      Class:      9.45 MB used.
       Both:     69.34 MB used.

Virtual space:
  Non-class space:       64.00 MB reserved,      60.25 MB ( 94%) committed,  1 nodes.
      Class space:        1.00 GB reserved,       9.75 MB ( <1%) committed,  1 nodes.
             Both:        1.06 GB reserved,      70.00 MB (  6%) committed. 

Chunk freelists:
   Non-Class:  3.05 MB
       Class:  6.27 MB
        Both:  9.31 MB

MaxMetaspaceSize: unlimited
CompressedClassSpaceSize: 1.00 GB
Initial GC threshold: 21.00 MB
Current GC threshold: 113.44 MB
CDS: off
MetaspaceReclaimPolicy: balanced
 - commit_granule_bytes: 65536.
 - commit_granule_words: 8192.
 - virtual_space_node_default_size: 8388608.
 - enlarge_chunks_in_place: 1.
 - new_chunks_are_fully_committed: 0.
 - uncommit_free_chunks: 1.
 - use_allocation_guard: 0.
 - handle_deallocations: 1.


Internal statistics:

num_allocs_failed_limit: 9.
num_arena_births: 848.
num_arena_deaths: 0.
num_vsnodes_births: 2.
num_vsnodes_deaths: 0.
num_space_committed: 1120.
num_space_uncommitted: 0.
num_chunks_returned_to_freelist: 9.
num_chunks_taken_from_freelist: 3467.
num_chunk_merges: 9.
num_chunk_splits: 2251.
num_chunks_enlarged: 1502.
num_inconsistent_stats: 0.

CodeHeap 'non-profiled nmethods': size=120000Kb used=2954Kb max_used=3564Kb free=117045Kb
 bounds [0x0000019aa7740000, 0x0000019aa7ac0000, 0x0000019aaec70000]
CodeHeap 'profiled nmethods': size=120000Kb used=13106Kb max_used=13106Kb free=106894Kb
 bounds [0x0000019a9fc70000, 0x0000019aa0950000, 0x0000019aa71a0000]
CodeHeap 'non-nmethods': size=5760Kb used=2355Kb max_used=2453Kb free=3404Kb
 bounds [0x0000019aa71a0000, 0x0000019aa7420000, 0x0000019aa7740000]
 total_blobs=8390 nmethods=7508 adapters=794
 compilation: enabled
              stopped_count=0, restarted_count=0
 full_count=0

Compilation events (20 events):
Event: 17.531 Thread 0x0000019aba017f00 8344       3       org.gradle.api.internal.changedetection.state.SplitResourceSnapshotterCacheService::hashFile (47 bytes)
Event: 17.532 Thread 0x0000019aba017f00 nmethod 8344 0x0000019aa093b210 code [0x0000019aa093b400, 0x0000019aa093b9a8]
Event: 17.532 Thread 0x0000019aba017f00 8345       3       com.google.common.cache.LocalCache$Segment::getLiveValue (61 bytes)
Event: 17.533 Thread 0x0000019aba017f00 nmethod 8345 0x0000019aa093bc10 code [0x0000019aa093c040, 0x0000019aa093e118]
Event: 17.533 Thread 0x0000019aba017f00 8346       3       org.gradle.internal.fingerprint.impl.IgnoredPathFileSystemLocationFingerprint::appendToHasher (11 bytes)
Event: 17.533 Thread 0x0000019aba012730 nmethod 8291 0x0000019aa790a810 code [0x0000019aa790a9a0, 0x0000019aa790aad8]
Event: 17.533 Thread 0x0000019aba017f00 nmethod 8346 0x0000019aa093eb10 code [0x0000019aa093ed00, 0x0000019aa093f278]
Event: 17.533 Thread 0x0000019aba012730 8321       4       java.security.MessageDigest::update (45 bytes)
Event: 17.542 Thread 0x0000019aba012730 nmethod 8321 0x0000019aa77f7910 code [0x0000019aa77f7ac0, 0x0000019aa77f8178]
Event: 17.542 Thread 0x0000019aba012730 8326       4       java.net.URI$Parser::checkChars (44 bytes)
Event: 17.549 Thread 0x0000019aba012730 nmethod 8326 0x0000019aa77f6a90 code [0x0000019aa77f6c80, 0x0000019aa77f7250]
Event: 17.549 Thread 0x0000019aba012730 8347   !   4       java.net.URL::<init> (543 bytes)
Event: 17.607 Thread 0x0000019aba017f00 8351       3       java.lang.StringUTF16::length (5 bytes)
Event: 17.607 Thread 0x0000019aba017f00 nmethod 8351 0x0000019aa093f510 code [0x0000019aa093f6a0, 0x0000019aa093f798]
Event: 17.607 Thread 0x0000019aba017f00 8352       3       java.lang.StringUTF16::checkIndex (9 bytes)
Event: 17.607 Thread 0x0000019aba017f00 nmethod 8352 0x0000019aa093f890 code [0x0000019aa093fa40, 0x0000019aa093fbc8]
Event: 17.607 Thread 0x0000019aba017f00 8353       3       java.lang.StringUTF16::charAt (11 bytes)
Event: 17.607 Thread 0x0000019aba017f00 nmethod 8353 0x0000019aa093fd10 code [0x0000019aa093fec0, 0x0000019aa09400c8]
Event: 17.694 Thread 0x0000019aba017f00 8356       1       org.jetbrains.kotlin.com.intellij.psi.tree.IElementType::getIndex (5 bytes)
Event: 17.695 Thread 0x0000019aba017f00 nmethod 8356 0x0000019aa790a210 code [0x0000019aa790a3a0, 0x0000019aa790a478]

GC Heap History (20 events):
Event: 9.555 GC heap before
{Heap before GC invocations=19 (full 0):
 garbage-first heap   total 133120K, used 46210K [0x0000000080000000, 0x0000000100000000)
  region size 1024K, 7 young (7168K), 6 survivors (6144K)
 Metaspace       used 43277K, committed 43776K, reserved 1114112K
  class space    used 5790K, committed 6016K, reserved 1048576K
}
Event: 9.561 GC heap after
{Heap after GC invocations=20 (full 0):
 garbage-first heap   total 133120K, used 45513K [0x0000000080000000, 0x0000000100000000)
  region size 1024K, 1 young (1024K), 1 survivors (1024K)
 Metaspace       used 43277K, committed 43776K, reserved 1114112K
  class space    used 5790K, committed 6016K, reserved 1048576K
}
Event: 10.638 GC heap before
{Heap before GC invocations=20 (full 0):
 garbage-first heap   total 133120K, used 101833K [0x0000000080000000, 0x0000000100000000)
  region size 1024K, 52 young (53248K), 1 survivors (1024K)
 Metaspace       used 48755K, committed 49216K, reserved 1114112K
  class space    used 6498K, committed 6720K, reserved 1048576K
}
Event: 10.644 GC heap after
{Heap after GC invocations=21 (full 0):
 garbage-first heap   total 133120K, used 48736K [0x0000000080000000, 0x0000000100000000)
  region size 1024K, 4 young (4096K), 4 survivors (4096K)
 Metaspace       used 48755K, committed 49216K, reserved 1114112K
  class space    used 6498K, committed 6720K, reserved 1048576K
}
Event: 11.935 GC heap before
{Heap before GC invocations=21 (full 0):
 garbage-first heap   total 133120K, used 105056K [0x0000000080000000, 0x0000000100000000)
  region size 1024K, 54 young (55296K), 4 survivors (4096K)
 Metaspace       used 53282K, committed 53824K, reserved 1114112K
  class space    used 7225K, committed 7488K, reserved 1048576K
}
Event: 11.943 GC heap after
{Heap after GC invocations=22 (full 0):
 garbage-first heap   total 133120K, used 59877K [0x0000000080000000, 0x0000000100000000)
  region size 1024K, 5 young (5120K), 5 survivors (5120K)
 Metaspace       used 53282K, committed 53824K, reserved 1114112K
  class space    used 7225K, committed 7488K, reserved 1048576K
}
Event: 12.906 GC heap before
{Heap before GC invocations=22 (full 0):
 garbage-first heap   total 133120K, used 106981K [0x0000000080000000, 0x0000000100000000)
  region size 1024K, 47 young (48128K), 5 survivors (5120K)
 Metaspace       used 57472K, committed 58048K, reserved 1114112K
  class space    used 7659K, committed 7936K, reserved 1048576K
}
Event: 12.915 GC heap after
{Heap after GC invocations=23 (full 0):
 garbage-first heap   total 133120K, used 66718K [0x0000000080000000, 0x0000000100000000)
  region size 1024K, 4 young (4096K), 4 survivors (4096K)
 Metaspace       used 57472K, committed 58048K, reserved 1114112K
  class space    used 7659K, committed 7936K, reserved 1048576K
}
Event: 13.717 GC heap before
{Heap before GC invocations=23 (full 0):
 garbage-first heap   total 133120K, used 103582K [0x0000000080000000, 0x0000000100000000)
  region size 1024K, 42 young (43008K), 4 survivors (4096K)
 Metaspace       used 59584K, committed 60160K, reserved 1114112K
  class space    used 7990K, committed 8256K, reserved 1048576K
}
Event: 13.727 GC heap after
{Heap after GC invocations=24 (full 0):
 garbage-first heap   total 133120K, used 67523K [0x0000000080000000, 0x0000000100000000)
  region size 1024K, 1 young (1024K), 1 survivors (1024K)
 Metaspace       used 59584K, committed 60160K, reserved 1114112K
  class space    used 7990K, committed 8256K, reserved 1048576K
}
Event: 14.622 GC heap before
{Heap before GC invocations=25 (full 0):
 garbage-first heap   total 133120K, used 108483K [0x0000000080000000, 0x0000000100000000)
  region size 1024K, 41 young (41984K), 1 survivors (1024K)
 Metaspace       used 64738K, committed 65344K, reserved 1114112K
  class space    used 8782K, committed 9088K, reserved 1048576K
}
Event: 14.627 GC heap after
{Heap after GC invocations=26 (full 0):
 garbage-first heap   total 133120K, used 68881K [0x0000000080000000, 0x0000000100000000)
  region size 1024K, 3 young (3072K), 3 survivors (3072K)
 Metaspace       used 64738K, committed 65344K, reserved 1114112K
  class space    used 8782K, committed 9088K, reserved 1048576K
}
Event: 15.593 GC heap before
{Heap before GC invocations=27 (full 0):
 garbage-first heap   total 133120K, used 108817K [0x0000000080000000, 0x0000000100000000)
  region size 1024K, 42 young (43008K), 3 survivors (3072K)
 Metaspace       used 68245K, committed 68928K, reserved 1114112K
  class space    used 9350K, committed 9664K, reserved 1048576K
}
Event: 15.600 GC heap after
{Heap after GC invocations=28 (full 0):
 garbage-first heap   total 133120K, used 72172K [0x0000000080000000, 0x0000000100000000)
  region size 1024K, 6 young (6144K), 6 survivors (6144K)
 Metaspace       used 68245K, committed 68928K, reserved 1114112K
  class space    used 9350K, committed 9664K, reserved 1048576K
}
Event: 16.527 GC heap before
{Heap before GC invocations=28 (full 0):
 garbage-first heap   total 133120K, used 109036K [0x0000000080000000, 0x0000000100000000)
  region size 1024K, 43 young (44032K), 6 survivors (6144K)
 Metaspace       used 68910K, committed 69568K, reserved 1114112K
  class space    used 9371K, committed 9664K, reserved 1048576K
}
Event: 16.538 GC heap after
{Heap after GC invocations=29 (full 0):
 garbage-first heap   total 133120K, used 74179K [0x0000000080000000, 0x0000000100000000)
  region size 1024K, 6 young (6144K), 6 survivors (6144K)
 Metaspace       used 68910K, committed 69568K, reserved 1114112K
  class space    used 9371K, committed 9664K, reserved 1048576K
}
Event: 16.988 GC heap before
{Heap before GC invocations=29 (full 0):
 garbage-first heap   total 133120K, used 108995K [0x0000000080000000, 0x0000000100000000)
  region size 1024K, 41 young (41984K), 6 survivors (6144K)
 Metaspace       used 69031K, committed 69696K, reserved 1114112K
  class space    used 9371K, committed 9664K, reserved 1048576K
}
Event: 16.998 GC heap after
{Heap after GC invocations=30 (full 0):
 garbage-first heap   total 133120K, used 75894K [0x0000000080000000, 0x0000000100000000)
  region size 1024K, 4 young (4096K), 4 survivors (4096K)
 Metaspace       used 69031K, committed 69696K, reserved 1114112K
  class space    used 9371K, committed 9664K, reserved 1048576K
}
Event: 17.596 GC heap before
{Heap before GC invocations=31 (full 0):
 garbage-first heap   total 140288K, used 110710K [0x0000000080000000, 0x0000000100000000)
  region size 1024K, 39 young (39936K), 4 survivors (4096K)
 Metaspace       used 69454K, committed 70144K, reserved 1114112K
  class space    used 9452K, committed 9792K, reserved 1048576K
}
Event: 17.603 GC heap after
{Heap after GC invocations=32 (full 0):
 garbage-first heap   total 140288K, used 76825K [0x0000000080000000, 0x0000000100000000)
  region size 1024K, 3 young (3072K), 3 survivors (3072K)
 Metaspace       used 69454K, committed 70144K, reserved 1114112K
  class space    used 9452K, committed 9792K, reserved 1048576K
}

Dll operation events (3 events):
Event: 0.022 Loaded shared library C:\Program Files\Android\Android Studio\jbr\bin\java.dll
Event: 0.193 Loaded shared library C:\Program Files\Android\Android Studio\jbr\bin\zip.dll
Event: 1.369 Loaded shared library C:\Program Files\Android\Android Studio\jbr\bin\verify.dll

Deoptimization events (20 events):
Event: 17.538 Thread 0x0000019abbdb8030 Uncommon trap: trap_request=0xffffffc6 fr.pc=0x0000019aa7769ca0 relative=0x0000000000000e80
Event: 17.538 Thread 0x0000019abbdb8030 Uncommon trap: reason=bimorphic_or_optimized_type_check action=maybe_recompile pc=0x0000019aa7769ca0 method=org.gradle.internal.snapshot.ChildMap$Entry.handleAncestorDescendantOrExactMatch(Lorg/gradle/internal/snapshot/VfsRelativePath;Lorg/gradle/internal
Event: 17.538 Thread 0x0000019abbdb8030 DEOPT PACKING pc=0x0000019aa7769ca0 sp=0x00000054d98f7a60
Event: 17.538 Thread 0x0000019abbdb8030 DEOPT UNPACKING pc=0x0000019aa71f69a3 sp=0x00000054d98f7a40 mode 2
Event: 17.539 Thread 0x0000019abbdb8030 Uncommon trap: trap_request=0xffffffc6 fr.pc=0x0000019aa7769ca0 relative=0x0000000000000e80
Event: 17.539 Thread 0x0000019abbdb8030 Uncommon trap: reason=bimorphic_or_optimized_type_check action=maybe_recompile pc=0x0000019aa7769ca0 method=org.gradle.internal.snapshot.ChildMap$Entry.handleAncestorDescendantOrExactMatch(Lorg/gradle/internal/snapshot/VfsRelativePath;Lorg/gradle/internal
Event: 17.539 Thread 0x0000019abbdb8030 DEOPT PACKING pc=0x0000019aa7769ca0 sp=0x00000054d98f7630
Event: 17.539 Thread 0x0000019abbdb8030 DEOPT UNPACKING pc=0x0000019aa71f69a3 sp=0x00000054d98f7610 mode 2
Event: 17.539 Thread 0x0000019abbdb8030 Uncommon trap: trap_request=0xffffffc6 fr.pc=0x0000019aa7769ca0 relative=0x0000000000000e80
Event: 17.539 Thread 0x0000019abbdb8030 Uncommon trap: reason=bimorphic_or_optimized_type_check action=maybe_recompile pc=0x0000019aa7769ca0 method=org.gradle.internal.snapshot.ChildMap$Entry.handleAncestorDescendantOrExactMatch(Lorg/gradle/internal/snapshot/VfsRelativePath;Lorg/gradle/internal
Event: 17.539 Thread 0x0000019abbdb8030 DEOPT PACKING pc=0x0000019aa7769ca0 sp=0x00000054d98f7200
Event: 17.539 Thread 0x0000019abbdb8030 DEOPT UNPACKING pc=0x0000019aa71f69a3 sp=0x00000054d98f71e0 mode 2
Event: 17.539 Thread 0x0000019abbdb8030 Uncommon trap: trap_request=0xffffffc6 fr.pc=0x0000019aa7769ca0 relative=0x0000000000000e80
Event: 17.539 Thread 0x0000019abbdb8030 Uncommon trap: reason=bimorphic_or_optimized_type_check action=maybe_recompile pc=0x0000019aa7769ca0 method=org.gradle.internal.snapshot.ChildMap$Entry.handleAncestorDescendantOrExactMatch(Lorg/gradle/internal/snapshot/VfsRelativePath;Lorg/gradle/internal
Event: 17.539 Thread 0x0000019abbdb8030 DEOPT PACKING pc=0x0000019aa7769ca0 sp=0x00000054d98f6dd0
Event: 17.539 Thread 0x0000019abbdb8030 DEOPT UNPACKING pc=0x0000019aa71f69a3 sp=0x00000054d98f6db0 mode 2
Event: 17.560 Thread 0x0000019abbdb8030 Uncommon trap: trap_request=0xffffff45 fr.pc=0x0000019aa77a01c0 relative=0x0000000000000420
Event: 17.560 Thread 0x0000019abbdb8030 Uncommon trap: reason=unstable_if action=reinterpret pc=0x0000019aa77a01c0 method=org.gradle.internal.snapshot.VfsRelativePath.lengthOfCommonPrefix(Ljava/lang/String;Lorg/gradle/internal/snapshot/CaseSensitivity;)I @ 62 c2
Event: 17.560 Thread 0x0000019abbdb8030 DEOPT PACKING pc=0x0000019aa77a01c0 sp=0x00000054d98f59a0
Event: 17.560 Thread 0x0000019abbdb8030 DEOPT UNPACKING pc=0x0000019aa71f69a3 sp=0x00000054d98f5948 mode 2

Classes unloaded (0 events):
No events

Classes redefined (0 events):
No events

Internal exceptions (20 events):
Event: 14.377 Thread 0x0000019abbdb8030 Exception <a 'sun/nio/fs/WindowsException'{0x00000000866d4340}> (0x00000000866d4340) 
thrown [s\src\hotspot\share\prims\jni.cpp, line 517]
Event: 14.377 Thread 0x0000019abbdb8030 Exception <a 'sun/nio/fs/WindowsException'{0x00000000866d46d0}> (0x00000000866d46d0) 
thrown [s\src\hotspot\share\prims\jni.cpp, line 517]
Event: 14.538 Thread 0x0000019abbdb8030 Exception <a 'java/lang/NoSuchMethodError'{0x0000000085ec3ca8}: 'void java.lang.invoke.DirectMethodHandle$Holder.invokeStatic(java.lang.Object, java.lang.Object, java.lang.Object, java.lang.Object, java.lang.Object, java.lang.Object, java.lang.Object)'> (0x0000000085ec3ca8) 
thrown [s\src\hotspot\share\interpreter\linkResolver.cpp, line 771]
Event: 14.728 Thread 0x0000019abbdb8030 Exception <a 'java/lang/ClassNotFoundException'{0x0000000087c14370}: org/gradle/api/internal/project/DefaultProject_DecoratedBeanInfo> (0x0000000087c14370) 
thrown [s\src\hotspot\share\classfile\systemDictionary.cpp, line 256]
Event: 14.729 Thread 0x0000019abbdb8030 Exception <a 'java/lang/ClassNotFoundException'{0x0000000087c22aa8}: org/gradle/api/internal/project/DefaultProjectBeanInfo> (0x0000000087c22aa8) 
thrown [s\src\hotspot\share\classfile\systemDictionary.cpp, line 256]
Event: 14.729 Thread 0x0000019abbdb8030 Exception <a 'java/lang/ClassNotFoundException'{0x0000000087c30ff0}: org/gradle/api/internal/project/DefaultProjectCustomizer> (0x0000000087c30ff0) 
thrown [s\src\hotspot\share\classfile\systemDictionary.cpp, line 256]
Event: 14.734 Thread 0x0000019abbdb8030 Exception <a 'java/lang/ClassNotFoundException'{0x0000000087ce4cb0}: org/gradle/api/internal/project/DefaultProject_DecoratedCustomizer> (0x0000000087ce4cb0) 
thrown [s\src\hotspot\share\classfile\systemDictionary.cpp, line 256]
Event: 14.935 Thread 0x0000019abbdb8030 Exception <a 'java/lang/NoSuchMethodError'{0x00000000872c9460}: 'long java.lang.invoke.DirectMethodHandle$Holder.invokeStatic(java.lang.Object, long)'> (0x00000000872c9460) 
thrown [s\src\hotspot\share\interpreter\linkResolver.cpp, line 771]
Event: 15.120 Thread 0x0000019abbdb8030 Exception <a 'java/lang/NoSuchMethodError'{0x000000008690c278}: static Lorg/gradle/api/internal/catalog/DefaultVersionCatalog;.<clinit>()V> (0x000000008690c278) 
thrown [s\src\hotspot\share\prims\jni.cpp, line 1108]
Event: 15.124 Thread 0x0000019abbdb8030 Exception <a 'java/lang/NoSuchMethodError'{0x00000000869454f0}: static [Ljava/lang/Object;.<clinit>()V> (0x00000000869454f0) 
thrown [s\src\hotspot\share\prims\jni.cpp, line 1108]
Event: 15.126 Thread 0x0000019abbdb8030 Exception <a 'java/lang/NoSuchMethodError'{0x000000008697ae00}: static Lorg/gradle/api/internal/catalog/DependencyModel;.<clinit>()V> (0x000000008697ae00) 
thrown [s\src\hotspot\share\prims\jni.cpp, line 1108]
Event: 15.126 Thread 0x0000019abbdb8030 Exception <a 'java/lang/NoSuchMethodError'{0x000000008697e7f8}: static Lorg/gradle/api/internal/catalog/AbstractContextAwareModel;.<clinit>()V> (0x000000008697e7f8) 
thrown [s\src\hotspot\share\prims\jni.cpp, line 1108]
Event: 15.127 Thread 0x0000019abbdb8030 Exception <a 'java/lang/NoSuchMethodError'{0x00000000869987b8}: static Lorg/gradle/api/internal/artifacts/dependencies/AbstractVersionConstraint;.<clinit>()V> (0x00000000869987b8) 
thrown [s\src\hotspot\share\prims\jni.cpp, line 1108]
Event: 15.137 Thread 0x0000019abbdb8030 Exception <a 'java/lang/NoSuchMethodError'{0x0000000086841628}: static Lorg/gradle/api/internal/catalog/PluginModel;.<clinit>()V> (0x0000000086841628) 
thrown [s\src\hotspot\share\prims\jni.cpp, line 1108]
Event: 15.138 Thread 0x0000019abbdb8030 Exception <a 'java/lang/NoSuchMethodError'{0x0000000086858998}: static Lorg/gradle/api/internal/catalog/VersionModel;.<clinit>()V> (0x0000000086858998) 
thrown [s\src\hotspot\share\prims\jni.cpp, line 1108]
Event: 15.232 Thread 0x0000019abbdb8030 Exception <a 'java/lang/NoSuchMethodError'{0x0000000086490f30}: 'int java.lang.invoke.DirectMethodHandle$Holder.invokeSpecialIFC(java.lang.Object, java.lang.Object, java.lang.Object)'> (0x0000000086490f30) 
thrown [s\src\hotspot\share\interpreter\linkResolver.cpp, line 771]
Event: 15.309 Thread 0x0000019abbdb8030 Exception <a 'java/lang/NoSuchMethodError'{0x0000000086090d50}: 'void java.lang.invoke.DirectMethodHandle$Holder.invokeStatic(java.lang.Object, java.lang.Object, java.lang.Object, int, java.lang.Object)'> (0x0000000086090d50) 
thrown [s\src\hotspot\share\interpreter\linkResolver.cpp, line 771]
Event: 17.546 Thread 0x0000019abbdb8030 Exception <a 'java/lang/IncompatibleClassChangeError'{0x00000000868ded90}: Found class java.lang.Object, but interface was expected> (0x00000000868ded90) 
thrown [s\src\hotspot\share\interpreter\linkResolver.cpp, line 838]
Event: 17.568 Thread 0x0000019abbdb8030 Exception <a 'java/lang/NoSuchMethodError'{0x00000000867b5778}: 'void java.lang.invoke.DirectMethodHandle$Holder.invokeVirtual(java.lang.Object, java.lang.Object)'> (0x00000000867b5778) 
thrown [s\src\hotspot\share\interpreter\linkResolver.cpp, line 771]
Event: 17.620 Thread 0x0000019abbdb8030 Exception <a 'java/lang/NoSuchMethodError'{0x00000000888d4ff8}: 'java.lang.Object java.lang.invoke.DirectMethodHandle$Holder.invokeStaticInit(java.lang.Object, int)'> (0x00000000888d4ff8) 
thrown [s\src\hotspot\share\interpreter\linkResolver.cpp, line 771]

VM Operations (20 events):
Event: 16.988 Executing VM operation: G1CollectForAllocation
Event: 17.003 Executing VM operation: G1CollectForAllocation done
Event: 17.103 Executing VM operation: G1PauseRemark
Event: 17.108 Executing VM operation: G1PauseRemark done
Event: 17.158 Executing VM operation: G1PauseCleanup
Event: 17.158 Executing VM operation: G1PauseCleanup done
Event: 17.465 Executing VM operation: ICBufferFull
Event: 17.466 Executing VM operation: ICBufferFull done
Event: 17.536 Executing VM operation: HandshakeAllThreads
Event: 17.537 Executing VM operation: HandshakeAllThreads done
Event: 17.541 Executing VM operation: HandshakeAllThreads
Event: 17.541 Executing VM operation: HandshakeAllThreads done
Event: 17.543 Executing VM operation: HandshakeAllThreads
Event: 17.543 Executing VM operation: HandshakeAllThreads done
Event: 17.596 Executing VM operation: G1CollectForAllocation
Event: 17.603 Executing VM operation: G1CollectForAllocation done
Event: 17.610 Executing VM operation: HandshakeAllThreads
Event: 17.610 Executing VM operation: HandshakeAllThreads done
Event: 17.617 Executing VM operation: HandshakeAllThreads
Event: 17.618 Executing VM operation: HandshakeAllThreads done

Events (20 events):
Event: 16.350 Thread 0x0000019aba022260 flushing nmethod 0x0000019aa0557c90
Event: 16.350 Thread 0x0000019aba022260 flushing nmethod 0x0000019aa055f710
Event: 16.350 Thread 0x0000019aba022260 flushing nmethod 0x0000019aa0568b10
Event: 16.351 Thread 0x0000019aba022260 flushing nmethod 0x0000019aa0582a90
Event: 16.351 Thread 0x0000019aba022260 flushing nmethod 0x0000019aa0593d90
Event: 16.351 Thread 0x0000019aba022260 flushing nmethod 0x0000019aa0596c90
Event: 16.351 Thread 0x0000019aba022260 flushing nmethod 0x0000019aa05b0e90
Event: 16.351 Thread 0x0000019aba022260 flushing nmethod 0x0000019aa05cfd90
Event: 16.351 Thread 0x0000019aba022260 flushing nmethod 0x0000019aa062ff90
Event: 16.351 Thread 0x0000019aba022260 flushing nmethod 0x0000019aa0674a10
Event: 16.352 Thread 0x0000019aba022260 flushing nmethod 0x0000019aa06b7a10
Event: 16.352 Thread 0x0000019aba022260 flushing nmethod 0x0000019aa075a110
Event: 16.352 Thread 0x0000019aba022260 flushing nmethod 0x0000019aa075ab10
Event: 16.353 Thread 0x0000019aba022260 flushing nmethod 0x0000019aa0836010
Event: 16.353 Thread 0x0000019aba022260 flushing nmethod 0x0000019aa08b4810
Event: 16.406 Thread 0x0000019abfb84570 Thread added: 0x0000019abfb84570
Event: 16.406 Thread 0x0000019abfb8a090 Thread added: 0x0000019abfb8a090
Event: 16.407 Thread 0x0000019abfb88c50 Thread added: 0x0000019abfb88c50
Event: 17.111 loading class jdk/internal/access/foreign/MemorySegmentProxy
Event: 17.112 loading class jdk/internal/access/foreign/MemorySegmentProxy done


Dynamic libraries:
0x00007ff6316c0000 - 0x00007ff6316ca000 	C:\Program Files\Android\Android Studio\jbr\bin\java.exe
0x00007ffdc54f0000 - 0x00007ffdc5707000 	C:\WINDOWS\SYSTEM32\ntdll.dll
0x00007ffdc46c0000 - 0x00007ffdc4784000 	C:\WINDOWS\System32\KERNEL32.DLL
0x00007ffdc29e0000 - 0x00007ffdc2d9a000 	C:\WINDOWS\System32\KERNELBASE.dll
0x00007ffdc30b0000 - 0x00007ffdc31c1000 	C:\WINDOWS\System32\ucrtbase.dll
0x00007ffdb8780000 - 0x00007ffdb879b000 	C:\Program Files\Android\Android Studio\jbr\bin\VCRUNTIME140.dll
0x00007ffdab060000 - 0x00007ffdab077000 	C:\Program Files\Android\Android Studio\jbr\bin\jli.dll
0x00007ffdc3620000 - 0x00007ffdc37ce000 	C:\WINDOWS\System32\USER32.dll
0x00007ffdc28f0000 - 0x00007ffdc2916000 	C:\WINDOWS\System32\win32u.dll
0x00007ffdc4790000 - 0x00007ffdc47b9000 	C:\WINDOWS\System32\GDI32.dll
0x00007ffdc2da0000 - 0x00007ffdc2ebb000 	C:\WINDOWS\System32\gdi32full.dll
0x00007ffdc2850000 - 0x00007ffdc28ea000 	C:\WINDOWS\System32\msvcp_win.dll
0x00007ffd9dec0000 - 0x00007ffd9e152000 	C:\WINDOWS\WinSxS\amd64_microsoft.windows.common-controls_6595b64144ccf1df_6.0.22621.4541_none_2710d1c57384c085\COMCTL32.dll
0x00007ffdc50f0000 - 0x00007ffdc5197000 	C:\WINDOWS\System32\msvcrt.dll
0x00007ffdc35e0000 - 0x00007ffdc3611000 	C:\WINDOWS\System32\IMM32.DLL
0x00007ffdbab00000 - 0x00007ffdbab0c000 	C:\Program Files\Android\Android Studio\jbr\bin\vcruntime140_1.dll
0x00007ffd9f440000 - 0x00007ffd9f4cd000 	C:\Program Files\Android\Android Studio\jbr\bin\msvcp140.dll
0x00007ffd6a2d0000 - 0x00007ffd6af53000 	C:\Program Files\Android\Android Studio\jbr\bin\server\jvm.dll
0x00007ffdc5310000 - 0x00007ffdc53c2000 	C:\WINDOWS\System32\ADVAPI32.dll
0x00007ffdc3200000 - 0x00007ffdc32a7000 	C:\WINDOWS\System32\sechost.dll
0x00007ffdc31d0000 - 0x00007ffdc31f8000 	C:\WINDOWS\System32\bcrypt.dll
0x00007ffdc3a90000 - 0x00007ffdc3ba4000 	C:\WINDOWS\System32\RPCRT4.dll
0x00007ffdb7a60000 - 0x00007ffdb7a94000 	C:\WINDOWS\SYSTEM32\WINMM.dll
0x00007ffdbaa60000 - 0x00007ffdbaa69000 	C:\WINDOWS\SYSTEM32\WSOCK32.dll
0x00007ffdc53d0000 - 0x00007ffdc5441000 	C:\WINDOWS\System32\WS2_32.dll
0x00007ffdb0c50000 - 0x00007ffdb0c5a000 	C:\WINDOWS\SYSTEM32\VERSION.dll
0x00007ffdc26a0000 - 0x00007ffdc26ed000 	C:\WINDOWS\SYSTEM32\POWRPROF.dll
0x00007ffdc2680000 - 0x00007ffdc2693000 	C:\WINDOWS\SYSTEM32\UMPDC.dll
0x00007ffdc17d0000 - 0x00007ffdc17e8000 	C:\WINDOWS\SYSTEM32\kernel.appcore.dll
0x00007ffdbaa30000 - 0x00007ffdbaa3a000 	C:\Program Files\Android\Android Studio\jbr\bin\jimage.dll
0x00007ffdbd020000 - 0x00007ffdbd252000 	C:\WINDOWS\SYSTEM32\DBGHELP.DLL
0x00007ffdc4330000 - 0x00007ffdc46bf000 	C:\WINDOWS\System32\combase.dll
0x00007ffdc3330000 - 0x00007ffdc3407000 	C:\WINDOWS\System32\OLEAUT32.dll
0x00007ffdb1080000 - 0x00007ffdb10b2000 	C:\WINDOWS\SYSTEM32\dbgcore.DLL
0x00007ffdc3030000 - 0x00007ffdc30ab000 	C:\WINDOWS\System32\bcryptPrimitives.dll
0x00007ffdab080000 - 0x00007ffdab08e000 	C:\Program Files\Android\Android Studio\jbr\bin\instrument.dll
0x00007ffdafbf0000 - 0x00007ffdafc15000 	C:\Program Files\Android\Android Studio\jbr\bin\java.dll
0x00007ffdb1170000 - 0x00007ffdb1188000 	C:\Program Files\Android\Android Studio\jbr\bin\zip.dll
0x00007ffdc4870000 - 0x00007ffdc50e8000 	C:\WINDOWS\System32\SHELL32.dll
0x00007ffdc06c0000 - 0x00007ffdc0fc8000 	C:\WINDOWS\SYSTEM32\windows.storage.dll
0x00007ffdc0580000 - 0x00007ffdc06bf000 	C:\WINDOWS\SYSTEM32\wintypes.dll
0x00007ffdc3990000 - 0x00007ffdc3a8a000 	C:\WINDOWS\System32\SHCORE.dll
0x00007ffdc5450000 - 0x00007ffdc54ae000 	C:\WINDOWS\System32\shlwapi.dll
0x00007ffdc2700000 - 0x00007ffdc272b000 	C:\WINDOWS\SYSTEM32\profapi.dll
0x00007ffdae020000 - 0x00007ffdae039000 	C:\Program Files\Android\Android Studio\jbr\bin\net.dll
0x00007ffdb8120000 - 0x00007ffdb8256000 	C:\WINDOWS\SYSTEM32\WINHTTP.dll
0x00007ffdc1c50000 - 0x00007ffdc1cb9000 	C:\WINDOWS\system32\mswsock.dll
0x00007ffdadae0000 - 0x00007ffdadaf6000 	C:\Program Files\Android\Android Studio\jbr\bin\nio.dll
0x00007ffdb0d10000 - 0x00007ffdb0d20000 	C:\Program Files\Android\Android Studio\jbr\bin\verify.dll
0x00007ffda8c40000 - 0x00007ffda8c67000 	C:\Users\lyvtr\.gradle\native\1def1411415f61bf3af743bc5b6707747c0891f09f0c88961ee8f79bc544acac\windows-amd64\native-platform.dll
0x00007ffd98800000 - 0x00007ffd98878000 	C:\Users\lyvtr\.gradle\native\0.2.7\x86_64-windows-gnu\gradle-fileevents.dll
0x00007ffdabf10000 - 0x00007ffdabf19000 	C:\Program Files\Android\Android Studio\jbr\bin\management.dll
0x00007ffdabf00000 - 0x00007ffdabf0b000 	C:\Program Files\Android\Android Studio\jbr\bin\management_ext.dll
0x00007ffdc3bb0000 - 0x00007ffdc3bb8000 	C:\WINDOWS\System32\PSAPI.DLL
0x00007ffdc1230000 - 0x00007ffdc125d000 	C:\WINDOWS\SYSTEM32\IPHLPAPI.DLL
0x00007ffdc42b0000 - 0x00007ffdc42b9000 	C:\WINDOWS\System32\NSI.dll
0x00007ffdb8100000 - 0x00007ffdb8119000 	C:\WINDOWS\SYSTEM32\dhcpcsvc6.DLL
0x00007ffdb80e0000 - 0x00007ffdb80ff000 	C:\WINDOWS\SYSTEM32\dhcpcsvc.DLL
0x00007ffdc1260000 - 0x00007ffdc1362000 	C:\WINDOWS\SYSTEM32\DNSAPI.dll
0x00007ffdadad0000 - 0x00007ffdadad9000 	C:\Program Files\Android\Android Studio\jbr\bin\extnet.dll
0x00007ffdc1e70000 - 0x00007ffdc1e8b000 	C:\WINDOWS\SYSTEM32\CRYPTSP.dll
0x00007ffdc1730000 - 0x00007ffdc1765000 	C:\WINDOWS\system32\rsaenh.dll
0x00007ffdc1d10000 - 0x00007ffdc1d38000 	C:\WINDOWS\SYSTEM32\USERENV.dll
0x00007ffdc1e90000 - 0x00007ffdc1e9c000 	C:\WINDOWS\SYSTEM32\CRYPTBASE.dll
0x00007ffdb8850000 - 0x00007ffdb8858000 	C:\WINDOWS\system32\wshunix.dll

dbghelp: loaded successfully - version: 4.0.5 - missing functions: none
symbol engine: initialized successfully - sym options: 0x614 - pdb path: .;C:\Program Files\Android\Android Studio\jbr\bin;C:\WINDOWS\SYSTEM32;C:\WINDOWS\WinSxS\amd64_microsoft.windows.common-controls_6595b64144ccf1df_6.0.22621.4541_none_2710d1c57384c085;C:\Program Files\Android\Android Studio\jbr\bin\server;C:\Users\lyvtr\.gradle\native\1def1411415f61bf3af743bc5b6707747c0891f09f0c88961ee8f79bc544acac\windows-amd64;C:\Users\lyvtr\.gradle\native\0.2.7\x86_64-windows-gnu

VM Arguments:
jvm_args: --add-opens=java.base/java.lang=ALL-UNNAMED --add-opens=java.base/java.lang.invoke=ALL-UNNAMED --add-opens=java.base/java.util=ALL-UNNAMED --add-opens=java.prefs/java.util.prefs=ALL-UNNAMED --add-exports=jdk.compiler/com.sun.tools.javac.api=ALL-UNNAMED --add-exports=jdk.compiler/com.sun.tools.javac.util=ALL-UNNAMED --add-opens=java.base/java.util=ALL-UNNAMED --add-opens=java.prefs/java.util.prefs=ALL-UNNAMED --add-opens=java.base/java.nio.charset=ALL-UNNAMED --add-opens=java.base/java.net=ALL-UNNAMED --add-opens=java.base/java.util.concurrent.atomic=ALL-UNNAMED --add-opens=java.xml/javax.xml.namespace=ALL-UNNAMED -Xmx2048m -Dfile.encoding=UTF-8 -Duser.country=US -Duser.language=en -Duser.variant -javaagent:C:\Users\lyvtr\.gradle\wrapper\dists\gradle-8.13-rc-1-bin\adhm0wz4vblkvx5x4y2tseqdw\gradle-8.13-rc-1\lib\agents\gradle-instrumentation-agent-8.13.jar 
java_command: org.gradle.launcher.daemon.bootstrap.GradleDaemon 8.13-rc-1
java_class_path (initial): C:\Users\lyvtr\.gradle\wrapper\dists\gradle-8.13-rc-1-bin\adhm0wz4vblkvx5x4y2tseqdw\gradle-8.13-rc-1\lib\gradle-daemon-main-8.13.jar
Launcher Type: SUN_STANDARD

[Global flags]
     intx CICompilerCount                          = 3                                         {product} {ergonomic}
     uint ConcGCThreads                            = 1                                         {product} {ergonomic}
     uint G1ConcRefinementThreads                  = 4                                         {product} {ergonomic}
   size_t G1HeapRegionSize                         = 1048576                                   {product} {ergonomic}
    uintx GCDrainStackTargetSize                   = 64                                        {product} {ergonomic}
   size_t InitialHeapSize                          = 65011712                                  {product} {ergonomic}
   size_t MarkStackSize                            = 4194304                                   {product} {ergonomic}
   size_t MaxHeapSize                              = 2147483648                                {product} {command line}
   size_t MaxNewSize                               = 1287651328                                {product} {ergonomic}
   size_t MinHeapDeltaBytes                        = 1048576                                   {product} {ergonomic}
   size_t MinHeapSize                              = 8388608                                   {product} {ergonomic}
    uintx NonNMethodCodeHeapSize                   = 5832780                                {pd product} {ergonomic}
    uintx NonProfiledCodeHeapSize                  = 122912730                              {pd product} {ergonomic}
    uintx ProfiledCodeHeapSize                     = 122912730                              {pd product} {ergonomic}
    uintx ReservedCodeCacheSize                    = 251658240                              {pd product} {ergonomic}
     bool SegmentedCodeCache                       = true                                      {product} {ergonomic}
   size_t SoftMaxHeapSize                          = 2147483648                             {manageable} {ergonomic}
     bool UseCompressedClassPointers               = true                           {product lp64_product} {ergonomic}
     bool UseCompressedOops                        = true                           {product lp64_product} {ergonomic}
     bool UseG1GC                                  = true                                      {product} {ergonomic}
     bool UseLargePagesIndividualAllocation        = false                                  {pd product} {ergonomic}

Logging:
Log output configuration:
 #0: stdout all=warning uptime,level,tags
 #1: stderr all=off uptime,level,tags

Environment Variables:
JAVA_HOME=C:\Program Files\Java\jdk-22
PATH=C:\Program Files\National Instruments\Shared\OpenVINO\;C:\Program Files\Common Files\Oracle\Java\javapath;C:\WINDOWS\system32;C:\WINDOWS;C:\WINDOWS\System32\Wbem;C:\WINDOWS\System32\WindowsPowerShell\v1.0\;C:\WINDOWS\System32\OpenSSH\;C:\Program Files\nodejs\;C:\Program Files\Git\cmd;C:\Users\lyvtr\AppData\Local\Microsoft\WindowsApps;C:\Users\lyvtr\AppData\Roaming\npm;C:\Users\lyvtr\AppData\Local\Programs\Microsoft VS Code\bin;C:\Users\lyvtr\anaconda3\Library;C:\Program Files\Java\jdk-22\bin;
USERNAME=lyvtr
OS=Windows_NT
PROCESSOR_IDENTIFIER=Intel64 Family 6 Model 142 Stepping 11, GenuineIntel
TMP=C:\Users\lyvtr\AppData\Local\Temp
TEMP=C:\Users\lyvtr\AppData\Local\Temp



Periodic native trim disabled

JNI global refs:
JNI global refs: 25, weak refs: 4

JNI global refs memory usage: 843, weak refs: 841

OOME stack traces (most recent first):
Classloader memory used:
Loader org.gradle.internal.classloader.VisitableURLClassLoader                         : 4872K
Loader bootstrap                                                                       : 2520K
Loader org.gradle.initialization.MixInLegacyTypesClassLoader                           : 1179K
Loader org.gradle.internal.classloader.VisitableURLClassLoader                         : 93539B
Loader org.gradle.internal.classloader.VisitableURLClassLoader$InstrumentingVisitableURLClassLoader: 84554B
Loader jdk.internal.loader.ClassLoaders$PlatformClassLoader                            : 67391B
Loader jdk.internal.reflect.DelegatingClassLoader                                      : 38046B
Loader jdk.internal.loader.ClassLoaders$AppClassLoader                                 : 29368B
Loader org.gradle.groovy.scripts.internal.DefaultScriptCompilationHandler$ScriptClassLoader: 11096B
Loader org.codehaus.groovy.runtime.callsite.CallSiteClassLoader                        : 5997B

Classes loaded by more than one classloader:
Class org.gradle.internal.Cast                                                        : loaded 3 times (x 69B)
Class Program                                                                         : loaded 3 times (x 70B)
Class org.gradle.api.GradleException                                                  : loaded 3 times (x 80B)
Class org.gradle.internal.classpath.ClassPath                                         : loaded 2 times (x 68B)
Class org.gradle.api.internal.classpath.DefaultModuleRegistry                         : loaded 2 times (x 84B)
Class org.gradle.internal.exceptions.NonGradleCauseExceptionsHolder                   : loaded 2 times (x 68B)
Class Settings_gradle$1$1                                                             : loaded 2 times (x 72B)
Class org.gradle.api.Action                                                           : loaded 2 times (x 68B)
Class org.jetbrains.kotlin.idea.gradleTooling.model.samWithReceiver.SamWithReceiverModel: loaded 2 times (x 68B)
Class org.jetbrains.plugins.gradle.model.ExternalProject                              : loaded 2 times (x 68B)
Class org.jetbrains.plugins.gradle.model.IntelliJSettings                             : loaded 2 times (x 68B)
Class org.jetbrains.kotlin.idea.gradleTooling.KotlinMPPGradleModel                    : loaded 2 times (x 68B)
Class org.gradle.api.internal.DefaultClassPathProvider                                : loaded 2 times (x 74B)
Class org.gradle.internal.installation.GradleInstallation$1                           : loaded 2 times (x 73B)
Class org.gradle.internal.exceptions.DefaultMultiCauseException                       : loaded 2 times (x 89B)
Class org.gradle.tooling.model.UnsupportedMethodException                             : loaded 2 times (x 80B)
Class org.gradle.internal.time.MonotonicClock                                         : loaded 2 times (x 75B)
Class org.gradle.internal.classloader.FilteringClassLoader                            : loaded 2 times (x 103B)
Class org.gradle.tooling.model.Model                                                  : loaded 2 times (x 68B)
Class org.gradle.internal.classpath.DefaultClassPath$ImmutableUniqueList$Builder      : loaded 2 times (x 73B)
Class org.jetbrains.kotlin.idea.gradleTooling.KotlinSourceSetContainer                : loaded 2 times (x 68B)
Class org.gradle.internal.classloader.ClassLoaderVisitor                              : loaded 2 times (x 74B)
Class org.gradle.internal.time.DefaultCountdownTimer                                  : loaded 2 times (x 86B)
Class org.gradle.internal.service.DefaultServiceLocator                               : loaded 2 times (x 81B)
Class org.gradle.internal.service.UnknownServiceException                             : loaded 2 times (x 81B)
Class org.jetbrains.plugins.gradle.model.DependencyAccessorsModel                     : loaded 2 times (x 68B)
Class org.gradle.internal.classloader.DefaultClassLoaderFactory                       : loaded 2 times (x 80B)
Class org.jetbrains.plugins.gradle.model.GradleExtensions                             : loaded 2 times (x 68B)
Class org.jetbrains.plugins.gradle.model.VersionCatalogsModel                         : loaded 2 times (x 68B)
Class org.gradle.internal.classloader.VisitableURLClassLoader$Spec                    : loaded 2 times (x 72B)
Class org.gradle.tooling.model.ProjectModel                                           : loaded 2 times (x 68B)
Class org.jetbrains.plugins.gradle.model.MavenRepositoryModel                         : loaded 2 times (x 68B)
Class org.gradle.util.GradleVersion                                                   : loaded 2 times (x 81B)
Class org.gradle.api.internal.classpath.ModuleRegistry                                : loaded 2 times (x 68B)
Class org.jetbrains.plugins.gradle.model.RepositoriesModel                            : loaded 2 times (x 68B)
Class kotlin.jvm.internal.markers.KMappedMarker                                       : loaded 2 times (x 68B)
Class org.gradle.api.internal.ClassPathProvider                                       : loaded 2 times (x 68B)
Class org.gradle.internal.classloader.ClasspathUtil$1                                 : loaded 2 times (x 74B)
Class org.gradle.internal.classloader.ClassLoaderFactory                              : loaded 2 times (x 68B)
Class org.gradle.api.internal.classpath.ManifestUtil                                  : loaded 2 times (x 69B)
Class org.gradle.api.specs.Spec                                                       : loaded 2 times (x 68B)
Class org.gradle.tooling.internal.gradle.GradleBuildIdentity                          : loaded 2 times (x 68B)
Class org.gradle.internal.IoActions                                                   : loaded 2 times (x 69B)
Class org.gradle.api.internal.classpath.EffectiveClassPath                            : loaded 2 times (x 88B)
Class kotlin.jvm.internal.DefaultConstructorMarker                                    : loaded 2 times (x 69B)
Class org.jetbrains.kotlin.idea.gradleTooling.model.annotation.AnnotationBasedPluginModel: loaded 2 times (x 68B)
Class org.jetbrains.kotlin.idea.gradleTooling.model.assignment.AssignmentModel        : loaded 2 times (x 68B)
Class org.gradle.internal.installation.CurrentGradleInstallation                      : loaded 2 times (x 71B)
Class org.gradle.internal.installation.CurrentGradleInstallationLocator               : loaded 2 times (x 69B)
Class org.gradle.api.internal.classpath.Module                                        : loaded 2 times (x 68B)
Class org.gradle.internal.service.CachingServiceLocator                               : loaded 2 times (x 80B)
Class org.gradle.internal.time.Timer                                                  : loaded 2 times (x 68B)
Class org.jetbrains.plugins.gradle.model.tests.ExternalTestsModel                     : loaded 2 times (x 68B)
Class org.jetbrains.kotlin.idea.gradleTooling.KotlinDslScriptAdditionalTask           : loaded 2 times (x 68B)
Class org.gradle.internal.classpath.DefaultClassPath                                  : loaded 2 times (x 88B)
Class com.intellij.openapi.externalSystem.model.project.dependencies.ProjectDependencies: loaded 2 times (x 68B)
Class org.jetbrains.kotlin.idea.gradleTooling.PrepareKotlinIdeImportTaskModel         : loaded 2 times (x 68B)
Class org.gradle.internal.impldep.com.google.common.base.Preconditions                : loaded 2 times (x 69B)
Class kotlin.jvm.functions.Function1                                                  : loaded 2 times (x 68B)
Class org.gradle.internal.time.Time                                                   : loaded 2 times (x 69B)
Class org.gradle.internal.time.TimeSource$1                                           : loaded 2 times (x 75B)
Class org.gradle.internal.classloader.SystemClassLoaderSpec                           : loaded 2 times (x 69B)
Class kotlin.Function                                                                 : loaded 2 times (x 68B)
Class org.gradle.api.UncheckedIOException                                             : loaded 2 times (x 80B)
Class org.gradle.tooling.internal.gradle.DefaultProjectIdentifier                     : loaded 2 times (x 84B)
Class org.gradle.api.internal.classpath.GlobalCacheRootsProvider                      : loaded 2 times (x 68B)
Class org.gradle.tooling.internal.gradle.GradleProjectIdentity                        : loaded 2 times (x 68B)
Class org.gradle.internal.time.CountdownTimer                                         : loaded 2 times (x 68B)
Class org.gradle.internal.time.Clock                                                  : loaded 2 times (x 68B)
Class org.gradle.internal.classloader.ClasspathUtil                                   : loaded 2 times (x 69B)
Class org.gradle.tooling.model.BuildIdentifier                                        : loaded 2 times (x 68B)
Class org.gradle.api.internal.DefaultClassPathRegistry                                : loaded 2 times (x 74B)
Class org.gradle.api.internal.classpath.DefaultModuleRegistry$DefaultModule           : loaded 2 times (x 84B)
Class org.gradle.internal.time.TimeSource                                             : loaded 2 times (x 68B)
Class org.jetbrains.kotlin.android.synthetic.idea.AndroidExtensionsGradleModel        : loaded 2 times (x 68B)
Class org.gradle.api.internal.classpath.UnknownModuleException                        : loaded 2 times (x 80B)
Class org.jetbrains.plugins.gradle.model.IntelliJProjectSettings                      : loaded 2 times (x 68B)
Class org.gradle.internal.service.ServiceLookupException                              : loaded 2 times (x 80B)
Class org.jetbrains.kotlin.idea.gradleTooling.model.lombok.LombokModel                : loaded 2 times (x 68B)
Class org.gradle.tooling.model.ProjectIdentifier                                      : loaded 2 times (x 68B)
Class [Lorg.gradle.api.internal.ClassPathProvider;                                    : loaded 2 times (x 67B)
Class org.gradle.internal.operations.MultipleBuildOperationFailures                   : loaded 2 times (x 89B)
Class org.gradle.util.internal.GUtil                                                  : loaded 2 times (x 69B)
Class org.jetbrains.plugins.gradle.model.AnnotationProcessingModel                    : loaded 2 times (x 68B)
Class org.gradle.internal.classloader.ClassLoaderSpec                                 : loaded 2 times (x 69B)
Class sync_studio_tooling913_5a38l07zje5rdjxzxjm8m888c$_run_closure1                  : loaded 2 times (x 137B)
Class org.gradle.internal.classloader.InstrumentingClassLoader                        : loaded 2 times (x 68B)
Class org.jetbrains.plugins.gradle.model.BuildScriptClasspathModel                    : loaded 2 times (x 68B)
Class org.gradle.internal.classloader.VisitableURLClassLoader                         : loaded 2 times (x 115B)
Class org.gradle.internal.installation.GradleInstallation                             : loaded 2 times (x 73B)
Class org.gradle.api.internal.ClassPathRegistry                                       : loaded 2 times (x 68B)
Class org.gradle.internal.classloader.VisitableURLClassLoader$InstrumentingVisitableURLClassLoader: loaded 2 times (x 121B)
Class org.gradle.internal.classloader.ClassLoaderHierarchy                            : loaded 2 times (x 68B)
Class org.gradle.internal.exceptions.MultiCauseException                              : loaded 2 times (x 68B)
Class org.jetbrains.kotlin.idea.gradleTooling.model.parcelize.ParcelizeGradleModel    : loaded 2 times (x 68B)
Class org.gradle.internal.InternalTransformer                                         : loaded 2 times (x 68B)
Class org.jetbrains.kotlin.idea.gradleTooling.model.noarg.NoArgModel                  : loaded 2 times (x 68B)
Class org.jetbrains.kotlin.idea.gradleTooling.KotlinGradleModel                       : loaded 2 times (x 68B)
Class org.gradle.tooling.internal.gradle.DefaultBuildIdentifier                       : loaded 2 times (x 77B)
Class org.gradle.internal.service.ServiceLocator                                      : loaded 2 times (x 68B)
Class Settings_gradle$1                                                               : loaded 2 times (x 72B)
Class org.jetbrains.kotlin.idea.gradleTooling.model.allopen.AllOpenModel              : loaded 2 times (x 68B)
Class org.gradle.internal.classpath.DefaultClassPath$ImmutableUniqueList              : loaded 2 times (x 159B)
Class org.gradle.internal.time.DefaultTimer                                           : loaded 2 times (x 78B)
Class org.gradle.internal.classpath.TransformedClassPath                              : loaded 2 times (x 94B)
Class Settings_gradle                                                                 : loaded 2 times (x 126B)
Class sync_studio_tooling913_5a38l07zje5rdjxzxjm8m888c                                : loaded 2 times (x 177B)
Class ijInit1_9sal00zdepzdhrm8h29wch649                                               : loaded 2 times (x 177B)


---------------  S Y S T E M  ---------------

OS:
 Windows 11 , 64 bit Build 22621 (10.0.22621.4391)
OS uptime: 28 days 9:15 hours
Hyper-V role detected

CPU: total 4 (initial active 4) (2 cores per cpu, 2 threads per core) family 6 model 142 stepping 11 microcode 0xde, cx8, cmov, fxsr, ht, mmx, 3dnowpref, sse, sse2, sse3, ssse3, sse4.1, sse4.2, popcnt, lzcnt, tsc, tscinvbit, avx, avx2, aes, erms, clmul, bmi1, bmi2, adx, fma, vzeroupper, clflush, clflushopt, hv
Processor Information for all 4 processors :
  Max Mhz: 2304, Current Mhz: 2103, Mhz Limit: 2096

Memory: 4k page, system-wide physical 3953M (253M free)
TotalPageFile size 16241M (AvailPageFile size 5M)
current process WorkingSet (physical memory assigned to process): 293M, peak: 293M
current process commit charge ("private bytes"): 375M, peak: 376M

vm_info: OpenJDK 64-Bit Server VM (17.0.10+0--11572160) for windows-amd64 JRE (17.0.10+0--11572160), built on Mar 13 2024 23:56:38 by "androidbuild" with MS VC++ 16.10 / 16.11 (VS2019)

END.
