#
# There is insufficient memory for the Java Runtime Environment to continue.
# Native memory allocation (mmap) failed to map 144703488 bytes for G1 virtual space
# Possible reasons:
#   The system is out of physical RAM or swap space
#   The process is running with CompressedOops enabled, and the Java Heap may be blocking the growth of the native heap
# Possible solutions:
#   Reduce memory load on the system
#   Increase physical memory or swap space
#   Check if swap backing store is full
#   Decrease Java heap size (-Xmx/-Xms)
#   Decrease number of Java threads
#   Decrease Java thread stack sizes (-Xss)
#   Set larger code cache with -XX:ReservedCodeCacheSize=
#   JVM is running with Unscaled Compressed Oops mode in which the Java heap is
#     placed in the first 4GB address space. The Java Heap base address is the
#     maximum limit for the native heap growth. Please use -XX:HeapBaseMinAddress
#     to set the Java Heap base and to place the Java Heap above 4GB virtual address.
# This output file may be truncated or incomplete.
#
#  Out of Memory Error (os_windows.cpp:3825), pid=552, tid=8740
#
# JRE version: OpenJDK Runtime Environment (17.0.10) (build 17.0.10+0--11572160)
# Java VM: OpenJDK 64-Bit Server VM (17.0.10+0--11572160, mixed mode, tiered, compressed oops, compressed class ptrs, g1 gc, windows-amd64)
# No core dump will be written. Minidumps are not enabled by default on client versions of Windows
#

---------------  S U M M A R Y ------------

Command Line: --add-opens=java.base/java.lang=ALL-UNNAMED --add-opens=java.base/java.lang.invoke=ALL-UNNAMED --add-opens=java.base/java.util=ALL-UNNAMED --add-opens=java.prefs/java.util.prefs=ALL-UNNAMED --add-exports=jdk.compiler/com.sun.tools.javac.api=ALL-UNNAMED --add-exports=jdk.compiler/com.sun.tools.javac.util=ALL-UNNAMED --add-opens=java.base/java.util=ALL-UNNAMED --add-opens=java.prefs/java.util.prefs=ALL-UNNAMED --add-opens=java.base/java.nio.charset=ALL-UNNAMED --add-opens=java.base/java.net=ALL-UNNAMED --add-opens=java.base/java.util.concurrent.atomic=ALL-UNNAMED --add-opens=java.xml/javax.xml.namespace=ALL-UNNAMED -Xmx2048m -Dfile.encoding=UTF-8 -Duser.country=US -Duser.language=en -Duser.variant -javaagent:C:\Users\lyvtr\.gradle\wrapper\dists\gradle-8.13-rc-1-bin\adhm0wz4vblkvx5x4y2tseqdw\gradle-8.13-rc-1\lib\agents\gradle-instrumentation-agent-8.13.jar org.gradle.launcher.daemon.bootstrap.GradleDaemon 8.13-rc-1

Host: Intel(R) Core(TM) i3-8145U CPU @ 2.10GHz, 4 cores, 3G,  Windows 11 , 64 bit Build 22621 (10.0.22621.4391)
Time: Mon Feb 17 12:01:44 2025 Eastern Standard Time elapsed time: 10.288098 seconds (0d 0h 0m 10s)

---------------  T H R E A D  ---------------

Current thread (0x00000187bf008230):  VMThread "VM Thread" [stack: 0x00000052dba00000,0x00000052dbb00000] [id=8740]

Stack: [0x00000052dba00000,0x00000052dbb00000]
Native frames: (J=compiled Java code, j=interpreted, Vv=VM code, C=native code)
V  [jvm.dll+0x688e89]
V  [jvm.dll+0x84247a]
V  [jvm.dll+0x8440be]
V  [jvm.dll+0x844723]
V  [jvm.dll+0x24be0f]
V  [jvm.dll+0x685c59]
V  [jvm.dll+0x67a50a]
V  [jvm.dll+0x30cbab]
V  [jvm.dll+0x314056]
V  [jvm.dll+0x363dce]
V  [jvm.dll+0x363fff]
V  [jvm.dll+0x2e2978]
V  [jvm.dll+0x2e0b54]
V  [jvm.dll+0x2e015c]
V  [jvm.dll+0x325351]
V  [jvm.dll+0x848e1b]
V  [jvm.dll+0x849b61]
V  [jvm.dll+0x84a07d]
V  [jvm.dll+0x84a454]
V  [jvm.dll+0x84a520]
V  [jvm.dll+0x7f0d1a]
V  [jvm.dll+0x687d05]
C  [ucrtbase.dll+0x29333]
C  [KERNEL32.DLL+0x1259d]
C  [ntdll.dll+0x5af38]

VM_Operation (0x00000052dd1f7d60): G1TryInitiateConcMark, mode: safepoint, requested by thread 0x00000187c4e693e0


---------------  P R O C E S S  ---------------

Threads class SMR info:
_java_thread_list=0x00000187c72c6d00, length=47, elements={
0x00000187a5a3de30, 0x00000187befe1130, 0x00000187befe1a00, 0x00000187bf0392a0,
0x00000187bf03db80, 0x00000187bf03e450, 0x00000187bf278070, 0x00000187bf278c70,
0x00000187bf279580, 0x00000187bf279e90, 0x00000187bf3c8a20, 0x00000187bf4fc3d0,
0x00000187c4e8cde0, 0x00000187c4cff030, 0x00000187c5001a70, 0x00000187c4ed7030,
0x00000187c4d97a80, 0x00000187c4e66140, 0x00000187c4e693e0, 0x00000187c4e698f0,
0x00000187c4e689c0, 0x00000187c4e66650, 0x00000187c4e68ed0, 0x00000187c4e67fa0,
0x00000187c4e67070, 0x00000187c4e67580, 0x00000187c4e67a90, 0x00000187c4e684b0,
0x00000187c66111a0, 0x00000187c66116b0, 0x00000187c6613510, 0x00000187c6611bc0,
0x00000187c66120d0, 0x00000187c66125e0, 0x00000187c6613000, 0x00000187c6613a20,
0x00000187c6610270, 0x00000187c6610780, 0x00000187c6610c90, 0x00000187c6b548e0,
0x00000187c6b56230, 0x00000187c6b55300, 0x00000187c6b58fc0, 0x00000187c6b539b0,
0x00000187c6b54df0, 0x00000187c6b55810, 0x00000187c6b585a0
}

Java Threads: ( => current thread )
  0x00000187a5a3de30 JavaThread "main" [_thread_blocked, id=6948, stack(0x00000052db400000,0x00000052db500000)]
  0x00000187befe1130 JavaThread "Reference Handler" daemon [_thread_blocked, id=15540, stack(0x00000052dbb00000,0x00000052dbc00000)]
  0x00000187befe1a00 JavaThread "Finalizer" daemon [_thread_blocked, id=2164, stack(0x00000052dbc00000,0x00000052dbd00000)]
  0x00000187bf0392a0 JavaThread "Signal Dispatcher" daemon [_thread_blocked, id=1556, stack(0x00000052dbd00000,0x00000052dbe00000)]
  0x00000187bf03db80 JavaThread "Attach Listener" daemon [_thread_blocked, id=52, stack(0x00000052dbe00000,0x00000052dbf00000)]
  0x00000187bf03e450 JavaThread "Service Thread" daemon [_thread_blocked, id=6976, stack(0x00000052dbf00000,0x00000052dc000000)]
  0x00000187bf278070 JavaThread "Monitor Deflation Thread" daemon [_thread_blocked, id=7872, stack(0x00000052dc000000,0x00000052dc100000)]
  0x00000187bf278c70 JavaThread "C2 CompilerThread0" daemon [_thread_blocked, id=14420, stack(0x00000052dc100000,0x00000052dc200000)]
  0x00000187bf279580 JavaThread "C1 CompilerThread0" daemon [_thread_blocked, id=6904, stack(0x00000052dc200000,0x00000052dc300000)]
  0x00000187bf279e90 JavaThread "Sweeper thread" daemon [_thread_blocked, id=13408, stack(0x00000052dc300000,0x00000052dc400000)]
  0x00000187bf3c8a20 JavaThread "Common-Cleaner" daemon [_thread_blocked, id=8428, stack(0x00000052dc400000,0x00000052dc500000)]
  0x00000187bf4fc3d0 JavaThread "Notification Thread" daemon [_thread_blocked, id=2744, stack(0x00000052dc500000,0x00000052dc600000)]
  0x00000187c4e8cde0 JavaThread "Daemon health stats" [_thread_blocked, id=19100, stack(0x00000052dcb00000,0x00000052dcc00000)]
  0x00000187c4cff030 JavaThread "Incoming local TCP Connector on port 59632" [_thread_in_native, id=17164, stack(0x00000052dcc00000,0x00000052dcd00000)]
  0x00000187c5001a70 JavaThread "Daemon periodic checks" [_thread_blocked, id=8344, stack(0x00000052dcd00000,0x00000052dce00000)]
  0x00000187c4ed7030 JavaThread "Daemon" [_thread_blocked, id=15560, stack(0x00000052dce00000,0x00000052dcf00000)]
  0x00000187c4d97a80 JavaThread "Handler for socket connection from /127.0.0.1:59632 to /127.0.0.1:59633" [_thread_in_native, id=10940, stack(0x00000052dcf00000,0x00000052dd000000)]
  0x00000187c4e66140 JavaThread "Cancel handler" [_thread_blocked, id=3364, stack(0x00000052dd000000,0x00000052dd100000)]
  0x00000187c4e693e0 JavaThread "Daemon worker" [_thread_blocked, id=14944, stack(0x00000052dd100000,0x00000052dd200000)]
  0x00000187c4e698f0 JavaThread "Asynchronous log dispatcher for DefaultDaemonConnection: socket connection from /127.0.0.1:59632 to /127.0.0.1:59633" [_thread_blocked, id=16796, stack(0x00000052dd200000,0x00000052dd300000)]
  0x00000187c4e689c0 JavaThread "Stdin handler" [_thread_blocked, id=9640, stack(0x00000052dd300000,0x00000052dd400000)]
  0x00000187c4e66650 JavaThread "Daemon client event forwarder" [_thread_blocked, id=1712, stack(0x00000052dd400000,0x00000052dd500000)]
  0x00000187c4e68ed0 JavaThread "Cache worker for journal cache (C:\Users\lyvtr\.gradle\caches\journal-1)" [_thread_blocked, id=1044, stack(0x00000052dd500000,0x00000052dd600000)]
  0x00000187c4e67fa0 JavaThread "File lock request listener" [_thread_in_native, id=1820, stack(0x00000052dd600000,0x00000052dd700000)]
  0x00000187c4e67070 JavaThread "Cache worker for file hash cache (C:\Users\lyvtr\.gradle\caches\8.13-rc-1\fileHashes)" [_thread_blocked, id=15332, stack(0x00000052dd700000,0x00000052dd800000)]
  0x00000187c4e67580 JavaThread "Cache worker for file hash cache (D:\code shit\personal\SeniorProject\.gradle\8.13-rc-1\fileHashes)" [_thread_blocked, id=18244, stack(0x00000052dd800000,0x00000052dd900000)]
  0x00000187c4e67a90 JavaThread "Cache worker for Build Output Cleanup Cache (D:\code shit\personal\SeniorProject\.gradle\buildOutputCleanup)" [_thread_blocked, id=18132, stack(0x00000052dd900000,0x00000052dda00000)]
  0x00000187c4e684b0 JavaThread "File watcher server" daemon [_thread_in_native, id=11276, stack(0x00000052dda00000,0x00000052ddb00000)]
  0x00000187c66111a0 JavaThread "File watcher consumer" daemon [_thread_blocked, id=7900, stack(0x00000052ddb00000,0x00000052ddc00000)]
  0x00000187c66116b0 JavaThread "jar transforms" [_thread_blocked, id=7396, stack(0x00000052ddc00000,0x00000052ddd00000)]
  0x00000187c6613510 JavaThread "jar transforms Thread 2" [_thread_blocked, id=9612, stack(0x00000052ddd00000,0x00000052dde00000)]
  0x00000187c6611bc0 JavaThread "jar transforms Thread 3" [_thread_blocked, id=6712, stack(0x00000052dde00000,0x00000052ddf00000)]
  0x00000187c66120d0 JavaThread "jar transforms Thread 4" [_thread_blocked, id=11252, stack(0x00000052ddf00000,0x00000052de000000)]
  0x00000187c66125e0 JavaThread "Cache worker for checksums cache (D:\code shit\personal\SeniorProject\.gradle\8.13-rc-1\checksums)" [_thread_blocked, id=2268, stack(0x00000052de200000,0x00000052de300000)]
  0x00000187c6613000 JavaThread "Cache worker for file content cache (C:\Users\lyvtr\.gradle\caches\8.13-rc-1\fileContent)" [_thread_blocked, id=2252, stack(0x00000052de300000,0x00000052de400000)]
  0x00000187c6613a20 JavaThread "Cache worker for cache directory md-supplier (C:\Users\lyvtr\.gradle\caches\8.13-rc-1\md-supplier)" [_thread_blocked, id=7644, stack(0x00000052de400000,0x00000052de500000)]
  0x00000187c6610270 JavaThread "Cache worker for cache directory md-rule (C:\Users\lyvtr\.gradle\caches\8.13-rc-1\md-rule)" [_thread_blocked, id=4528, stack(0x00000052de500000,0x00000052de600000)]
  0x00000187c6610780 JavaThread "Unconstrained build operations" [_thread_blocked, id=6584, stack(0x00000052de600000,0x00000052de700000)]
  0x00000187c6610c90 JavaThread "Unconstrained build operations Thread 2" [_thread_blocked, id=7960, stack(0x00000052de700000,0x00000052de800000)]
  0x00000187c6b548e0 JavaThread "Unconstrained build operations Thread 3" [_thread_blocked, id=1540, stack(0x00000052de800000,0x00000052de900000)]
  0x00000187c6b56230 JavaThread "Unconstrained build operations Thread 4" [_thread_blocked, id=11428, stack(0x00000052de900000,0x00000052dea00000)]
  0x00000187c6b55300 JavaThread "Unconstrained build operations Thread 5" [_thread_blocked, id=2828, stack(0x00000052dea00000,0x00000052deb00000)]
  0x00000187c6b58fc0 JavaThread "Unconstrained build operations Thread 6" [_thread_blocked, id=17304, stack(0x00000052deb00000,0x00000052dec00000)]
  0x00000187c6b539b0 JavaThread "Unconstrained build operations Thread 7" [_thread_blocked, id=16028, stack(0x00000052dec00000,0x00000052ded00000)]
  0x00000187c6b54df0 JavaThread "Unconstrained build operations Thread 8" [_thread_blocked, id=11676, stack(0x00000052ded00000,0x00000052dee00000)]
  0x00000187c6b55810 JavaThread "Unconstrained build operations Thread 9" [_thread_blocked, id=8704, stack(0x00000052dee00000,0x00000052def00000)]
  0x00000187c6b585a0 JavaThread "Unconstrained build operations Thread 10" [_thread_blocked, id=5756, stack(0x00000052def00000,0x00000052df000000)]

Other Threads:
=>0x00000187bf008230 VMThread "VM Thread" [stack: 0x00000052dba00000,0x00000052dbb00000] [id=8740]
  0x00000187a5a40900 WatcherThread [stack: 0x00000052dc600000,0x00000052dc700000] [id=16840]
  0x00000187a5a9b4e0 GCTaskThread "GC Thread#0" [stack: 0x00000052db500000,0x00000052db600000] [id=13120]
  0x00000187bf6df7b0 GCTaskThread "GC Thread#1" [stack: 0x00000052dc700000,0x00000052dc800000] [id=5484]
  0x00000187bf6e0bd0 GCTaskThread "GC Thread#2" [stack: 0x00000052dc800000,0x00000052dc900000] [id=5320]
  0x00000187bfc649b0 GCTaskThread "GC Thread#3" [stack: 0x00000052dc900000,0x00000052dca00000] [id=11792]
  0x00000187a5aac1d0 ConcurrentGCThread "G1 Main Marker" [stack: 0x00000052db600000,0x00000052db700000] [id=17008]
  0x00000187a5aac990 ConcurrentGCThread "G1 Conc#0" [stack: 0x00000052db700000,0x00000052db800000] [id=10784]
  0x00000187a5aeddb0 ConcurrentGCThread "G1 Refine#0" [stack: 0x00000052db800000,0x00000052db900000] [id=7744]
  0x00000187c4183550 ConcurrentGCThread "G1 Refine#1" [stack: 0x00000052dca00000,0x00000052dcb00000] [id=19120]
  0x00000187c5388c40 ConcurrentGCThread "G1 Refine#2" [stack: 0x00000052de000000,0x00000052de100000] [id=5780]
  0x00000187c5388950 ConcurrentGCThread "G1 Refine#3" [stack: 0x00000052de100000,0x00000052de200000] [id=10120]
  0x00000187a5aee490 ConcurrentGCThread "G1 Service" [stack: 0x00000052db900000,0x00000052dba00000] [id=11836]

Threads with active compile tasks:

VM state: at safepoint (normal execution)

VM Mutex/Monitor currently owned by a thread:  ([mutex/lock_event])
[0x00000187a5a39fe0] Threads_lock - owner thread: 0x00000187bf008230
[0x00000187a5a3acd0] Heap_lock - owner thread: 0x00000187c4e693e0

Heap address: 0x0000000080000000, size: 2048 MB, Compressed Oops mode: 32-bit

CDS archive(s) not mapped
Compressed class space mapped at: 0x0000000100000000-0x0000000140000000, reserved size: 1073741824
Narrow klass base: 0x0000000000000000, Narrow klass shift: 3, Narrow klass range: 0x140000000

GC Precious Log:
 CPUs: 4 total, 4 available
 Memory: 3953M
 Large Page Support: Disabled
 NUMA Support: Disabled
 Compressed Oops: Enabled (32-bit)
 Heap Region Size: 1M
 Heap Min Capacity: 8M
 Heap Initial Capacity: 62M
 Heap Max Capacity: 2G
 Pre-touch: Disabled
 Parallel Workers: 4
 Concurrent Workers: 1
 Concurrent Refinement Workers: 4
 Periodic GC: Disabled

Heap:
 garbage-first heap   total 115712K, used 56254K [0x0000000080000000, 0x0000000100000000)
  region size 1024K, 5 young (5120K), 5 survivors (5120K)
 Metaspace       used 53188K, committed 53696K, reserved 1114112K
  class space    used 7223K, committed 7488K, reserved 1048576K

Heap Regions: E=young(eden), S=young(survivor), O=old, HS=humongous(starts), HC=humongous(continues), CS=collection set, F=free, OA=open archive, CA=closed archive, TAMS=top-at-mark-start (previous, next)
|   0|0x0000000080000000, 0x0000000080100000, 0x0000000080100000|100%|HS|  |TAMS 0x0000000080100000, 0x0000000080100000| Complete 
|   1|0x0000000080100000, 0x0000000080200000, 0x0000000080200000|100%|HC|  |TAMS 0x0000000080200000, 0x0000000080200000| Complete 
|   2|0x0000000080200000, 0x0000000080300000, 0x0000000080300000|100%|HC|  |TAMS 0x0000000080300000, 0x0000000080300000| Complete 
|   3|0x0000000080300000, 0x0000000080400000, 0x0000000080400000|100%| O|  |TAMS 0x0000000080400000, 0x0000000080400000| Untracked 
|   4|0x0000000080400000, 0x0000000080500000, 0x0000000080500000|100%| O|  |TAMS 0x0000000080500000, 0x0000000080500000| Untracked 
|   5|0x0000000080500000, 0x0000000080600000, 0x0000000080600000|100%| O|  |TAMS 0x0000000080600000, 0x0000000080600000| Untracked 
|   6|0x0000000080600000, 0x0000000080700000, 0x0000000080700000|100%| O|  |TAMS 0x00000000806b2400, 0x0000000080700000| Untracked 
|   7|0x0000000080700000, 0x0000000080800000, 0x0000000080800000|100%| O|  |TAMS 0x0000000080800000, 0x0000000080800000| Untracked 
|   8|0x0000000080800000, 0x0000000080900000, 0x0000000080900000|100%| O|  |TAMS 0x0000000080900000, 0x0000000080900000| Untracked 
|   9|0x0000000080900000, 0x0000000080a00000, 0x0000000080a00000|100%| O|  |TAMS 0x0000000080a00000, 0x0000000080a00000| Untracked 
|  10|0x0000000080a00000, 0x0000000080b00000, 0x0000000080b00000|100%|HS|  |TAMS 0x0000000080b00000, 0x0000000080b00000| Complete 
|  11|0x0000000080b00000, 0x0000000080c00000, 0x0000000080c00000|100%| O|  |TAMS 0x0000000080c00000, 0x0000000080c00000| Untracked 
|  12|0x0000000080c00000, 0x0000000080d00000, 0x0000000080d00000|100%| O|  |TAMS 0x0000000080d00000, 0x0000000080d00000| Untracked 
|  13|0x0000000080d00000, 0x0000000080e00000, 0x0000000080e00000|100%| O|  |TAMS 0x0000000080e00000, 0x0000000080e00000| Untracked 
|  14|0x0000000080e00000, 0x0000000080f00000, 0x0000000080f00000|100%| O|  |TAMS 0x0000000080f00000, 0x0000000080f00000| Untracked 
|  15|0x0000000080f00000, 0x0000000081000000, 0x0000000081000000|100%| O|  |TAMS 0x0000000081000000, 0x0000000081000000| Untracked 
|  16|0x0000000081000000, 0x0000000081100000, 0x0000000081100000|100%| O|  |TAMS 0x0000000081100000, 0x0000000081100000| Untracked 
|  17|0x0000000081100000, 0x0000000081200000, 0x0000000081200000|100%| O|  |TAMS 0x0000000081200000, 0x0000000081200000| Untracked 
|  18|0x0000000081200000, 0x0000000081300000, 0x0000000081300000|100%| O|  |TAMS 0x0000000081200000, 0x0000000081300000| Untracked 
|  19|0x0000000081300000, 0x0000000081400000, 0x0000000081400000|100%| O|  |TAMS 0x0000000081400000, 0x0000000081400000| Untracked 
|  20|0x0000000081400000, 0x0000000081500000, 0x0000000081500000|100%| O|  |TAMS 0x0000000081500000, 0x0000000081500000| Untracked 
|  21|0x0000000081500000, 0x0000000081600000, 0x0000000081600000|100%| O|  |TAMS 0x0000000081600000, 0x0000000081600000| Untracked 
|  22|0x0000000081600000, 0x0000000081700000, 0x0000000081700000|100%|HS|  |TAMS 0x0000000081700000, 0x0000000081700000| Complete 
|  23|0x0000000081700000, 0x0000000081800000, 0x0000000081800000|100%|HC|  |TAMS 0x0000000081800000, 0x0000000081800000| Complete 
|  24|0x0000000081800000, 0x0000000081900000, 0x0000000081900000|100%|HS|  |TAMS 0x0000000081900000, 0x0000000081900000| Complete 
|  25|0x0000000081900000, 0x0000000081a00000, 0x0000000081a00000|100%|HC|  |TAMS 0x0000000081a00000, 0x0000000081a00000| Complete 
|  26|0x0000000081a00000, 0x0000000081b00000, 0x0000000081b00000|100%|HC|  |TAMS 0x0000000081b00000, 0x0000000081b00000| Complete 
|  27|0x0000000081b00000, 0x0000000081c00000, 0x0000000081c00000|100%|HS|  |TAMS 0x0000000081c00000, 0x0000000081c00000| Complete 
|  28|0x0000000081c00000, 0x0000000081d00000, 0x0000000081d00000|100%|HC|  |TAMS 0x0000000081d00000, 0x0000000081d00000| Complete 
|  29|0x0000000081d00000, 0x0000000081e00000, 0x0000000081e00000|100%|HC|  |TAMS 0x0000000081e00000, 0x0000000081e00000| Complete 
|  30|0x0000000081e00000, 0x0000000081f00000, 0x0000000081f00000|100%|HS|  |TAMS 0x0000000081f00000, 0x0000000081f00000| Complete 
|  31|0x0000000081f00000, 0x0000000082000000, 0x0000000082000000|100%|HC|  |TAMS 0x0000000082000000, 0x0000000082000000| Complete 
|  32|0x0000000082000000, 0x0000000082100000, 0x0000000082100000|100%|HC|  |TAMS 0x0000000082100000, 0x0000000082100000| Complete 
|  33|0x0000000082100000, 0x0000000082200000, 0x0000000082200000|100%| O|  |TAMS 0x0000000082100000, 0x0000000082200000| Untracked 
|  34|0x0000000082200000, 0x0000000082300000, 0x0000000082300000|100%| O|  |TAMS 0x0000000082200000, 0x0000000082300000| Untracked 
|  35|0x0000000082300000, 0x0000000082400000, 0x0000000082400000|100%| O|  |TAMS 0x0000000082300000, 0x0000000082400000| Untracked 
|  36|0x0000000082400000, 0x0000000082500000, 0x0000000082500000|100%| O|  |TAMS 0x0000000082400000, 0x0000000082500000| Untracked 
|  37|0x0000000082500000, 0x0000000082600000, 0x0000000082600000|100%| O|  |TAMS 0x0000000082500000, 0x0000000082600000| Untracked 
|  38|0x0000000082600000, 0x0000000082700000, 0x0000000082700000|100%| O|  |TAMS 0x0000000082600000, 0x0000000082700000| Untracked 
|  39|0x0000000082700000, 0x0000000082800000, 0x0000000082800000|100%| O|  |TAMS 0x0000000082700000, 0x0000000082800000| Untracked 
|  40|0x0000000082800000, 0x0000000082900000, 0x0000000082900000|100%| O|  |TAMS 0x0000000082800000, 0x0000000082900000| Untracked 
|  41|0x0000000082900000, 0x0000000082a00000, 0x0000000082a00000|100%| O|  |TAMS 0x0000000082900000, 0x0000000082a00000| Untracked 
|  42|0x0000000082a00000, 0x0000000082b00000, 0x0000000082b00000|100%| O|  |TAMS 0x0000000082a00000, 0x0000000082b00000| Untracked 
|  43|0x0000000082b00000, 0x0000000082c00000, 0x0000000082c00000|100%| O|  |TAMS 0x0000000082b00000, 0x0000000082c00000| Untracked 
|  44|0x0000000082c00000, 0x0000000082d00000, 0x0000000082d00000|100%| O|  |TAMS 0x0000000082c00000, 0x0000000082d00000| Untracked 
|  45|0x0000000082d00000, 0x0000000082e00000, 0x0000000082e00000|100%| O|  |TAMS 0x0000000082d00000, 0x0000000082e00000| Untracked 
|  46|0x0000000082e00000, 0x0000000082f00000, 0x0000000082f00000|100%| O|  |TAMS 0x0000000082e00000, 0x0000000082f00000| Untracked 
|  47|0x0000000082f00000, 0x0000000082f61400, 0x0000000083000000| 37%| O|  |TAMS 0x0000000082f00000, 0x0000000082f61400| Untracked 
|  48|0x0000000083000000, 0x0000000083100000, 0x0000000083100000|100%|HS|  |TAMS 0x0000000083000000, 0x0000000083100000| Complete 
|  49|0x0000000083100000, 0x0000000083200000, 0x0000000083200000|100%|HC|  |TAMS 0x0000000083100000, 0x0000000083200000| Complete 
|  50|0x0000000083200000, 0x0000000083300000, 0x0000000083300000|100%|HC|  |TAMS 0x0000000083200000, 0x0000000083300000| Complete 
|  51|0x0000000083300000, 0x0000000083300000, 0x0000000083400000|  0%| F|  |TAMS 0x0000000083300000, 0x0000000083300000| Untracked 
|  52|0x0000000083400000, 0x0000000083400000, 0x0000000083500000|  0%| F|  |TAMS 0x0000000083400000, 0x0000000083400000| Untracked 
|  53|0x0000000083500000, 0x0000000083500000, 0x0000000083600000|  0%| F|  |TAMS 0x0000000083500000, 0x0000000083500000| Untracked 
|  54|0x0000000083600000, 0x0000000083600000, 0x0000000083700000|  0%| F|  |TAMS 0x0000000083600000, 0x0000000083600000| Untracked 
|  55|0x0000000083700000, 0x0000000083700000, 0x0000000083800000|  0%| F|  |TAMS 0x0000000083700000, 0x0000000083700000| Untracked 
|  56|0x0000000083800000, 0x0000000083800000, 0x0000000083900000|  0%| F|  |TAMS 0x0000000083800000, 0x0000000083800000| Untracked 
|  57|0x0000000083900000, 0x0000000083900000, 0x0000000083a00000|  0%| F|  |TAMS 0x0000000083900000, 0x0000000083900000| Untracked 
|  58|0x0000000083a00000, 0x0000000083a00000, 0x0000000083b00000|  0%| F|  |TAMS 0x0000000083a00000, 0x0000000083a00000| Untracked 
|  59|0x0000000083b00000, 0x0000000083b00000, 0x0000000083c00000|  0%| F|  |TAMS 0x0000000083b00000, 0x0000000083b00000| Untracked 
|  60|0x0000000083c00000, 0x0000000083c00000, 0x0000000083d00000|  0%| F|  |TAMS 0x0000000083c00000, 0x0000000083c00000| Untracked 
|  61|0x0000000083d00000, 0x0000000083d00000, 0x0000000083e00000|  0%| F|  |TAMS 0x0000000083d00000, 0x0000000083d00000| Untracked 
|  62|0x0000000083e00000, 0x0000000083e00000, 0x0000000083f00000|  0%| F|  |TAMS 0x0000000083e00000, 0x0000000083e00000| Untracked 
|  63|0x0000000083f00000, 0x0000000083f00000, 0x0000000084000000|  0%| F|  |TAMS 0x0000000083f00000, 0x0000000083f00000| Untracked 
|  64|0x0000000084000000, 0x0000000084000000, 0x0000000084100000|  0%| F|  |TAMS 0x0000000084000000, 0x0000000084000000| Untracked 
|  65|0x0000000084100000, 0x0000000084100000, 0x0000000084200000|  0%| F|  |TAMS 0x0000000084100000, 0x0000000084100000| Untracked 
|  66|0x0000000084200000, 0x0000000084200000, 0x0000000084300000|  0%| F|  |TAMS 0x0000000084200000, 0x0000000084200000| Untracked 
|  67|0x0000000084300000, 0x0000000084300000, 0x0000000084400000|  0%| F|  |TAMS 0x0000000084300000, 0x0000000084300000| Untracked 
|  68|0x0000000084400000, 0x0000000084400000, 0x0000000084500000|  0%| F|  |TAMS 0x0000000084400000, 0x0000000084400000| Untracked 
|  69|0x0000000084500000, 0x0000000084500000, 0x0000000084600000|  0%| F|  |TAMS 0x0000000084500000, 0x0000000084500000| Untracked 
|  70|0x0000000084600000, 0x0000000084600000, 0x0000000084700000|  0%| F|  |TAMS 0x0000000084600000, 0x0000000084600000| Untracked 
|  71|0x0000000084700000, 0x0000000084700000, 0x0000000084800000|  0%| F|  |TAMS 0x0000000084700000, 0x0000000084700000| Untracked 
|  72|0x0000000084800000, 0x0000000084800000, 0x0000000084900000|  0%| F|  |TAMS 0x0000000084800000, 0x0000000084800000| Untracked 
|  73|0x0000000084900000, 0x0000000084900000, 0x0000000084a00000|  0%| F|  |TAMS 0x0000000084900000, 0x0000000084900000| Untracked 
|  74|0x0000000084a00000, 0x0000000084a00000, 0x0000000084b00000|  0%| F|  |TAMS 0x0000000084a00000, 0x0000000084a00000| Untracked 
|  75|0x0000000084b00000, 0x0000000084b00000, 0x0000000084c00000|  0%| F|  |TAMS 0x0000000084b00000, 0x0000000084b00000| Untracked 
|  76|0x0000000084c00000, 0x0000000084c00000, 0x0000000084d00000|  0%| F|  |TAMS 0x0000000084c00000, 0x0000000084c00000| Untracked 
|  77|0x0000000084d00000, 0x0000000084d00000, 0x0000000084e00000|  0%| F|  |TAMS 0x0000000084d00000, 0x0000000084d00000| Untracked 
|  78|0x0000000084e00000, 0x0000000084e00000, 0x0000000084f00000|  0%| F|  |TAMS 0x0000000084e00000, 0x0000000084e00000| Untracked 
|  79|0x0000000084f00000, 0x0000000084f00000, 0x0000000085000000|  0%| F|  |TAMS 0x0000000084f00000, 0x0000000084f00000| Untracked 
|  80|0x0000000085000000, 0x0000000085000000, 0x0000000085100000|  0%| F|  |TAMS 0x0000000085000000, 0x0000000085000000| Untracked 
|  81|0x0000000085100000, 0x0000000085100000, 0x0000000085200000|  0%| F|  |TAMS 0x0000000085100000, 0x0000000085100000| Untracked 
|  82|0x0000000085200000, 0x0000000085200000, 0x0000000085300000|  0%| F|  |TAMS 0x0000000085200000, 0x0000000085200000| Untracked 
|  83|0x0000000085300000, 0x0000000085300000, 0x0000000085400000|  0%| F|  |TAMS 0x0000000085300000, 0x0000000085300000| Untracked 
|  84|0x0000000085400000, 0x0000000085400000, 0x0000000085500000|  0%| F|  |TAMS 0x0000000085400000, 0x0000000085400000| Untracked 
|  85|0x0000000085500000, 0x0000000085500000, 0x0000000085600000|  0%| F|  |TAMS 0x0000000085500000, 0x0000000085500000| Untracked 
|  86|0x0000000085600000, 0x000000008568e560, 0x0000000085700000| 55%| S|CS|TAMS 0x0000000085600000, 0x0000000085600000| Complete 
|  87|0x0000000085700000, 0x0000000085800000, 0x0000000085800000|100%| S|CS|TAMS 0x0000000085700000, 0x0000000085700000| Complete 
|  88|0x0000000085800000, 0x0000000085900000, 0x0000000085900000|100%| S|CS|TAMS 0x0000000085800000, 0x0000000085800000| Complete 
|  89|0x0000000085900000, 0x0000000085a00000, 0x0000000085a00000|100%| S|CS|TAMS 0x0000000085900000, 0x0000000085900000| Complete 
|  90|0x0000000085a00000, 0x0000000085b00000, 0x0000000085b00000|100%| S|CS|TAMS 0x0000000085a00000, 0x0000000085a00000| Complete 
|  91|0x0000000085b00000, 0x0000000085b00000, 0x0000000085c00000|  0%| F|  |TAMS 0x0000000085b00000, 0x0000000085b00000| Untracked 
|  92|0x0000000085c00000, 0x0000000085c00000, 0x0000000085d00000|  0%| F|  |TAMS 0x0000000085c00000, 0x0000000085c00000| Untracked 
|  93|0x0000000085d00000, 0x0000000085d00000, 0x0000000085e00000|  0%| F|  |TAMS 0x0000000085d00000, 0x0000000085d00000| Untracked 
|  94|0x0000000085e00000, 0x0000000085e00000, 0x0000000085f00000|  0%| F|  |TAMS 0x0000000085e00000, 0x0000000085e00000| Untracked 
|  95|0x0000000085f00000, 0x0000000085f00000, 0x0000000086000000|  0%| F|  |TAMS 0x0000000085f00000, 0x0000000085f00000| Untracked 
|  96|0x0000000086000000, 0x0000000086000000, 0x0000000086100000|  0%| F|  |TAMS 0x0000000086000000, 0x0000000086000000| Untracked 
|  97|0x0000000086100000, 0x0000000086100000, 0x0000000086200000|  0%| F|  |TAMS 0x0000000086100000, 0x0000000086100000| Untracked 
|  98|0x0000000086200000, 0x0000000086200000, 0x0000000086300000|  0%| F|  |TAMS 0x0000000086200000, 0x0000000086200000| Untracked 
|  99|0x0000000086300000, 0x0000000086300000, 0x0000000086400000|  0%| F|  |TAMS 0x0000000086300000, 0x0000000086300000| Untracked 
| 100|0x0000000086400000, 0x0000000086400000, 0x0000000086500000|  0%| F|  |TAMS 0x0000000086400000, 0x0000000086400000| Untracked 
| 101|0x0000000086500000, 0x0000000086500000, 0x0000000086600000|  0%| F|  |TAMS 0x0000000086500000, 0x0000000086500000| Untracked 
| 102|0x0000000086600000, 0x0000000086600000, 0x0000000086700000|  0%| F|  |TAMS 0x0000000086600000, 0x0000000086600000| Untracked 
| 103|0x0000000086700000, 0x0000000086700000, 0x0000000086800000|  0%| F|  |TAMS 0x0000000086700000, 0x0000000086700000| Untracked 
| 104|0x0000000086800000, 0x0000000086800000, 0x0000000086900000|  0%| F|  |TAMS 0x0000000086800000, 0x0000000086800000| Untracked 
| 105|0x0000000086900000, 0x0000000086900000, 0x0000000086a00000|  0%| F|  |TAMS 0x0000000086900000, 0x0000000086900000| Untracked 
| 106|0x0000000086a00000, 0x0000000086a00000, 0x0000000086b00000|  0%| F|  |TAMS 0x0000000086a00000, 0x0000000086a00000| Untracked 
| 107|0x0000000086b00000, 0x0000000086b00000, 0x0000000086c00000|  0%| F|  |TAMS 0x0000000086b00000, 0x0000000086b00000| Untracked 
| 108|0x0000000086c00000, 0x0000000086c00000, 0x0000000086d00000|  0%| F|  |TAMS 0x0000000086c00000, 0x0000000086c00000| Untracked 
| 109|0x0000000086d00000, 0x0000000086d00000, 0x0000000086e00000|  0%| F|  |TAMS 0x0000000086d00000, 0x0000000086d00000| Untracked 
| 110|0x0000000086e00000, 0x0000000086e00000, 0x0000000086f00000|  0%| F|  |TAMS 0x0000000086e00000, 0x0000000086e00000| Untracked 
| 111|0x0000000086f00000, 0x0000000086f00000, 0x0000000087000000|  0%| F|  |TAMS 0x0000000086f00000, 0x0000000086f00000| Untracked 
| 112|0x0000000087000000, 0x0000000087000000, 0x0000000087100000|  0%| F|  |TAMS 0x0000000087000000, 0x0000000087000000| Untracked 

Card table byte_map: [0x00000187b8310000,0x00000187b8710000] _byte_map_base: 0x00000187b7f10000

Marking Bits (Prev, Next): (CMBitMap*) 0x00000187a5a9b8a0, (CMBitMap*) 0x00000187a5a9b8e0
 Prev Bits: [0x00000187b8b10000, 0x00000187bab10000)
 Next Bits: [0x00000187bab10000, 0x00000187bcb10000)

Polling page: 0x00000187a51f0000

Metaspace:

Usage:
  Non-class:     44.89 MB used.
      Class:      7.05 MB used.
       Both:     51.94 MB used.

Virtual space:
  Non-class space:       64.00 MB reserved,      45.12 MB ( 71%) committed,  1 nodes.
      Class space:        1.00 GB reserved,       7.31 MB ( <1%) committed,  1 nodes.
             Both:        1.06 GB reserved,      52.44 MB (  5%) committed. 

Chunk freelists:
   Non-Class:  2.51 MB
       Class:  8.68 MB
        Both:  11.18 MB

MaxMetaspaceSize: unlimited
CompressedClassSpaceSize: 1.00 GB
Initial GC threshold: 21.00 MB
Current GC threshold: 59.19 MB
CDS: off
MetaspaceReclaimPolicy: balanced
 - commit_granule_bytes: 65536.
 - commit_granule_words: 8192.
 - virtual_space_node_default_size: 8388608.
 - enlarge_chunks_in_place: 1.
 - new_chunks_are_fully_committed: 0.
 - uncommit_free_chunks: 1.
 - use_allocation_guard: 0.
 - handle_deallocations: 1.


Internal statistics:

num_allocs_failed_limit: 6.
num_arena_births: 618.
num_arena_deaths: 0.
num_vsnodes_births: 2.
num_vsnodes_deaths: 0.
num_space_committed: 839.
num_space_uncommitted: 0.
num_chunks_returned_to_freelist: 6.
num_chunks_taken_from_freelist: 2432.
num_chunk_merges: 6.
num_chunk_splits: 1534.
num_chunks_enlarged: 998.
num_inconsistent_stats: 0.

CodeHeap 'non-profiled nmethods': size=120000Kb used=2573Kb max_used=2573Kb free=117426Kb
 bounds [0x00000187b09e0000, 0x00000187b0c70000, 0x00000187b7f10000]
CodeHeap 'profiled nmethods': size=120000Kb used=9922Kb max_used=9922Kb free=110077Kb
 bounds [0x00000187a8f10000, 0x00000187a98d0000, 0x00000187b0440000]
CodeHeap 'non-nmethods': size=5760Kb used=2309Kb max_used=2380Kb free=3450Kb
 bounds [0x00000187b0440000, 0x00000187b06b0000, 0x00000187b09e0000]
 total_blobs=6000 nmethods=5174 adapters=738
 compilation: enabled
              stopped_count=0, restarted_count=0
 full_count=0

Compilation events (20 events):
Event: 10.261 Thread 0x00000187bf279580 nmethod 5208 0x00000187a98b5990 code [0x00000187a98b5b80, 0x00000187a98b6218]
Event: 10.261 Thread 0x00000187bf279580 5204       3       groovy.lang.MetaMethod::getMopName (105 bytes)
Event: 10.262 Thread 0x00000187bf279580 nmethod 5204 0x00000187a98b6490 code [0x00000187a98b67e0, 0x00000187a98b7968]
Event: 10.262 Thread 0x00000187bf278c70 nmethod 5206 0x00000187b0c61790 code [0x00000187b0c61920, 0x00000187b0c61b58]
Event: 10.262 Thread 0x00000187bf279580 5209       3       groovy.lang.MetaClassImpl::createMetaBeanProperty (35 bytes)
Event: 10.262 Thread 0x00000187bf278c70 5199       4       java.util.stream.MatchOps$MatchOp::evaluateSequential (7 bytes)
Event: 10.262 Thread 0x00000187bf279580 nmethod 5209 0x00000187a98b7f10 code [0x00000187a98b80e0, 0x00000187a98b8588]
Event: 10.262 Thread 0x00000187bf279580 5210       3       groovy.lang.MetaClassImpl::makeReplacementMetaProperty (241 bytes)
Event: 10.264 Thread 0x00000187bf279580 nmethod 5210 0x00000187a98b8790 code [0x00000187a98b8c00, 0x00000187a98bb618]
Event: 10.264 Thread 0x00000187bf279580 5211       3       groovy.lang.MetaClassImpl::getPropName (19 bytes)
Event: 10.264 Thread 0x00000187bf279580 nmethod 5211 0x00000187a98bc010 code [0x00000187a98bc220, 0x00000187a98bc8f8]
Event: 10.264 Thread 0x00000187bf279580 5207       3       java.util.LinkedList$ListItr::next (56 bytes)
Event: 10.265 Thread 0x00000187bf279580 nmethod 5207 0x00000187a98bcb90 code [0x00000187a98bcd80, 0x00000187a98bd298]
Event: 10.265 Thread 0x00000187bf279580 5196       3       org.gradle.internal.reflect.JavaPropertyReflectionUtil::hasTypeVariable (267 bytes)
Event: 10.266 Thread 0x00000187bf279580 nmethod 5196 0x00000187a98bd490 code [0x00000187a98bd8a0, 0x00000187a98bfd08]
Event: 10.266 Thread 0x00000187bf279580 5200       3       com.google.common.collect.LinkedHashMultimap$ValueSet$1::hasNext (21 bytes)
Event: 10.266 Thread 0x00000187bf279580 nmethod 5200 0x00000187a98c0390 code [0x00000187a98c0540, 0x00000187a98c0828]
Event: 10.276 Thread 0x00000187bf278c70 nmethod 5199 0x00000187b0c61c90 code [0x00000187b0c61ee0, 0x00000187b0c62858]
Event: 10.276 Thread 0x00000187bf278c70 5205       4       java.lang.PublicMethods$Key::hashCode (19 bytes)
Event: 10.278 Thread 0x00000187bf278c70 nmethod 5205 0x00000187b0c63290 code [0x00000187b0c63420, 0x00000187b0c63618]

GC Heap History (20 events):
Event: 4.587 GC heap after
{Heap after GC invocations=8 (full 0):
 garbage-first heap   total 63488K, used 20806K [0x0000000080000000, 0x0000000100000000)
  region size 1024K, 2 young (2048K), 2 survivors (2048K)
 Metaspace       used 25598K, committed 25792K, reserved 1114112K
  class space    used 3222K, committed 3328K, reserved 1048576K
}
Event: 4.608 GC heap before
{Heap before GC invocations=8 (full 0):
 garbage-first heap   total 63488K, used 20806K [0x0000000080000000, 0x0000000100000000)
  region size 1024K, 3 young (3072K), 2 survivors (2048K)
 Metaspace       used 25721K, committed 26048K, reserved 1114112K
  class space    used 3246K, committed 3392K, reserved 1048576K
}
Event: 4.615 GC heap after
{Heap after GC invocations=9 (full 0):
 garbage-first heap   total 63488K, used 20886K [0x0000000080000000, 0x0000000100000000)
  region size 1024K, 1 young (1024K), 1 survivors (1024K)
 Metaspace       used 25721K, committed 26048K, reserved 1114112K
  class space    used 3246K, committed 3392K, reserved 1048576K
}
Event: 5.128 GC heap before
{Heap before GC invocations=9 (full 0):
 garbage-first heap   total 63488K, used 47510K [0x0000000080000000, 0x0000000100000000)
  region size 1024K, 27 young (27648K), 1 survivors (1024K)
 Metaspace       used 28795K, committed 29056K, reserved 1114112K
  class space    used 3813K, committed 3968K, reserved 1048576K
}
Event: 5.133 GC heap after
{Heap after GC invocations=10 (full 0):
 garbage-first heap   total 63488K, used 22257K [0x0000000080000000, 0x0000000100000000)
  region size 1024K, 2 young (2048K), 2 survivors (2048K)
 Metaspace       used 28795K, committed 29056K, reserved 1114112K
  class space    used 3813K, committed 3968K, reserved 1048576K
}
Event: 5.661 GC heap before
{Heap before GC invocations=10 (full 0):
 garbage-first heap   total 63488K, used 47857K [0x0000000080000000, 0x0000000100000000)
  region size 1024K, 27 young (27648K), 2 survivors (2048K)
 Metaspace       used 31990K, committed 32384K, reserved 1114112K
  class space    used 4331K, committed 4544K, reserved 1048576K
}
Event: 5.668 GC heap after
{Heap after GC invocations=11 (full 0):
 garbage-first heap   total 63488K, used 23720K [0x0000000080000000, 0x0000000100000000)
  region size 1024K, 4 young (4096K), 4 survivors (4096K)
 Metaspace       used 31990K, committed 32384K, reserved 1114112K
  class space    used 4331K, committed 4544K, reserved 1048576K
}
Event: 6.113 GC heap before
{Heap before GC invocations=11 (full 0):
 garbage-first heap   total 63488K, used 34984K [0x0000000080000000, 0x0000000100000000)
  region size 1024K, 12 young (12288K), 4 survivors (4096K)
 Metaspace       used 32823K, committed 33216K, reserved 1114112K
  class space    used 4486K, committed 4672K, reserved 1048576K
}
Event: 6.119 GC heap after
{Heap after GC invocations=12 (full 0):
 garbage-first heap   total 115712K, used 30386K [0x0000000080000000, 0x0000000100000000)
  region size 1024K, 3 young (3072K), 3 survivors (3072K)
 Metaspace       used 32823K, committed 33216K, reserved 1114112K
  class space    used 4486K, committed 4672K, reserved 1048576K
}
Event: 7.068 GC heap before
{Heap before GC invocations=12 (full 0):
 garbage-first heap   total 115712K, used 63154K [0x0000000080000000, 0x0000000100000000)
  region size 1024K, 30 young (30720K), 3 survivors (3072K)
 Metaspace       used 35726K, committed 36096K, reserved 1114112K
  class space    used 4927K, committed 5120K, reserved 1048576K
}
Event: 7.075 GC heap after
{Heap after GC invocations=13 (full 0):
 garbage-first heap   total 115712K, used 40584K [0x0000000080000000, 0x0000000100000000)
  region size 1024K, 7 young (7168K), 7 survivors (7168K)
 Metaspace       used 35726K, committed 36096K, reserved 1114112K
  class space    used 4927K, committed 5120K, reserved 1048576K
}
Event: 8.163 GC heap before
{Heap before GC invocations=14 (full 0):
 garbage-first heap   total 115712K, used 85640K [0x0000000080000000, 0x0000000100000000)
  region size 1024K, 52 young (53248K), 7 survivors (7168K)
 Metaspace       used 43201K, committed 43648K, reserved 1114112K
  class space    used 5786K, committed 6016K, reserved 1048576K
}
Event: 8.171 GC heap after
{Heap after GC invocations=15 (full 0):
 garbage-first heap   total 115712K, used 44750K [0x0000000080000000, 0x0000000100000000)
  region size 1024K, 7 young (7168K), 7 survivors (7168K)
 Metaspace       used 43201K, committed 43648K, reserved 1114112K
  class space    used 5786K, committed 6016K, reserved 1048576K
}
Event: 8.178 GC heap before
{Heap before GC invocations=15 (full 0):
 garbage-first heap   total 115712K, used 45774K [0x0000000080000000, 0x0000000100000000)
  region size 1024K, 8 young (8192K), 7 survivors (7168K)
 Metaspace       used 43201K, committed 43648K, reserved 1114112K
  class space    used 5786K, committed 6016K, reserved 1048576K
}
Event: 8.188 GC heap after
{Heap after GC invocations=16 (full 0):
 garbage-first heap   total 115712K, used 45231K [0x0000000080000000, 0x0000000100000000)
  region size 1024K, 1 young (1024K), 1 survivors (1024K)
 Metaspace       used 43201K, committed 43648K, reserved 1114112K
  class space    used 5786K, committed 6016K, reserved 1048576K
}
Event: 8.939 GC heap before
{Heap before GC invocations=16 (full 0):
 garbage-first heap   total 115712K, used 92335K [0x0000000080000000, 0x0000000100000000)
  region size 1024K, 43 young (44032K), 1 survivors (1024K)
 Metaspace       used 47251K, committed 47744K, reserved 1114112K
  class space    used 6273K, committed 6528K, reserved 1048576K
}
Event: 8.947 GC heap after
{Heap after GC invocations=17 (full 0):
 garbage-first heap   total 115712K, used 48567K [0x0000000080000000, 0x0000000100000000)
  region size 1024K, 4 young (4096K), 4 survivors (4096K)
 Metaspace       used 47251K, committed 47744K, reserved 1114112K
  class space    used 6273K, committed 6528K, reserved 1048576K
}
Event: 9.674 GC heap before
{Heap before GC invocations=17 (full 0):
 garbage-first heap   total 115712K, used 89527K [0x0000000080000000, 0x0000000100000000)
  region size 1024K, 44 young (45056K), 4 survivors (4096K)
 Metaspace       used 51863K, committed 52288K, reserved 1114112K
  class space    used 7023K, committed 7232K, reserved 1048576K
}
Event: 9.682 GC heap after
{Heap after GC invocations=18 (full 0):
 garbage-first heap   total 115712K, used 50535K [0x0000000080000000, 0x0000000100000000)
  region size 1024K, 2 young (2048K), 2 survivors (2048K)
 Metaspace       used 51863K, committed 52288K, reserved 1114112K
  class space    used 7023K, committed 7232K, reserved 1048576K
}
Event: 10.278 GC heap before
{Heap before GC invocations=18 (full 0):
 garbage-first heap   total 115712K, used 75111K [0x0000000080000000, 0x0000000100000000)
  region size 1024K, 24 young (24576K), 2 survivors (2048K)
 Metaspace       used 53188K, committed 53696K, reserved 1114112K
  class space    used 7223K, committed 7488K, reserved 1048576K
}

Dll operation events (3 events):
Event: 0.013 Loaded shared library C:\Program Files\Android\Android Studio\jbr\bin\java.dll
Event: 0.171 Loaded shared library C:\Program Files\Android\Android Studio\jbr\bin\zip.dll
Event: 1.088 Loaded shared library C:\Program Files\Android\Android Studio\jbr\bin\verify.dll

Deoptimization events (20 events):
Event: 9.845 Thread 0x00000187c4e693e0 Uncommon trap: trap_request=0xffffff45 fr.pc=0x00000187b0b09ed8 relative=0x0000000000000238
Event: 9.845 Thread 0x00000187c4e693e0 Uncommon trap: reason=unstable_if action=reinterpret pc=0x00000187b0b09ed8 method=java.util.concurrent.ConcurrentHashMap.get(Ljava/lang/Object;)Ljava/lang/Object; @ 86 c2
Event: 9.845 Thread 0x00000187c4e693e0 DEOPT PACKING pc=0x00000187b0b09ed8 sp=0x00000052dd1f7910
Event: 9.845 Thread 0x00000187c4e693e0 DEOPT UNPACKING pc=0x00000187b04969a3 sp=0x00000052dd1f7888 mode 2
Event: 9.853 Thread 0x00000187c4e693e0 Uncommon trap: trap_request=0xffffff45 fr.pc=0x00000187b0ae6770 relative=0x0000000000000150
Event: 9.853 Thread 0x00000187c4e693e0 Uncommon trap: reason=unstable_if action=reinterpret pc=0x00000187b0ae6770 method=java.util.concurrent.ConcurrentHashMap.addCount(JI)V @ 34 c2
Event: 9.853 Thread 0x00000187c4e693e0 DEOPT PACKING pc=0x00000187b0ae6770 sp=0x00000052dd1f73a0
Event: 9.853 Thread 0x00000187c4e693e0 DEOPT UNPACKING pc=0x00000187b04969a3 sp=0x00000052dd1f72e0 mode 2
Event: 9.914 Thread 0x00000187c4e693e0 Uncommon trap: trap_request=0xffffffde fr.pc=0x00000187b0b331ec relative=0x00000000000002cc
Event: 9.914 Thread 0x00000187c4e693e0 Uncommon trap: reason=class_check action=maybe_recompile pc=0x00000187b0b331ec method=java.util.Collections$SetFromMap.remove(Ljava/lang/Object;)Z @ 5 c2
Event: 9.914 Thread 0x00000187c4e693e0 DEOPT PACKING pc=0x00000187b0b331ec sp=0x00000052dd1f88a0
Event: 9.914 Thread 0x00000187c4e693e0 DEOPT UNPACKING pc=0x00000187b04969a3 sp=0x00000052dd1f8878 mode 2
Event: 10.015 Thread 0x00000187c4e693e0 DEOPT PACKING pc=0x00000187a9317fc3 sp=0x00000052dd1f7d10
Event: 10.015 Thread 0x00000187c4e693e0 DEOPT UNPACKING pc=0x00000187b0497143 sp=0x00000052dd1f7230 mode 0
Event: 10.020 Thread 0x00000187c6b55300 DEOPT PACKING pc=0x00000187a93224d4 sp=0x00000052deafd240
Event: 10.020 Thread 0x00000187c6b55300 DEOPT UNPACKING pc=0x00000187b0497143 sp=0x00000052deafc798 mode 0
Event: 10.171 Thread 0x00000187c6b54df0 DEOPT PACKING pc=0x00000187a93224d4 sp=0x00000052dedfd2f0
Event: 10.171 Thread 0x00000187c6b54df0 DEOPT UNPACKING pc=0x00000187b0497143 sp=0x00000052dedfc848 mode 0
Event: 10.190 Thread 0x00000187c4e67070 DEOPT PACKING pc=0x00000187a97b60cc sp=0x00000052dd7fe8a0
Event: 10.190 Thread 0x00000187c4e67070 DEOPT UNPACKING pc=0x00000187b0497143 sp=0x00000052dd7fdd50 mode 0

Classes unloaded (0 events):
No events

Classes redefined (0 events):
No events

Internal exceptions (20 events):
Event: 9.438 Thread 0x00000187c4e693e0 Exception <a 'java/lang/ClassNotFoundException'{0x00000000857b1340}: sync_studio_tooling1216_4ia99jt66bcil6qrenmmprlrt$_run_closure1BeanInfo> (0x00000000857b1340) 
thrown [s\src\hotspot\share\classfile\systemDictionary.cpp, line 256]
Event: 9.438 Thread 0x00000187c4e693e0 Exception <a 'java/lang/ClassNotFoundException'{0x00000000857b8a58}: sync_studio_tooling1216_4ia99jt66bcil6qrenmmprlrt$_run_closure1Customizer> (0x00000000857b8a58) 
thrown [s\src\hotspot\share\classfile\systemDictionary.cpp, line 256]
Event: 9.486 Thread 0x00000187c4e693e0 Exception <a 'java/lang/NoSuchMethodError'{0x00000000854974d0}: 'java.lang.Object java.lang.invoke.DirectMethodHandle$Holder.newInvokeSpecial(java.lang.Object, int, java.lang.Object)'> (0x00000000854974d0) 
thrown [s\src\hotspot\share\interpreter\linkResolver.cpp, line 771]
Event: 9.637 Thread 0x00000187c4e693e0 Exception <a 'java/lang/NoSuchMethodError'{0x0000000084a1dcd8}: 'java.lang.Object java.lang.invoke.DirectMethodHandle$Holder.invokeSpecial(java.lang.Object, java.lang.Object, long, java.lang.Object, java.lang.Object)'> (0x0000000084a1dcd8) 
thrown [s\src\hotspot\share\interpreter\linkResolver.cpp, line 771]
Event: 9.730 Thread 0x00000187c4e693e0 Exception <a 'java/lang/NoSuchMethodError'{0x0000000086e8e538}: 'int java.lang.invoke.DirectMethodHandle$Holder.invokeInterface(java.lang.Object, java.lang.Object, java.lang.Object, java.lang.Object, java.lang.Object)'> (0x0000000086e8e538) 
thrown [s\src\hotspot\share\interpreter\linkResolver.cpp, line 771]
Event: 9.757 Thread 0x00000187c4e693e0 Exception <a 'java/lang/NoSuchMethodError'{0x0000000086dd7350}: 'java.lang.Object java.lang.invoke.DirectMethodHandle$Holder.newInvokeSpecial(java.lang.Object, java.lang.Object, java.lang.Object, java.lang.Object, int, java.lang.Object)'> (0x0000000086dd7350) 
thrown [s\src\hotspot\share\interpreter\linkResolver.cpp, line 771]
Event: 9.758 Thread 0x00000187c4e693e0 Exception <a 'java/lang/NoSuchMethodError'{0x0000000086de01e0}: 'java.lang.Object java.lang.invoke.Invokers$Holder.linkToTargetMethod(java.lang.Object, java.lang.Object, java.lang.Object, int, java.lang.Object, java.lang.Object)'> (0x0000000086de01e0) 
thrown [s\src\hotspot\share\interpreter\linkResolver.cpp, line 771]
Event: 9.843 Thread 0x00000187c4e693e0 Exception <a 'java/lang/NoSuchMethodError'{0x000000008683b880}: 'java.lang.Object java.lang.invoke.DirectMethodHandle$Holder.invokeSpecialIFC(java.lang.Object, java.lang.Object, java.lang.Object)'> (0x000000008683b880) 
thrown [s\src\hotspot\share\interpreter\linkResolver.cpp, line 771]
Event: 9.951 Thread 0x00000187c6613510 Exception <a 'sun/nio/fs/WindowsException'{0x00000000865433e0}> (0x00000000865433e0) 
thrown [s\src\hotspot\share\prims\jni.cpp, line 517]
Event: 9.952 Thread 0x00000187c6613510 Exception <a 'sun/nio/fs/WindowsException'{0x0000000086543ac0}> (0x0000000086543ac0) 
thrown [s\src\hotspot\share\prims\jni.cpp, line 517]
Event: 9.954 Thread 0x00000187c6613510 Exception <a 'sun/nio/fs/WindowsException'{0x00000000865534f0}> (0x00000000865534f0) 
thrown [s\src\hotspot\share\prims\jni.cpp, line 517]
Event: 9.957 Thread 0x00000187c6613510 Exception <a 'sun/nio/fs/WindowsException'{0x000000008655f538}> (0x000000008655f538) 
thrown [s\src\hotspot\share\prims\jni.cpp, line 517]
Event: 9.968 Thread 0x00000187c4e693e0 Exception <a 'java/lang/ClassNotFoundException'{0x00000000865b2678}: sync_studio_tooling1216_4ia99jt66bcil6qrenmmprlrtBeanInfo> (0x00000000865b2678) 
thrown [s\src\hotspot\share\classfile\systemDictionary.cpp, line 256]
Event: 9.968 Thread 0x00000187c4e693e0 Exception <a 'java/lang/ClassNotFoundException'{0x00000000865b9c68}: sync_studio_tooling1216_4ia99jt66bcil6qrenmmprlrtCustomizer> (0x00000000865b9c68) 
thrown [s\src\hotspot\share\classfile\systemDictionary.cpp, line 256]
Event: 9.997 Thread 0x00000187c4e693e0 Exception <a 'java/lang/ClassNotFoundException'{0x00000000864809a8}: ijInit1_9sal00zdepzdhrm8h29wch649BeanInfo> (0x00000000864809a8) 
thrown [s\src\hotspot\share\classfile\systemDictionary.cpp, line 256]
Event: 9.997 Thread 0x00000187c4e693e0 Exception <a 'java/lang/ClassNotFoundException'{0x00000000864b3338}: ijInit1_9sal00zdepzdhrm8h29wch649Customizer> (0x00000000864b3338) 
thrown [s\src\hotspot\share\classfile\systemDictionary.cpp, line 256]
Event: 10.007 Thread 0x00000187c4e693e0 Exception <a 'java/lang/ClassNotFoundException'{0x0000000086306c18}: ijInit1_9sal00zdepzdhrm8h29wch649$_run_closure1BeanInfo> (0x0000000086306c18) 
thrown [s\src\hotspot\share\classfile\systemDictionary.cpp, line 256]
Event: 10.008 Thread 0x00000187c4e693e0 Exception <a 'java/lang/ClassNotFoundException'{0x000000008630e258}: ijInit1_9sal00zdepzdhrm8h29wch649$_run_closure1Customizer> (0x000000008630e258) 
thrown [s\src\hotspot\share\classfile\systemDictionary.cpp, line 256]
Event: 10.258 Thread 0x00000187c4e693e0 Exception <a 'java/lang/ClassNotFoundException'{0x0000000085b0ae78}: ijInit1_9sal00zdepzdhrm8h29wch649BeanInfo> (0x0000000085b0ae78) 
thrown [s\src\hotspot\share\classfile\systemDictionary.cpp, line 256]
Event: 10.259 Thread 0x00000187c4e693e0 Exception <a 'java/lang/ClassNotFoundException'{0x0000000085b122a8}: ijInit1_9sal00zdepzdhrm8h29wch649Customizer> (0x0000000085b122a8) 
thrown [s\src\hotspot\share\classfile\systemDictionary.cpp, line 256]

VM Operations (20 events):
Event: 8.692 Executing VM operation: HandshakeAllThreads done
Event: 8.938 Executing VM operation: G1CollectForAllocation
Event: 8.948 Executing VM operation: G1CollectForAllocation done
Event: 9.205 Executing VM operation: HandshakeAllThreads
Event: 9.205 Executing VM operation: HandshakeAllThreads done
Event: 9.269 Executing VM operation: HandshakeAllThreads
Event: 9.269 Executing VM operation: HandshakeAllThreads done
Event: 9.278 Executing VM operation: HandshakeAllThreads
Event: 9.278 Executing VM operation: HandshakeAllThreads done
Event: 9.606 Executing VM operation: HandshakeAllThreads
Event: 9.606 Executing VM operation: HandshakeAllThreads done
Event: 9.674 Executing VM operation: G1CollectForAllocation
Event: 9.682 Executing VM operation: G1CollectForAllocation done
Event: 9.735 Executing VM operation: HandshakeAllThreads
Event: 9.735 Executing VM operation: HandshakeAllThreads done
Event: 10.078 Executing VM operation: ICBufferFull
Event: 10.079 Executing VM operation: ICBufferFull done
Event: 10.079 Executing VM operation: ICBufferFull
Event: 10.079 Executing VM operation: ICBufferFull done
Event: 10.278 Executing VM operation: G1TryInitiateConcMark

Events (20 events):
Event: 9.753 loading class sun/reflect/ReflectionFactory$1
Event: 9.753 loading class sun/reflect/ReflectionFactory$1 done
Event: 9.787 Thread 0x00000187c6610780 Thread added: 0x00000187c6610780
Event: 9.789 Thread 0x00000187c6610c90 Thread added: 0x00000187c6610c90
Event: 9.844 Thread 0x00000187c6b548e0 Thread added: 0x00000187c6b548e0
Event: 9.845 Thread 0x00000187c6b56230 Thread added: 0x00000187c6b56230
Event: 9.916 loading class java/util/stream/SortedOps
Event: 9.916 loading class java/util/stream/SortedOps done
Event: 9.917 loading class java/util/stream/SortedOps$OfRef
Event: 9.917 loading class java/util/stream/SortedOps$OfRef done
Event: 9.918 loading class java/util/stream/SortedOps$SizedRefSortingSink
Event: 9.919 loading class java/util/stream/SortedOps$AbstractRefSortingSink
Event: 9.919 loading class java/util/stream/SortedOps$AbstractRefSortingSink done
Event: 9.919 loading class java/util/stream/SortedOps$SizedRefSortingSink done
Event: 10.019 Thread 0x00000187c6b55300 Thread added: 0x00000187c6b55300
Event: 10.020 Thread 0x00000187c6b58fc0 Thread added: 0x00000187c6b58fc0
Event: 10.021 Thread 0x00000187c6b539b0 Thread added: 0x00000187c6b539b0
Event: 10.064 Thread 0x00000187c6b54df0 Thread added: 0x00000187c6b54df0
Event: 10.065 Thread 0x00000187c6b55810 Thread added: 0x00000187c6b55810
Event: 10.065 Thread 0x00000187c6b585a0 Thread added: 0x00000187c6b585a0


Dynamic libraries:
0x00007ff6b9ca0000 - 0x00007ff6b9caa000 	C:\Program Files\Android\Android Studio\jbr\bin\java.exe
0x00007ffdc54f0000 - 0x00007ffdc5707000 	C:\WINDOWS\SYSTEM32\ntdll.dll
0x00007ffdc46c0000 - 0x00007ffdc4784000 	C:\WINDOWS\System32\KERNEL32.DLL
0x00007ffdc29e0000 - 0x00007ffdc2d9a000 	C:\WINDOWS\System32\KERNELBASE.dll
0x00007ffdc30b0000 - 0x00007ffdc31c1000 	C:\WINDOWS\System32\ucrtbase.dll
0x00007ffdb1700000 - 0x00007ffdb171b000 	C:\Program Files\Android\Android Studio\jbr\bin\VCRUNTIME140.dll
0x00007ffdab060000 - 0x00007ffdab077000 	C:\Program Files\Android\Android Studio\jbr\bin\jli.dll
0x00007ffdc3620000 - 0x00007ffdc37ce000 	C:\WINDOWS\System32\USER32.dll
0x00007ffdc28f0000 - 0x00007ffdc2916000 	C:\WINDOWS\System32\win32u.dll
0x00007ffd9dec0000 - 0x00007ffd9e152000 	C:\WINDOWS\WinSxS\amd64_microsoft.windows.common-controls_6595b64144ccf1df_6.0.22621.4541_none_2710d1c57384c085\COMCTL32.dll
0x00007ffdc50f0000 - 0x00007ffdc5197000 	C:\WINDOWS\System32\msvcrt.dll
0x00007ffdc4790000 - 0x00007ffdc47b9000 	C:\WINDOWS\System32\GDI32.dll
0x00007ffdc2da0000 - 0x00007ffdc2ebb000 	C:\WINDOWS\System32\gdi32full.dll
0x00007ffdc2850000 - 0x00007ffdc28ea000 	C:\WINDOWS\System32\msvcp_win.dll
0x00007ffdc35e0000 - 0x00007ffdc3611000 	C:\WINDOWS\System32\IMM32.DLL
0x00007ffdbab00000 - 0x00007ffdbab0c000 	C:\Program Files\Android\Android Studio\jbr\bin\vcruntime140_1.dll
0x00007ffd96410000 - 0x00007ffd9649d000 	C:\Program Files\Android\Android Studio\jbr\bin\msvcp140.dll
0x00007ffd6a2d0000 - 0x00007ffd6af53000 	C:\Program Files\Android\Android Studio\jbr\bin\server\jvm.dll
0x00007ffdc5310000 - 0x00007ffdc53c2000 	C:\WINDOWS\System32\ADVAPI32.dll
0x00007ffdc3200000 - 0x00007ffdc32a7000 	C:\WINDOWS\System32\sechost.dll
0x00007ffdc31d0000 - 0x00007ffdc31f8000 	C:\WINDOWS\System32\bcrypt.dll
0x00007ffdc3a90000 - 0x00007ffdc3ba4000 	C:\WINDOWS\System32\RPCRT4.dll
0x00007ffdbaa60000 - 0x00007ffdbaa69000 	C:\WINDOWS\SYSTEM32\WSOCK32.dll
0x00007ffdb7a60000 - 0x00007ffdb7a94000 	C:\WINDOWS\SYSTEM32\WINMM.dll
0x00007ffdc53d0000 - 0x00007ffdc5441000 	C:\WINDOWS\System32\WS2_32.dll
0x00007ffdb0c50000 - 0x00007ffdb0c5a000 	C:\WINDOWS\SYSTEM32\VERSION.dll
0x00007ffdc26a0000 - 0x00007ffdc26ed000 	C:\WINDOWS\SYSTEM32\POWRPROF.dll
0x00007ffdc2680000 - 0x00007ffdc2693000 	C:\WINDOWS\SYSTEM32\UMPDC.dll
0x00007ffdc17d0000 - 0x00007ffdc17e8000 	C:\WINDOWS\SYSTEM32\kernel.appcore.dll
0x00007ffdbaa30000 - 0x00007ffdbaa3a000 	C:\Program Files\Android\Android Studio\jbr\bin\jimage.dll
0x00007ffdbd020000 - 0x00007ffdbd252000 	C:\WINDOWS\SYSTEM32\DBGHELP.DLL
0x00007ffdc4330000 - 0x00007ffdc46bf000 	C:\WINDOWS\System32\combase.dll
0x00007ffdc3330000 - 0x00007ffdc3407000 	C:\WINDOWS\System32\OLEAUT32.dll
0x00007ffdb1080000 - 0x00007ffdb10b2000 	C:\WINDOWS\SYSTEM32\dbgcore.DLL
0x00007ffdc3030000 - 0x00007ffdc30ab000 	C:\WINDOWS\System32\bcryptPrimitives.dll
0x00007ffdab080000 - 0x00007ffdab08e000 	C:\Program Files\Android\Android Studio\jbr\bin\instrument.dll
0x00007ffdafbf0000 - 0x00007ffdafc15000 	C:\Program Files\Android\Android Studio\jbr\bin\java.dll
0x00007ffdb1170000 - 0x00007ffdb1188000 	C:\Program Files\Android\Android Studio\jbr\bin\zip.dll
0x00007ffdc4870000 - 0x00007ffdc50e8000 	C:\WINDOWS\System32\SHELL32.dll
0x00007ffdc06c0000 - 0x00007ffdc0fc8000 	C:\WINDOWS\SYSTEM32\windows.storage.dll
0x00007ffdc0580000 - 0x00007ffdc06bf000 	C:\WINDOWS\SYSTEM32\wintypes.dll
0x00007ffdc3990000 - 0x00007ffdc3a8a000 	C:\WINDOWS\System32\SHCORE.dll
0x00007ffdc5450000 - 0x00007ffdc54ae000 	C:\WINDOWS\System32\shlwapi.dll
0x00007ffdc2700000 - 0x00007ffdc272b000 	C:\WINDOWS\SYSTEM32\profapi.dll
0x00007ffdae020000 - 0x00007ffdae039000 	C:\Program Files\Android\Android Studio\jbr\bin\net.dll
0x00007ffdb8120000 - 0x00007ffdb8256000 	C:\WINDOWS\SYSTEM32\WINHTTP.dll
0x00007ffdc1c50000 - 0x00007ffdc1cb9000 	C:\WINDOWS\system32\mswsock.dll
0x00007ffdadae0000 - 0x00007ffdadaf6000 	C:\Program Files\Android\Android Studio\jbr\bin\nio.dll
0x00007ffdb0d10000 - 0x00007ffdb0d20000 	C:\Program Files\Android\Android Studio\jbr\bin\verify.dll
0x00007ffda8c40000 - 0x00007ffda8c67000 	C:\Users\lyvtr\.gradle\native\1def1411415f61bf3af743bc5b6707747c0891f09f0c88961ee8f79bc544acac\windows-amd64\native-platform.dll
0x00007ffd8fee0000 - 0x00007ffd8ff58000 	C:\Users\lyvtr\.gradle\native\0.2.7\x86_64-windows-gnu\gradle-fileevents.dll
0x00007ffdabf10000 - 0x00007ffdabf19000 	C:\Program Files\Android\Android Studio\jbr\bin\management.dll
0x00007ffdabf00000 - 0x00007ffdabf0b000 	C:\Program Files\Android\Android Studio\jbr\bin\management_ext.dll
0x00007ffdc3bb0000 - 0x00007ffdc3bb8000 	C:\WINDOWS\System32\PSAPI.DLL
0x00007ffdc1230000 - 0x00007ffdc125d000 	C:\WINDOWS\SYSTEM32\IPHLPAPI.DLL
0x00007ffdc42b0000 - 0x00007ffdc42b9000 	C:\WINDOWS\System32\NSI.dll
0x00007ffdb8100000 - 0x00007ffdb8119000 	C:\WINDOWS\SYSTEM32\dhcpcsvc6.DLL
0x00007ffdb80e0000 - 0x00007ffdb80ff000 	C:\WINDOWS\SYSTEM32\dhcpcsvc.DLL
0x00007ffdc1260000 - 0x00007ffdc1362000 	C:\WINDOWS\SYSTEM32\DNSAPI.dll
0x00007ffdadad0000 - 0x00007ffdadad9000 	C:\Program Files\Android\Android Studio\jbr\bin\extnet.dll
0x00007ffdc1e70000 - 0x00007ffdc1e8b000 	C:\WINDOWS\SYSTEM32\CRYPTSP.dll
0x00007ffdc1730000 - 0x00007ffdc1765000 	C:\WINDOWS\system32\rsaenh.dll
0x00007ffdc1d10000 - 0x00007ffdc1d38000 	C:\WINDOWS\SYSTEM32\USERENV.dll
0x00007ffdc1e90000 - 0x00007ffdc1e9c000 	C:\WINDOWS\SYSTEM32\CRYPTBASE.dll
0x00007ffdb8850000 - 0x00007ffdb8858000 	C:\WINDOWS\system32\wshunix.dll

dbghelp: loaded successfully - version: 4.0.5 - missing functions: none
symbol engine: initialized successfully - sym options: 0x614 - pdb path: .;C:\Program Files\Android\Android Studio\jbr\bin;C:\WINDOWS\SYSTEM32;C:\WINDOWS\WinSxS\amd64_microsoft.windows.common-controls_6595b64144ccf1df_6.0.22621.4541_none_2710d1c57384c085;C:\Program Files\Android\Android Studio\jbr\bin\server;C:\Users\lyvtr\.gradle\native\1def1411415f61bf3af743bc5b6707747c0891f09f0c88961ee8f79bc544acac\windows-amd64;C:\Users\lyvtr\.gradle\native\0.2.7\x86_64-windows-gnu

VM Arguments:
jvm_args: --add-opens=java.base/java.lang=ALL-UNNAMED --add-opens=java.base/java.lang.invoke=ALL-UNNAMED --add-opens=java.base/java.util=ALL-UNNAMED --add-opens=java.prefs/java.util.prefs=ALL-UNNAMED --add-exports=jdk.compiler/com.sun.tools.javac.api=ALL-UNNAMED --add-exports=jdk.compiler/com.sun.tools.javac.util=ALL-UNNAMED --add-opens=java.base/java.util=ALL-UNNAMED --add-opens=java.prefs/java.util.prefs=ALL-UNNAMED --add-opens=java.base/java.nio.charset=ALL-UNNAMED --add-opens=java.base/java.net=ALL-UNNAMED --add-opens=java.base/java.util.concurrent.atomic=ALL-UNNAMED --add-opens=java.xml/javax.xml.namespace=ALL-UNNAMED -Xmx2048m -Dfile.encoding=UTF-8 -Duser.country=US -Duser.language=en -Duser.variant -javaagent:C:\Users\lyvtr\.gradle\wrapper\dists\gradle-8.13-rc-1-bin\adhm0wz4vblkvx5x4y2tseqdw\gradle-8.13-rc-1\lib\agents\gradle-instrumentation-agent-8.13.jar 
java_command: org.gradle.launcher.daemon.bootstrap.GradleDaemon 8.13-rc-1
java_class_path (initial): C:\Users\lyvtr\.gradle\wrapper\dists\gradle-8.13-rc-1-bin\adhm0wz4vblkvx5x4y2tseqdw\gradle-8.13-rc-1\lib\gradle-daemon-main-8.13.jar
Launcher Type: SUN_STANDARD

[Global flags]
     intx CICompilerCount                          = 3                                         {product} {ergonomic}
     uint ConcGCThreads                            = 1                                         {product} {ergonomic}
     uint G1ConcRefinementThreads                  = 4                                         {product} {ergonomic}
   size_t G1HeapRegionSize                         = 1048576                                   {product} {ergonomic}
    uintx GCDrainStackTargetSize                   = 64                                        {product} {ergonomic}
   size_t InitialHeapSize                          = 65011712                                  {product} {ergonomic}
   size_t MarkStackSize                            = 4194304                                   {product} {ergonomic}
   size_t MaxHeapSize                              = 2147483648                                {product} {command line}
   size_t MaxNewSize                               = 1287651328                                {product} {ergonomic}
   size_t MinHeapDeltaBytes                        = 1048576                                   {product} {ergonomic}
   size_t MinHeapSize                              = 8388608                                   {product} {ergonomic}
    uintx NonNMethodCodeHeapSize                   = 5832780                                {pd product} {ergonomic}
    uintx NonProfiledCodeHeapSize                  = 122912730                              {pd product} {ergonomic}
    uintx ProfiledCodeHeapSize                     = 122912730                              {pd product} {ergonomic}
    uintx ReservedCodeCacheSize                    = 251658240                              {pd product} {ergonomic}
     bool SegmentedCodeCache                       = true                                      {product} {ergonomic}
   size_t SoftMaxHeapSize                          = 2147483648                             {manageable} {ergonomic}
     bool UseCompressedClassPointers               = true                           {product lp64_product} {ergonomic}
     bool UseCompressedOops                        = true                           {product lp64_product} {ergonomic}
     bool UseG1GC                                  = true                                      {product} {ergonomic}
     bool UseLargePagesIndividualAllocation        = false                                  {pd product} {ergonomic}

Logging:
Log output configuration:
 #0: stdout all=warning uptime,level,tags
 #1: stderr all=off uptime,level,tags

Environment Variables:
JAVA_HOME=C:\Program Files\Java\jdk-22
PATH=C:\Program Files\National Instruments\Shared\OpenVINO\;C:\Program Files\Common Files\Oracle\Java\javapath;C:\WINDOWS\system32;C:\WINDOWS;C:\WINDOWS\System32\Wbem;C:\WINDOWS\System32\WindowsPowerShell\v1.0\;C:\WINDOWS\System32\OpenSSH\;C:\Program Files\nodejs\;C:\Program Files\Git\cmd;C:\Users\lyvtr\AppData\Local\Microsoft\WindowsApps;C:\Users\lyvtr\AppData\Roaming\npm;C:\Users\lyvtr\AppData\Local\Programs\Microsoft VS Code\bin;C:\Users\lyvtr\anaconda3\Library;C:\Program Files\Java\jdk-22\bin;
USERNAME=lyvtr
OS=Windows_NT
PROCESSOR_IDENTIFIER=Intel64 Family 6 Model 142 Stepping 11, GenuineIntel
TMP=C:\Users\lyvtr\AppData\Local\Temp
TEMP=C:\Users\lyvtr\AppData\Local\Temp



Periodic native trim disabled

JNI global refs:
JNI global refs: 25, weak refs: 0

JNI global refs memory usage: 843, weak refs: 841

OOME stack traces (most recent first):
Classloader memory used:
Loader org.gradle.internal.classloader.VisitableURLClassLoader                         : 3257K
Loader bootstrap                                                                       : 2415K
Loader org.gradle.initialization.MixInLegacyTypesClassLoader                           : 794K
Loader jdk.internal.loader.ClassLoaders$PlatformClassLoader                            : 65597B
Loader org.gradle.internal.classloader.VisitableURLClassLoader                         : 54544B
Loader jdk.internal.loader.ClassLoaders$AppClassLoader                                 : 29361B
Loader jdk.internal.reflect.DelegatingClassLoader                                      : 25358B
Loader org.gradle.groovy.scripts.internal.DefaultScriptCompilationHandler$ScriptClassLoader: 9686B
Loader org.codehaus.groovy.runtime.callsite.CallSiteClassLoader                        : 876B

Classes loaded by more than one classloader:
Class org.gradle.api.GradleException                                                  : loaded 3 times (x 80B)
Class org.gradle.util.GradleVersion                                                   : loaded 2 times (x 81B)
Class org.gradle.internal.classpath.ClassPath                                         : loaded 2 times (x 68B)
Class org.gradle.api.internal.classpath.DefaultModuleRegistry                         : loaded 2 times (x 84B)
Class org.gradle.internal.exceptions.NonGradleCauseExceptionsHolder                   : loaded 2 times (x 68B)
Class org.gradle.api.Action                                                           : loaded 2 times (x 68B)
Class org.gradle.api.internal.DefaultClassPathProvider                                : loaded 2 times (x 74B)
Class org.gradle.internal.installation.GradleInstallation$1                           : loaded 2 times (x 73B)
Class org.gradle.internal.exceptions.DefaultMultiCauseException                       : loaded 2 times (x 89B)
Class org.gradle.internal.time.MonotonicClock                                         : loaded 2 times (x 75B)
Class org.gradle.internal.classloader.FilteringClassLoader                            : loaded 2 times (x 103B)
Class org.gradle.internal.classpath.DefaultClassPath$ImmutableUniqueList$Builder      : loaded 2 times (x 73B)
Class org.gradle.internal.classloader.ClassLoaderVisitor                              : loaded 2 times (x 74B)
Class org.gradle.internal.time.DefaultCountdownTimer                                  : loaded 2 times (x 86B)
Class org.gradle.internal.service.DefaultServiceLocator                               : loaded 2 times (x 81B)
Class org.gradle.internal.service.UnknownServiceException                             : loaded 2 times (x 81B)
Class org.gradle.internal.classloader.DefaultClassLoaderFactory                       : loaded 2 times (x 80B)
Class org.gradle.internal.classloader.VisitableURLClassLoader$Spec                    : loaded 2 times (x 72B)
Class org.gradle.tooling.model.ProjectModel                                           : loaded 2 times (x 68B)
Class org.gradle.internal.installation.GradleInstallation                             : loaded 2 times (x 73B)
Class org.gradle.api.internal.classpath.ModuleRegistry                                : loaded 2 times (x 68B)
Class kotlin.jvm.internal.markers.KMappedMarker                                       : loaded 2 times (x 68B)
Class org.gradle.api.internal.ClassPathProvider                                       : loaded 2 times (x 68B)
Class org.gradle.internal.classloader.ClasspathUtil$1                                 : loaded 2 times (x 74B)
Class org.gradle.internal.classloader.ClassLoaderFactory                              : loaded 2 times (x 68B)
Class org.gradle.api.internal.classpath.ManifestUtil                                  : loaded 2 times (x 69B)
Class org.gradle.api.specs.Spec                                                       : loaded 2 times (x 68B)
Class org.gradle.internal.IoActions                                                   : loaded 2 times (x 69B)
Class org.gradle.api.internal.classpath.EffectiveClassPath                            : loaded 2 times (x 88B)
Class org.gradle.internal.installation.CurrentGradleInstallation                      : loaded 2 times (x 71B)
Class org.gradle.internal.installation.CurrentGradleInstallationLocator               : loaded 2 times (x 69B)
Class org.gradle.api.internal.classpath.Module                                        : loaded 2 times (x 68B)
Class org.gradle.internal.service.CachingServiceLocator                               : loaded 2 times (x 80B)
Class org.gradle.internal.time.Timer                                                  : loaded 2 times (x 68B)
Class org.gradle.internal.classpath.DefaultClassPath                                  : loaded 2 times (x 88B)
Class kotlin.jvm.functions.Function1                                                  : loaded 2 times (x 68B)
Class org.gradle.internal.time.Time                                                   : loaded 2 times (x 69B)
Class org.gradle.internal.time.TimeSource$1                                           : loaded 2 times (x 75B)
Class org.gradle.internal.classloader.SystemClassLoaderSpec                           : loaded 2 times (x 69B)
Class kotlin.Function                                                                 : loaded 2 times (x 68B)
Class org.gradle.api.UncheckedIOException                                             : loaded 2 times (x 80B)
Class sync_studio_tooling1216_4ia99jt66bcil6qrenmmprlrt                               : loaded 2 times (x 177B)
Class org.gradle.api.internal.classpath.GlobalCacheRootsProvider                      : loaded 2 times (x 68B)
Class org.gradle.internal.time.CountdownTimer                                         : loaded 2 times (x 68B)
Class org.gradle.internal.time.Clock                                                  : loaded 2 times (x 68B)
Class org.gradle.internal.classloader.ClasspathUtil                                   : loaded 2 times (x 69B)
Class org.gradle.api.internal.DefaultClassPathRegistry                                : loaded 2 times (x 74B)
Class org.gradle.api.internal.classpath.DefaultModuleRegistry$DefaultModule           : loaded 2 times (x 84B)
Class org.gradle.internal.time.TimeSource                                             : loaded 2 times (x 68B)
Class org.gradle.api.internal.classpath.UnknownModuleException                        : loaded 2 times (x 80B)
Class org.gradle.internal.service.ServiceLookupException                              : loaded 2 times (x 80B)
Class [Lorg.gradle.api.internal.ClassPathProvider;                                    : loaded 2 times (x 67B)
Class org.gradle.internal.operations.MultipleBuildOperationFailures                   : loaded 2 times (x 89B)
Class org.gradle.util.internal.GUtil                                                  : loaded 2 times (x 69B)
Class org.gradle.internal.classloader.ClassLoaderSpec                                 : loaded 2 times (x 69B)
Class org.gradle.internal.classloader.InstrumentingClassLoader                        : loaded 2 times (x 68B)
Class org.gradle.internal.classloader.VisitableURLClassLoader                         : loaded 2 times (x 115B)
Class org.gradle.internal.Cast                                                        : loaded 2 times (x 69B)
Class org.gradle.api.internal.ClassPathRegistry                                       : loaded 2 times (x 68B)
Class org.gradle.internal.classloader.VisitableURLClassLoader$InstrumentingVisitableURLClassLoader: loaded 2 times (x 121B)
Class org.gradle.internal.classloader.ClassLoaderHierarchy                            : loaded 2 times (x 68B)
Class org.gradle.internal.exceptions.MultiCauseException                              : loaded 2 times (x 68B)
Class org.gradle.internal.InternalTransformer                                         : loaded 2 times (x 68B)
Class org.gradle.internal.service.ServiceLocator                                      : loaded 2 times (x 68B)
Class org.gradle.internal.classpath.DefaultClassPath$ImmutableUniqueList              : loaded 2 times (x 159B)
Class org.gradle.internal.time.DefaultTimer                                           : loaded 2 times (x 78B)
Class sync_studio_tooling1216_4ia99jt66bcil6qrenmmprlrt$_run_closure1                 : loaded 2 times (x 137B)
Class org.gradle.internal.classpath.TransformedClassPath                              : loaded 2 times (x 94B)
Class ijInit1_9sal00zdepzdhrm8h29wch649                                               : loaded 2 times (x 177B)


---------------  S Y S T E M  ---------------

OS:
 Windows 11 , 64 bit Build 22621 (10.0.22621.4391)
OS uptime: 28 days 9:13 hours
Hyper-V role detected

CPU: total 4 (initial active 4) (2 cores per cpu, 2 threads per core) family 6 model 142 stepping 11 microcode 0xde, cx8, cmov, fxsr, ht, mmx, 3dnowpref, sse, sse2, sse3, ssse3, sse4.1, sse4.2, popcnt, lzcnt, tsc, tscinvbit, avx, avx2, aes, erms, clmul, bmi1, bmi2, adx, fma, vzeroupper, clflush, clflushopt, hv
Processor Information for all 4 processors :
  Max Mhz: 2304, Current Mhz: 2103, Mhz Limit: 2096

Memory: 4k page, system-wide physical 3953M (275M free)
TotalPageFile size 16241M (AvailPageFile size 35M)
current process WorkingSet (physical memory assigned to process): 294M, peak: 294M
current process commit charge ("private bytes"): 320M, peak: 459M

vm_info: OpenJDK 64-Bit Server VM (17.0.10+0--11572160) for windows-amd64 JRE (17.0.10+0--11572160), built on Mar 13 2024 23:56:38 by "androidbuild" with MS VC++ 16.10 / 16.11 (VS2019)

END.
